2023-05-22T17:29:01+00:00 CRITICAL Uncaught Error: Call to a member function get_query_args() on null in /var/www/html/wp-content/themes/woo-vanilla/woocommerce/archive-product.php:79
Stack trace:
#0 /var/www/html/wp-includes/template-loader.php(106): include()
#1 /var/www/html/wp-blog-header.php(19): require_once('/var/www/html/w...')
#2 /var/www/html/index.php(17): require('/var/www/html/w...')
#3 {main}
  thrown в /var/www/html/wp-content/themes/woo-vanilla/woocommerce/archive-product.php на строке 79

2023-05-22T17:34:07+00:00 CRITICAL Uncaught Error: Class "WVE_Shortcode_Products" not found in /var/www/html/wp-content/themes/woo-vanilla/woocommerce/archive-product.php:80
Stack trace:
#0 /var/www/html/wp-includes/template-loader.php(106): include()
#1 /var/www/html/wp-blog-header.php(19): require_once('/var/www/html/w...')
#2 /var/www/html/index.php(17): require('/var/www/html/w...')
#3 {main}
  thrown в /var/www/html/wp-content/themes/woo-vanilla/woocommerce/archive-product.php на строке 80

2023-05-22T17:34:36+00:00 CRITICAL Uncaught Error: Class "WVE_Shortcode_Products" not found in /var/www/html/wp-content/themes/woo-vanilla/woocommerce/archive-product.php:80
Stack trace:
#0 /var/www/html/wp-includes/template-loader.php(106): include()
#1 /var/www/html/wp-blog-header.php(19): require_once('/var/www/html/w...')
#2 /var/www/html/index.php(17): require('/var/www/html/w...')
#3 {main}
  thrown в /var/www/html/wp-content/themes/woo-vanilla/woocommerce/archive-product.php на строке 80

2023-05-22T18:19:43+00:00 CRITICAL Uncaught Error: Call to a member function get_query_args() on null in /var/www/html/wp-content/themes/woo-vanilla/woocommerce/archive-product.php:80
Stack trace:
#0 /var/www/html/wp-includes/template-loader.php(106): include()
#1 /var/www/html/wp-blog-header.php(19): require_once('/var/www/html/w...')
#2 /var/www/html/index.php(17): require('/var/www/html/w...')
#3 {main}
  thrown в /var/www/html/wp-content/themes/woo-vanilla/woocommerce/archive-product.php на строке 80

