2023-03-19T21:14:13+00:00 CRITICAL Uncaught Error: Cannot use object of type WP_Post as array in /var/www/html/wp-content/themes/woo-vanilla/views/public/components/header/header-nav-menu.php:29
Stack trace:
#0 /var/www/html/wp-includes/template.php(785): require()
#1 /var/www/html/wp-includes/template.php(718): load_template('/var/www/html/w...', false, Array)
#2 /var/www/html/wp-includes/general-template.php(204): locate_template(Array, true, false, Array)
#3 /var/www/html/wp-content/themes/woo-vanilla/header.php(42): get_template_part('views/public/co...')
#4 /var/www/html/wp-includes/template.php(783): require_once('/var/www/html/w...')
#5 /var/www/html/wp-includes/template.php(718): load_template('/var/www/html/w...', true, Array)
#6 /var/www/html/wp-includes/general-template.php(48): locate_template(Array, true, true, Array)
#7 /var/www/html/wp-content/themes/woo-vanilla/page.php(15): get_header()
#8 /var/www/html/wp-includes/template-loader.php(106): include('/var/www/html/w...')
#9 /var/www/html/wp-blog-header.php(19): require_once('/var/www/html/w...')
#10 /var/www/html/index.php(17): require('/var/www/html/w...')
#11 {main}
  thrown в /var/www/html/wp-content/themes/woo-vanilla/views/public/components/header/header-nav-menu.php на строке 29

2023-03-19T21:16:02+00:00 CRITICAL Uncaught Error: Cannot use object of type WP_Post as array in /var/www/html/wp-content/themes/woo-vanilla/views/public/components/header/header-nav-menu.php:29
Stack trace:
#0 /var/www/html/wp-includes/template.php(785): require()
#1 /var/www/html/wp-includes/template.php(718): load_template('/var/www/html/w...', false, Array)
#2 /var/www/html/wp-includes/general-template.php(204): locate_template(Array, true, false, Array)
#3 /var/www/html/wp-content/themes/woo-vanilla/header.php(42): get_template_part('views/public/co...')
#4 /var/www/html/wp-includes/template.php(783): require_once('/var/www/html/w...')
#5 /var/www/html/wp-includes/template.php(718): load_template('/var/www/html/w...', true, Array)
#6 /var/www/html/wp-includes/general-template.php(48): locate_template(Array, true, true, Array)
#7 /var/www/html/wp-content/themes/woo-vanilla/page.php(15): get_header()
#8 /var/www/html/wp-includes/template-loader.php(106): include('/var/www/html/w...')
#9 /var/www/html/wp-blog-header.php(19): require_once('/var/www/html/w...')
#10 /var/www/html/index.php(17): require('/var/www/html/w...')
#11 {main}
  thrown в /var/www/html/wp-content/themes/woo-vanilla/views/public/components/header/header-nav-menu.php на строке 29

2023-03-19T21:16:26+00:00 CRITICAL Uncaught Error: Cannot use object of type WP_Post as array in /var/www/html/wp-content/themes/woo-vanilla/views/public/components/header/header-nav-menu.php:29
Stack trace:
#0 /var/www/html/wp-includes/template.php(785): require()
#1 /var/www/html/wp-includes/template.php(718): load_template('/var/www/html/w...', false, Array)
#2 /var/www/html/wp-includes/general-template.php(204): locate_template(Array, true, false, Array)
#3 /var/www/html/wp-content/themes/woo-vanilla/header.php(42): get_template_part('views/public/co...')
#4 /var/www/html/wp-includes/template.php(783): require_once('/var/www/html/w...')
#5 /var/www/html/wp-includes/template.php(718): load_template('/var/www/html/w...', true, Array)
#6 /var/www/html/wp-includes/general-template.php(48): locate_template(Array, true, true, Array)
#7 /var/www/html/wp-content/themes/woo-vanilla/page.php(15): get_header()
#8 /var/www/html/wp-includes/template-loader.php(106): include('/var/www/html/w...')
#9 /var/www/html/wp-blog-header.php(19): require_once('/var/www/html/w...')
#10 /var/www/html/index.php(17): require('/var/www/html/w...')
#11 {main}
  thrown в /var/www/html/wp-content/themes/woo-vanilla/views/public/components/header/header-nav-menu.php на строке 29

2023-03-19T21:17:03+00:00 CRITICAL Uncaught Error: Cannot use object of type WP_Post as array in /var/www/html/wp-content/themes/woo-vanilla/views/public/components/header/header-nav-menu.php:29
Stack trace:
#0 /var/www/html/wp-includes/template.php(785): require()
#1 /var/www/html/wp-includes/template.php(718): load_template('/var/www/html/w...', false, Array)
#2 /var/www/html/wp-includes/general-template.php(204): locate_template(Array, true, false, Array)
#3 /var/www/html/wp-content/themes/woo-vanilla/header.php(42): get_template_part('views/public/co...')
#4 /var/www/html/wp-includes/template.php(783): require_once('/var/www/html/w...')
#5 /var/www/html/wp-includes/template.php(718): load_template('/var/www/html/w...', true, Array)
#6 /var/www/html/wp-includes/general-template.php(48): locate_template(Array, true, true, Array)
#7 /var/www/html/wp-content/themes/woo-vanilla/page.php(15): get_header()
#8 /var/www/html/wp-includes/template-loader.php(106): include('/var/www/html/w...')
#9 /var/www/html/wp-blog-header.php(19): require_once('/var/www/html/w...')
#10 /var/www/html/index.php(17): require('/var/www/html/w...')
#11 {main}
  thrown в /var/www/html/wp-content/themes/woo-vanilla/views/public/components/header/header-nav-menu.php на строке 29

2023-03-19T21:17:22+00:00 CRITICAL Uncaught Error: Cannot use object of type WP_Post as array in /var/www/html/wp-content/themes/woo-vanilla/views/public/components/header/header-nav-menu.php:29
Stack trace:
#0 /var/www/html/wp-includes/template.php(785): require()
#1 /var/www/html/wp-includes/template.php(718): load_template('/var/www/html/w...', false, Array)
#2 /var/www/html/wp-includes/general-template.php(204): locate_template(Array, true, false, Array)
#3 /var/www/html/wp-content/themes/woo-vanilla/header.php(42): get_template_part('views/public/co...')
#4 /var/www/html/wp-includes/template.php(783): require_once('/var/www/html/w...')
#5 /var/www/html/wp-includes/template.php(718): load_template('/var/www/html/w...', true, Array)
#6 /var/www/html/wp-includes/general-template.php(48): locate_template(Array, true, true, Array)
#7 /var/www/html/wp-content/themes/woo-vanilla/page.php(15): get_header()
#8 /var/www/html/wp-includes/template-loader.php(106): include('/var/www/html/w...')
#9 /var/www/html/wp-blog-header.php(19): require_once('/var/www/html/w...')
#10 /var/www/html/index.php(17): require('/var/www/html/w...')
#11 {main}
  thrown в /var/www/html/wp-content/themes/woo-vanilla/views/public/components/header/header-nav-menu.php на строке 29

2023-03-19T21:18:35+00:00 CRITICAL Uncaught Error: Cannot use object of type WP_Post as array in /var/www/html/wp-content/themes/woo-vanilla/views/public/components/header/header-nav-menu.php:29
Stack trace:
#0 /var/www/html/wp-includes/template.php(785): require()
#1 /var/www/html/wp-includes/template.php(718): load_template('/var/www/html/w...', false, Array)
#2 /var/www/html/wp-includes/general-template.php(204): locate_template(Array, true, false, Array)
#3 /var/www/html/wp-content/themes/woo-vanilla/header.php(42): get_template_part('views/public/co...')
#4 /var/www/html/wp-includes/template.php(783): require_once('/var/www/html/w...')
#5 /var/www/html/wp-includes/template.php(718): load_template('/var/www/html/w...', true, Array)
#6 /var/www/html/wp-includes/general-template.php(48): locate_template(Array, true, true, Array)
#7 /var/www/html/wp-content/themes/woo-vanilla/page.php(15): get_header()
#8 /var/www/html/wp-includes/template-loader.php(106): include('/var/www/html/w...')
#9 /var/www/html/wp-blog-header.php(19): require_once('/var/www/html/w...')
#10 /var/www/html/index.php(17): require('/var/www/html/w...')
#11 {main}
  thrown в /var/www/html/wp-content/themes/woo-vanilla/views/public/components/header/header-nav-menu.php на строке 29

2023-03-19T21:20:22+00:00 CRITICAL Uncaught Error: Cannot use object of type WP_Post as array in /var/www/html/wp-content/themes/woo-vanilla/views/public/components/header/header-nav-menu.php:29
Stack trace:
#0 /var/www/html/wp-includes/template.php(785): require()
#1 /var/www/html/wp-includes/template.php(718): load_template('/var/www/html/w...', false, Array)
#2 /var/www/html/wp-includes/general-template.php(204): locate_template(Array, true, false, Array)
#3 /var/www/html/wp-content/themes/woo-vanilla/header.php(42): get_template_part('views/public/co...')
#4 /var/www/html/wp-includes/template.php(783): require_once('/var/www/html/w...')
#5 /var/www/html/wp-includes/template.php(718): load_template('/var/www/html/w...', true, Array)
#6 /var/www/html/wp-includes/general-template.php(48): locate_template(Array, true, true, Array)
#7 /var/www/html/wp-content/themes/woo-vanilla/page.php(15): get_header()
#8 /var/www/html/wp-includes/template-loader.php(106): include('/var/www/html/w...')
#9 /var/www/html/wp-blog-header.php(19): require_once('/var/www/html/w...')
#10 /var/www/html/index.php(17): require('/var/www/html/w...')
#11 {main}
  thrown в /var/www/html/wp-content/themes/woo-vanilla/views/public/components/header/header-nav-menu.php на строке 29

2023-03-19T21:21:06+00:00 CRITICAL Uncaught Error: Cannot use object of type WP_Post as array in /var/www/html/wp-content/themes/woo-vanilla/views/public/components/header/header-nav-menu.php:29
Stack trace:
#0 /var/www/html/wp-includes/template.php(785): require()
#1 /var/www/html/wp-includes/template.php(718): load_template('/var/www/html/w...', false, Array)
#2 /var/www/html/wp-includes/general-template.php(204): locate_template(Array, true, false, Array)
#3 /var/www/html/wp-content/themes/woo-vanilla/header.php(42): get_template_part('views/public/co...')
#4 /var/www/html/wp-includes/template.php(783): require_once('/var/www/html/w...')
#5 /var/www/html/wp-includes/template.php(718): load_template('/var/www/html/w...', true, Array)
#6 /var/www/html/wp-includes/general-template.php(48): locate_template(Array, true, true, Array)
#7 /var/www/html/wp-content/themes/woo-vanilla/page.php(15): get_header()
#8 /var/www/html/wp-includes/template-loader.php(106): include('/var/www/html/w...')
#9 /var/www/html/wp-blog-header.php(19): require_once('/var/www/html/w...')
#10 /var/www/html/index.php(17): require('/var/www/html/w...')
#11 {main}
  thrown в /var/www/html/wp-content/themes/woo-vanilla/views/public/components/header/header-nav-menu.php на строке 29

2023-03-19T21:21:48+00:00 CRITICAL Uncaught Error: Cannot use object of type WP_Post as array in /var/www/html/wp-content/themes/woo-vanilla/views/public/components/header/header-nav-menu.php:31
Stack trace:
#0 /var/www/html/wp-includes/template.php(785): require()
#1 /var/www/html/wp-includes/template.php(718): load_template('/var/www/html/w...', false, Array)
#2 /var/www/html/wp-includes/general-template.php(204): locate_template(Array, true, false, Array)
#3 /var/www/html/wp-content/themes/woo-vanilla/header.php(42): get_template_part('views/public/co...')
#4 /var/www/html/wp-includes/template.php(783): require_once('/var/www/html/w...')
#5 /var/www/html/wp-includes/template.php(718): load_template('/var/www/html/w...', true, Array)
#6 /var/www/html/wp-includes/general-template.php(48): locate_template(Array, true, true, Array)
#7 /var/www/html/wp-content/themes/woo-vanilla/page.php(15): get_header()
#8 /var/www/html/wp-includes/template-loader.php(106): include('/var/www/html/w...')
#9 /var/www/html/wp-blog-header.php(19): require_once('/var/www/html/w...')
#10 /var/www/html/index.php(17): require('/var/www/html/w...')
#11 {main}
  thrown в /var/www/html/wp-content/themes/woo-vanilla/views/public/components/header/header-nav-menu.php на строке 31

2023-03-19T21:23:26+00:00 CRITICAL Uncaught Error: Cannot use object of type WP_Post as array in /var/www/html/wp-content/themes/woo-vanilla/views/public/components/header/header-nav-menu.php:31
Stack trace:
#0 /var/www/html/wp-includes/template.php(785): require()
#1 /var/www/html/wp-includes/template.php(718): load_template('/var/www/html/w...', false, Array)
#2 /var/www/html/wp-includes/general-template.php(204): locate_template(Array, true, false, Array)
#3 /var/www/html/wp-content/themes/woo-vanilla/header.php(42): get_template_part('views/public/co...')
#4 /var/www/html/wp-includes/template.php(783): require_once('/var/www/html/w...')
#5 /var/www/html/wp-includes/template.php(718): load_template('/var/www/html/w...', true, Array)
#6 /var/www/html/wp-includes/general-template.php(48): locate_template(Array, true, true, Array)
#7 /var/www/html/wp-content/themes/woo-vanilla/page.php(15): get_header()
#8 /var/www/html/wp-includes/template-loader.php(106): include('/var/www/html/w...')
#9 /var/www/html/wp-blog-header.php(19): require_once('/var/www/html/w...')
#10 /var/www/html/index.php(17): require('/var/www/html/w...')
#11 {main}
  thrown в /var/www/html/wp-content/themes/woo-vanilla/views/public/components/header/header-nav-menu.php на строке 31

2023-03-19T21:23:48+00:00 CRITICAL Uncaught Error: Cannot use object of type WP_Post as array in /var/www/html/wp-content/themes/woo-vanilla/views/public/components/header/header-nav-menu.php:28
Stack trace:
#0 /var/www/html/wp-includes/template.php(785): require()
#1 /var/www/html/wp-includes/template.php(718): load_template('/var/www/html/w...', false, Array)
#2 /var/www/html/wp-includes/general-template.php(204): locate_template(Array, true, false, Array)
#3 /var/www/html/wp-content/themes/woo-vanilla/header.php(42): get_template_part('views/public/co...')
#4 /var/www/html/wp-includes/template.php(783): require_once('/var/www/html/w...')
#5 /var/www/html/wp-includes/template.php(718): load_template('/var/www/html/w...', true, Array)
#6 /var/www/html/wp-includes/general-template.php(48): locate_template(Array, true, true, Array)
#7 /var/www/html/wp-content/themes/woo-vanilla/page.php(15): get_header()
#8 /var/www/html/wp-includes/template-loader.php(106): include('/var/www/html/w...')
#9 /var/www/html/wp-blog-header.php(19): require_once('/var/www/html/w...')
#10 /var/www/html/index.php(17): require('/var/www/html/w...')
#11 {main}
  thrown в /var/www/html/wp-content/themes/woo-vanilla/views/public/components/header/header-nav-menu.php на строке 28

2023-03-19T21:24:50+00:00 CRITICAL Uncaught Error: Cannot use object of type WP_Post as array in /var/www/html/wp-content/themes/woo-vanilla/views/public/components/header/header-nav-menu.php:31
Stack trace:
#0 /var/www/html/wp-includes/template.php(785): require()
#1 /var/www/html/wp-includes/template.php(718): load_template('/var/www/html/w...', false, Array)
#2 /var/www/html/wp-includes/general-template.php(204): locate_template(Array, true, false, Array)
#3 /var/www/html/wp-content/themes/woo-vanilla/header.php(42): get_template_part('views/public/co...')
#4 /var/www/html/wp-includes/template.php(783): require_once('/var/www/html/w...')
#5 /var/www/html/wp-includes/template.php(718): load_template('/var/www/html/w...', true, Array)
#6 /var/www/html/wp-includes/general-template.php(48): locate_template(Array, true, true, Array)
#7 /var/www/html/wp-content/themes/woo-vanilla/page.php(15): get_header()
#8 /var/www/html/wp-includes/template-loader.php(106): include('/var/www/html/w...')
#9 /var/www/html/wp-blog-header.php(19): require_once('/var/www/html/w...')
#10 /var/www/html/index.php(17): require('/var/www/html/w...')
#11 {main}
  thrown в /var/www/html/wp-content/themes/woo-vanilla/views/public/components/header/header-nav-menu.php на строке 31

2023-03-19T21:30:36+00:00 CRITICAL Uncaught Error: Cannot use object of type WP_Post as array in /var/www/html/wp-content/themes/woo-vanilla/views/public/components/header/header-nav-menu.php:31
Stack trace:
#0 /var/www/html/wp-includes/template.php(785): require()
#1 /var/www/html/wp-includes/template.php(718): load_template('/var/www/html/w...', false, Array)
#2 /var/www/html/wp-includes/general-template.php(204): locate_template(Array, true, false, Array)
#3 /var/www/html/wp-content/themes/woo-vanilla/header.php(42): get_template_part('views/public/co...')
#4 /var/www/html/wp-includes/template.php(783): require_once('/var/www/html/w...')
#5 /var/www/html/wp-includes/template.php(718): load_template('/var/www/html/w...', true, Array)
#6 /var/www/html/wp-includes/general-template.php(48): locate_template(Array, true, true, Array)
#7 /var/www/html/wp-content/themes/woo-vanilla/page.php(15): get_header()
#8 /var/www/html/wp-includes/template-loader.php(106): include('/var/www/html/w...')
#9 /var/www/html/wp-blog-header.php(19): require_once('/var/www/html/w...')
#10 /var/www/html/index.php(17): require('/var/www/html/w...')
#11 {main}
  thrown в /var/www/html/wp-content/themes/woo-vanilla/views/public/components/header/header-nav-menu.php на строке 31

2023-03-19T21:31:12+00:00 CRITICAL Uncaught Error: Cannot use object of type WP_Post as array in /var/www/html/wp-content/themes/woo-vanilla/views/public/components/header/header-nav-menu.php:31
Stack trace:
#0 /var/www/html/wp-includes/template.php(785): require()
#1 /var/www/html/wp-includes/template.php(718): load_template('/var/www/html/w...', false, Array)
#2 /var/www/html/wp-includes/general-template.php(204): locate_template(Array, true, false, Array)
#3 /var/www/html/wp-content/themes/woo-vanilla/header.php(42): get_template_part('views/public/co...')
#4 /var/www/html/wp-includes/template.php(783): require_once('/var/www/html/w...')
#5 /var/www/html/wp-includes/template.php(718): load_template('/var/www/html/w...', true, Array)
#6 /var/www/html/wp-includes/general-template.php(48): locate_template(Array, true, true, Array)
#7 /var/www/html/wp-content/themes/woo-vanilla/page.php(15): get_header()
#8 /var/www/html/wp-includes/template-loader.php(106): include('/var/www/html/w...')
#9 /var/www/html/wp-blog-header.php(19): require_once('/var/www/html/w...')
#10 /var/www/html/index.php(17): require('/var/www/html/w...')
#11 {main}
  thrown в /var/www/html/wp-content/themes/woo-vanilla/views/public/components/header/header-nav-menu.php на строке 31

2023-03-19T21:32:09+00:00 CRITICAL Uncaught Error: Cannot use object of type WP_Post as array in /var/www/html/wp-content/themes/woo-vanilla/views/public/components/header/header-nav-menu.php:31
Stack trace:
#0 /var/www/html/wp-includes/template.php(785): require()
#1 /var/www/html/wp-includes/template.php(718): load_template('/var/www/html/w...', false, Array)
#2 /var/www/html/wp-includes/general-template.php(204): locate_template(Array, true, false, Array)
#3 /var/www/html/wp-content/themes/woo-vanilla/header.php(42): get_template_part('views/public/co...')
#4 /var/www/html/wp-includes/template.php(783): require_once('/var/www/html/w...')
#5 /var/www/html/wp-includes/template.php(718): load_template('/var/www/html/w...', true, Array)
#6 /var/www/html/wp-includes/general-template.php(48): locate_template(Array, true, true, Array)
#7 /var/www/html/wp-content/themes/woo-vanilla/page.php(15): get_header()
#8 /var/www/html/wp-includes/template-loader.php(106): include('/var/www/html/w...')
#9 /var/www/html/wp-blog-header.php(19): require_once('/var/www/html/w...')
#10 /var/www/html/index.php(17): require('/var/www/html/w...')
#11 {main}
  thrown в /var/www/html/wp-content/themes/woo-vanilla/views/public/components/header/header-nav-menu.php на строке 31

2023-03-19T21:32:27+00:00 CRITICAL Uncaught Error: Cannot use object of type WP_Post as array in /var/www/html/wp-content/themes/woo-vanilla/views/public/components/header/header-nav-menu.php:31
Stack trace:
#0 /var/www/html/wp-includes/template.php(785): require()
#1 /var/www/html/wp-includes/template.php(718): load_template('/var/www/html/w...', false, Array)
#2 /var/www/html/wp-includes/general-template.php(204): locate_template(Array, true, false, Array)
#3 /var/www/html/wp-content/themes/woo-vanilla/header.php(42): get_template_part('views/public/co...')
#4 /var/www/html/wp-includes/template.php(783): require_once('/var/www/html/w...')
#5 /var/www/html/wp-includes/template.php(718): load_template('/var/www/html/w...', true, Array)
#6 /var/www/html/wp-includes/general-template.php(48): locate_template(Array, true, true, Array)
#7 /var/www/html/wp-content/themes/woo-vanilla/page.php(15): get_header()
#8 /var/www/html/wp-includes/template-loader.php(106): include('/var/www/html/w...')
#9 /var/www/html/wp-blog-header.php(19): require_once('/var/www/html/w...')
#10 /var/www/html/index.php(17): require('/var/www/html/w...')
#11 {main}
  thrown в /var/www/html/wp-content/themes/woo-vanilla/views/public/components/header/header-nav-menu.php на строке 31

2023-03-19T21:34:04+00:00 CRITICAL syntax error, unexpected token "if" в /var/www/html/wp-content/themes/woo-vanilla/functions.php на строке 15

2023-03-19T21:34:05+00:00 CRITICAL syntax error, unexpected token "if" в /var/www/html/wp-content/themes/woo-vanilla/functions.php на строке 15

2023-03-19T21:34:20+00:00 CRITICAL Uncaught Error: Cannot use object of type WP_Post as array in /var/www/html/wp-content/themes/woo-vanilla/views/public/components/header/header-nav-menu.php:31
Stack trace:
#0 /var/www/html/wp-includes/template.php(785): require()
#1 /var/www/html/wp-includes/template.php(718): load_template('/var/www/html/w...', false, Array)
#2 /var/www/html/wp-includes/general-template.php(204): locate_template(Array, true, false, Array)
#3 /var/www/html/wp-content/themes/woo-vanilla/header.php(42): get_template_part('views/public/co...')
#4 /var/www/html/wp-includes/template.php(783): require_once('/var/www/html/w...')
#5 /var/www/html/wp-includes/template.php(718): load_template('/var/www/html/w...', true, Array)
#6 /var/www/html/wp-includes/general-template.php(48): locate_template(Array, true, true, Array)
#7 /var/www/html/wp-content/themes/woo-vanilla/page.php(15): get_header()
#8 /var/www/html/wp-includes/template-loader.php(106): include('/var/www/html/w...')
#9 /var/www/html/wp-blog-header.php(19): require_once('/var/www/html/w...')
#10 /var/www/html/index.php(17): require('/var/www/html/w...')
#11 {main}
  thrown в /var/www/html/wp-content/themes/woo-vanilla/views/public/components/header/header-nav-menu.php на строке 31

