2023-05-16T14:21:37+00:00 CRITICAL Uncaught Error: Call to a member function get_variation() on string in /var/www/html/wp-content/themes/woo-vanilla/inc/woovanilla-template-functions.php:144
Stack trace:
#0 [internal function]: {closure}('net')
#1 /var/www/html/wp-content/themes/woo-vanilla/inc/woovanilla-template-functions.php(149): array_filter(Array, Object(Closure))
#2 /var/www/html/wp-content/themes/woo-vanilla/woocommerce/content-product.php(31): woovanilla_template_product_attributes(Array)
#3 /var/www/html/wp-content/plugins/woocommerce/includes/wc-core-functions.php(345): include('/var/www/html/w...')
#4 /var/www/html/wp-content/themes/woo-vanilla/woocommerce/ti-wishlist.php(77): wc_get_template('content-product...')
#5 /var/www/html/wp-content/plugins/woocommerce/includes/wc-core-functions.php(345): include('/var/www/html/w...')
#6 /var/www/html/wp-content/plugins/ti-woocommerce-wishlist/tinv-wishlists-function.php(213): wc_get_template('ti-wishlist.php', Array, '')
#7 /var/www/html/wp-content/plugins/ti-woocommerce-wishlist/public/wishlist/view.class.php(502): tinv_wishlist_template('ti-wishlist.php', Array)
#8 /var/www/html/wp-content/plugins/ti-woocommerce-wishlist/public/wishlist/view.class.php(628): TInvWL_Public_Wishlist_View->htmloutput(Array)
#9 /var/www/html/wp-content/plugins/ti-woocommerce-wishlist/tinv-wishlists-function.php(605): TInvWL_Public_Wishlist_View->shortcode(Array)
#10 /var/www/html/wp-includes/shortcodes.php(355): tinvwl_shortcode_view('', '', 'ti_wishlistsvie...')
#11 [internal function]: do_shortcode_tag(Array)
#12 /var/www/html/wp-includes/shortcodes.php(227): preg_replace_callback('/\\[(\\[?)(ti_wis...', 'do_shortcode_ta...', ' [ti_wishlistsv...')
#13 /var/www/html/wp-content/plugins/ti-woocommerce-wishlist/public/tinvwl.class.php(712): do_shortcode(' [ti_wishlistsv...')
#14 /var/www/html/wp-content/themes/woo-vanilla/template-wishlist.php(17): TInvWL_Public_TInvWL->wishlist_content()
#15 /var/www/html/wp-includes/template-loader.php(106): include('/var/www/html/w...')
#16 /var/www/html/wp-blog-header.php(19): require_once('/var/www/html/w...')
#17 /var/www/html/index.php(17): require('/var/www/html/w...')
#18 {main}
  thrown в /var/www/html/wp-content/themes/woo-vanilla/inc/woovanilla-template-functions.php на строке 144

2023-05-16T14:33:45+00:00 CRITICAL Uncaught Error: Call to undefined function woovanilla_template_loop_product_link_open() in /var/www/html/wp-content/themes/woo-vanilla/woocommerce/content-slider-product.php:30
Stack trace:
#0 /var/www/html/wp-content/plugins/woocommerce/includes/wc-core-functions.php(345): include()
#1 /var/www/html/wp-content/plugins/woovanilla-expander/includes/shortcodes/class-wve-shortcode-products-slider.php(84): wc_get_template('content-slider-...')
#2 /var/www/html/wp-content/plugins/woocommerce/includes/shortcodes/class-wc-shortcode-products.php(100): WooVanilla_Expander\Shortcodes\WVE_Shortcode_Products_Slider->product_loop()
#3 /var/www/html/wp-content/plugins/woovanilla-expander/includes/class-wve-shortcodes.php(65): WC_Shortcode_Products->get_content()
#4 /var/www/html/wp-content/themes/woo-vanilla/inc/woovanilla-functions.php(38): WooVanilla_Expander\WVE_Shortcodes::products_slider(Array, NULL, 'products_slider')
#5 /var/www/html/wp-content/themes/woo-vanilla/inc/woovanilla-template-functions.php(67): woovanilla_do_shortcode('products_slider', Array)
#6 /var/www/html/wp-content/themes/woo-vanilla/woocommerce/wv-sections/wv-sliders-home.php(46): woovanilla_slider_products(Array, '\xD0\x91\xD1\x83\xD0\xBA\xD0\xB5\xD1\x82 \xD0\xBD\xD0\xB5...', 'products_slider', '')
#7 /var/www/html/wp-content/plugins/woocommerce/includes/wc-core-functions.php(345): include('/var/www/html/w...')
#8 /var/www/html/wp-content/themes/woo-vanilla/template-homepage.php(17): wc_get_template('wv-sections/wv-...')
#9 /var/www/html/wp-includes/template-loader.php(106): include('/var/www/html/w...')
#10 /var/www/html/wp-blog-header.php(19): require_once('/var/www/html/w...')
#11 /var/www/html/index.php(17): require('/var/www/html/w...')
#12 {main}
  thrown в /var/www/html/wp-content/themes/woo-vanilla/woocommerce/content-slider-product.php на строке 30

2023-05-16T14:33:57+00:00 CRITICAL Uncaught Error: Call to undefined function woovanilla_template_loop_product_link_open() in /var/www/html/wp-content/themes/woo-vanilla/woocommerce/content-slider-product.php:30
Stack trace:
#0 /var/www/html/wp-content/plugins/woocommerce/includes/wc-core-functions.php(345): include()
#1 /var/www/html/wp-content/plugins/woovanilla-expander/includes/shortcodes/class-wve-shortcode-products-slider.php(84): wc_get_template('content-slider-...')
#2 /var/www/html/wp-content/plugins/woocommerce/includes/shortcodes/class-wc-shortcode-products.php(100): WooVanilla_Expander\Shortcodes\WVE_Shortcode_Products_Slider->product_loop()
#3 /var/www/html/wp-content/plugins/woovanilla-expander/includes/class-wve-shortcodes.php(65): WC_Shortcode_Products->get_content()
#4 /var/www/html/wp-content/themes/woo-vanilla/inc/woovanilla-functions.php(38): WooVanilla_Expander\WVE_Shortcodes::products_slider(Array, NULL, 'products_slider')
#5 /var/www/html/wp-content/themes/woo-vanilla/inc/woovanilla-template-functions.php(67): woovanilla_do_shortcode('products_slider', Array)
#6 /var/www/html/wp-content/themes/woo-vanilla/woocommerce/wv-sections/wv-sliders-home.php(46): woovanilla_slider_products(Array, '\xD0\x91\xD1\x83\xD0\xBA\xD0\xB5\xD1\x82 \xD0\xBD\xD0\xB5...', 'products_slider', '')
#7 /var/www/html/wp-content/plugins/woocommerce/includes/wc-core-functions.php(345): include('/var/www/html/w...')
#8 /var/www/html/wp-content/themes/woo-vanilla/template-homepage.php(17): wc_get_template('wv-sections/wv-...')
#9 /var/www/html/wp-includes/template-loader.php(106): include('/var/www/html/w...')
#10 /var/www/html/wp-blog-header.php(19): require_once('/var/www/html/w...')
#11 /var/www/html/index.php(17): require('/var/www/html/w...')
#12 {main}
  thrown в /var/www/html/wp-content/themes/woo-vanilla/woocommerce/content-slider-product.php на строке 30

