2023-04-03T08:55:18+00:00 CRITICAL Uncaught TypeError: array_merge(): Argument #2 must be of type array, string given in /var/www/html/wp-content/themes/woo-vanilla/views/public/components/products/product-slider.php:9
Stack trace:
#0 /var/www/html/wp-content/themes/woo-vanilla/views/public/components/products/product-slider.php(9): array_merge(Array, '819')
#1 /var/www/html/wp-includes/template.php(785): require('/var/www/html/w...')
#2 /var/www/html/wp-includes/template.php(718): load_template('/var/www/html/w...', false, Array)
#3 /var/www/html/wp-includes/general-template.php(204): locate_template(Array, true, false, Array)
#4 /var/www/html/wp-content/themes/woo-vanilla/views/public/components/sliders/products-slider.php(20): get_template_part('views/public/co...', '', Array)
#5 /var/www/html/wp-includes/template.php(785): require('/var/www/html/w...')
#6 /var/www/html/wp-includes/template.php(718): load_template('/var/www/html/w...', false, Array)
#7 /var/www/html/wp-includes/general-template.php(204): locate_template(Array, true, false, Array)
#8 /var/www/html/wp-content/themes/woo-vanilla/page.php(47): get_template_part('views/public/co...', 'novetly', Array)
#9 /var/www/html/wp-includes/template-loader.php(106): include('/var/www/html/w...')
#10 /var/www/html/wp-blog-header.php(19): require_once('/var/www/html/w...')
#11 /var/www/html/index.php(17): require('/var/www/html/w...')
#12 {main}
  thrown в /var/www/html/wp-content/themes/woo-vanilla/views/public/components/products/product-slider.php на строке 9

2023-04-03T08:57:17+00:00 CRITICAL Uncaught TypeError: array_merge(): Argument #2 must be of type array, string given in /var/www/html/wp-content/themes/woo-vanilla/views/public/components/products/product-slider.php:9
Stack trace:
#0 /var/www/html/wp-content/themes/woo-vanilla/views/public/components/products/product-slider.php(9): array_merge(Array, '819')
#1 /var/www/html/wp-includes/template.php(785): require('/var/www/html/w...')
#2 /var/www/html/wp-includes/template.php(718): load_template('/var/www/html/w...', false, Array)
#3 /var/www/html/wp-includes/general-template.php(204): locate_template(Array, true, false, Array)
#4 /var/www/html/wp-content/themes/woo-vanilla/views/public/components/sliders/products-slider.php(20): get_template_part('views/public/co...', '', Array)
#5 /var/www/html/wp-includes/template.php(785): require('/var/www/html/w...')
#6 /var/www/html/wp-includes/template.php(718): load_template('/var/www/html/w...', false, Array)
#7 /var/www/html/wp-includes/general-template.php(204): locate_template(Array, true, false, Array)
#8 /var/www/html/wp-content/themes/woo-vanilla/page.php(47): get_template_part('views/public/co...', 'novetly', Array)
#9 /var/www/html/wp-includes/template-loader.php(106): include('/var/www/html/w...')
#10 /var/www/html/wp-blog-header.php(19): require_once('/var/www/html/w...')
#11 /var/www/html/index.php(17): require('/var/www/html/w...')
#12 {main}
  thrown в /var/www/html/wp-content/themes/woo-vanilla/views/public/components/products/product-slider.php на строке 9

2023-04-03T09:13:37+00:00 CRITICAL syntax error, unexpected token ":", expecting "]" в /var/www/html/wp-content/themes/woo-vanilla/views/public/components/products/product-slider.php на строке 42

2023-04-03T10:08:52+00:00 CRITICAL Uncaught Error: Object of class WC_Product_Attribute could not be converted to string in /var/www/html/wp-content/themes/woo-vanilla/views/public/components/product/product-catalog-actions.php:17
Stack trace:
#0 /var/www/html/wp-includes/template.php(785): require()
#1 /var/www/html/wp-includes/template.php(718): load_template('/var/www/html/w...', false, Array)
#2 /var/www/html/wp-includes/general-template.php(204): locate_template(Array, true, false, Array)
#3 /var/www/html/wp-content/themes/woo-vanilla/views/public/components/products/product.php(53): get_template_part('views/public/co...', '', Array)
#4 /var/www/html/wp-includes/template.php(785): require('/var/www/html/w...')
#5 /var/www/html/wp-includes/template.php(718): load_template('/var/www/html/w...', false, Array)
#6 /var/www/html/wp-includes/general-template.php(204): locate_template(Array, true, false, Array)
#7 /var/www/html/wp-content/themes/woo-vanilla/views/public/components/product-lists/product-list-catalog.php(12): get_template_part('views/public/co...', '', Array)
#8 /var/www/html/wp-includes/template.php(785): require('/var/www/html/w...')
#9 /var/www/html/wp-includes/template.php(718): load_template('/var/www/html/w...', false, Array)
#10 /var/www/html/wp-includes/general-template.php(204): locate_template(Array, true, false, Array)
#11 /var/www/html/wp-content/themes/woo-vanilla/page.php(59): get_template_part('views/public/co...', '', Array)
#12 /var/www/html/wp-includes/template-loader.php(106): include('/var/www/html/w...')
#13 /var/www/html/wp-blog-header.php(19): require_once('/var/www/html/w...')
#14 /var/www/html/index.php(17): require('/var/www/html/w...')
#15 {main}
  thrown в /var/www/html/wp-content/themes/woo-vanilla/views/public/components/product/product-catalog-actions.php на строке 17

2023-04-03T10:21:27+00:00 CRITICAL Uncaught Error: Object of class WC_Product_Attribute could not be converted to string in /var/www/html/wp-content/themes/woo-vanilla/views/public/components/product/product-catalog-actions.php:17
Stack trace:
#0 /var/www/html/wp-includes/template.php(785): require()
#1 /var/www/html/wp-includes/template.php(718): load_template('/var/www/html/w...', false, Array)
#2 /var/www/html/wp-includes/general-template.php(204): locate_template(Array, true, false, Array)
#3 /var/www/html/wp-content/themes/woo-vanilla/views/public/components/products/product.php(53): get_template_part('views/public/co...', '', Array)
#4 /var/www/html/wp-includes/template.php(785): require('/var/www/html/w...')
#5 /var/www/html/wp-includes/template.php(718): load_template('/var/www/html/w...', false, Array)
#6 /var/www/html/wp-includes/general-template.php(204): locate_template(Array, true, false, Array)
#7 /var/www/html/wp-content/themes/woo-vanilla/views/public/components/product-lists/product-list-catalog.php(12): get_template_part('views/public/co...', '', Array)
#8 /var/www/html/wp-includes/template.php(785): require('/var/www/html/w...')
#9 /var/www/html/wp-includes/template.php(718): load_template('/var/www/html/w...', false, Array)
#10 /var/www/html/wp-includes/general-template.php(204): locate_template(Array, true, false, Array)
#11 /var/www/html/wp-content/themes/woo-vanilla/page.php(59): get_template_part('views/public/co...', '', Array)
#12 /var/www/html/wp-includes/template-loader.php(106): include('/var/www/html/w...')
#13 /var/www/html/wp-blog-header.php(19): require_once('/var/www/html/w...')
#14 /var/www/html/index.php(17): require('/var/www/html/w...')
#15 {main}
  thrown в /var/www/html/wp-content/themes/woo-vanilla/views/public/components/product/product-catalog-actions.php на строке 17

2023-04-03T10:35:26+00:00 CRITICAL Uncaught Error: Object of class WC_Product_Attribute could not be converted to string in /var/www/html/wp-content/themes/woo-vanilla/views/public/components/product/product-catalog-actions.php:17
Stack trace:
#0 /var/www/html/wp-includes/template.php(785): require()
#1 /var/www/html/wp-includes/template.php(718): load_template('/var/www/html/w...', false, Array)
#2 /var/www/html/wp-includes/general-template.php(204): locate_template(Array, true, false, Array)
#3 /var/www/html/wp-content/themes/woo-vanilla/views/public/components/products/product.php(53): get_template_part('views/public/co...', '', Array)
#4 /var/www/html/wp-includes/template.php(785): require('/var/www/html/w...')
#5 /var/www/html/wp-includes/template.php(718): load_template('/var/www/html/w...', false, Array)
#6 /var/www/html/wp-includes/general-template.php(204): locate_template(Array, true, false, Array)
#7 /var/www/html/wp-content/themes/woo-vanilla/views/public/components/product-lists/product-list-catalog.php(12): get_template_part('views/public/co...', '', Array)
#8 /var/www/html/wp-includes/template.php(785): require('/var/www/html/w...')
#9 /var/www/html/wp-includes/template.php(718): load_template('/var/www/html/w...', false, Array)
#10 /var/www/html/wp-includes/general-template.php(204): locate_template(Array, true, false, Array)
#11 /var/www/html/wp-content/themes/woo-vanilla/page.php(59): get_template_part('views/public/co...', '', Array)
#12 /var/www/html/wp-includes/template-loader.php(106): include('/var/www/html/w...')
#13 /var/www/html/wp-blog-header.php(19): require_once('/var/www/html/w...')
#14 /var/www/html/index.php(17): require('/var/www/html/w...')
#15 {main}
  thrown в /var/www/html/wp-content/themes/woo-vanilla/views/public/components/product/product-catalog-actions.php на строке 17

