2023-05-12T09:55:07+00:00 CRITICAL Uncaught TypeError: array_search(): Argument #2 ($haystack) must be of type array, string given in /var/www/html/wp-content/themes/woo-vanilla/inc/woovanilla-template-functions.php:144
Stack trace:
#0 /var/www/html/wp-content/themes/woo-vanilla/inc/woovanilla-template-functions.php(144): array_search('pa_czvet', '')
#1 [internal function]: {closure}(Object(WC_Product_Attribute))
#2 /var/www/html/wp-content/themes/woo-vanilla/inc/woovanilla-template-functions.php(147): array_filter(Array, Object(Closure))
#3 /var/www/html/wp-includes/class-wp-hook.php(308): woovanilla_template_product_attributes('')
#4 /var/www/html/wp-includes/class-wp-hook.php(332): WP_Hook->apply_filters(NULL, Array)
#5 /var/www/html/wp-includes/plugin.php(517): WP_Hook->do_action(Array)
#6 /var/www/html/wp-content/themes/woo-vanilla/woocommerce/content-single-product.php(48): do_action('woocommerce_sin...')
#7 /var/www/html/wp-includes/template.php(785): require('/var/www/html/w...')
#8 /var/www/html/wp-content/plugins/woocommerce/includes/wc-core-functions.php(284): load_template('/var/www/html/w...', false)
#9 /var/www/html/wp-content/themes/woo-vanilla/woocommerce/single-product.php(28): wc_get_template_part('content', 'single-product')
#10 /var/www/html/wp-includes/template-loader.php(106): include('/var/www/html/w...')
#11 /var/www/html/wp-blog-header.php(19): require_once('/var/www/html/w...')
#12 /var/www/html/index.php(17): require('/var/www/html/w...')
#13 {main}
  thrown в /var/www/html/wp-content/themes/woo-vanilla/inc/woovanilla-template-functions.php на строке 144

2023-05-12T09:55:11+00:00 CRITICAL Uncaught TypeError: array_search(): Argument #2 ($haystack) must be of type array, string given in /var/www/html/wp-content/themes/woo-vanilla/inc/woovanilla-template-functions.php:144
Stack trace:
#0 /var/www/html/wp-content/themes/woo-vanilla/inc/woovanilla-template-functions.php(144): array_search('pa_czvet', '')
#1 [internal function]: {closure}(Object(WC_Product_Attribute))
#2 /var/www/html/wp-content/themes/woo-vanilla/inc/woovanilla-template-functions.php(147): array_filter(Array, Object(Closure))
#3 /var/www/html/wp-includes/class-wp-hook.php(308): woovanilla_template_product_attributes('')
#4 /var/www/html/wp-includes/class-wp-hook.php(332): WP_Hook->apply_filters(NULL, Array)
#5 /var/www/html/wp-includes/plugin.php(517): WP_Hook->do_action(Array)
#6 /var/www/html/wp-content/themes/woo-vanilla/woocommerce/content-single-product.php(48): do_action('woocommerce_sin...')
#7 /var/www/html/wp-includes/template.php(785): require('/var/www/html/w...')
#8 /var/www/html/wp-content/plugins/woocommerce/includes/wc-core-functions.php(284): load_template('/var/www/html/w...', false)
#9 /var/www/html/wp-content/themes/woo-vanilla/woocommerce/single-product.php(28): wc_get_template_part('content', 'single-product')
#10 /var/www/html/wp-includes/template-loader.php(106): include('/var/www/html/w...')
#11 /var/www/html/wp-blog-header.php(19): require_once('/var/www/html/w...')
#12 /var/www/html/index.php(17): require('/var/www/html/w...')
#13 {main}
  thrown в /var/www/html/wp-content/themes/woo-vanilla/inc/woovanilla-template-functions.php на строке 144

2023-05-12T12:34:30+00:00 CRITICAL Uncaught TypeError: array_search(): Argument #2 ($haystack) must be of type array, string given in /var/www/html/wp-content/themes/woo-vanilla/inc/woovanilla-template-functions.php:144
Stack trace:
#0 /var/www/html/wp-content/themes/woo-vanilla/inc/woovanilla-template-functions.php(144): array_search('pa_czvet', '')
#1 [internal function]: {closure}(Object(WC_Product_Attribute))
#2 /var/www/html/wp-content/themes/woo-vanilla/inc/woovanilla-template-functions.php(147): array_filter(Array, Object(Closure))
#3 /var/www/html/wp-includes/class-wp-hook.php(308): woovanilla_template_product_attributes('')
#4 /var/www/html/wp-includes/class-wp-hook.php(332): WP_Hook->apply_filters(NULL, Array)
#5 /var/www/html/wp-includes/plugin.php(517): WP_Hook->do_action(Array)
#6 /var/www/html/wp-content/themes/woo-vanilla/woocommerce/content-single-product.php(48): do_action('woocommerce_sin...')
#7 /var/www/html/wp-includes/template.php(785): require('/var/www/html/w...')
#8 /var/www/html/wp-content/plugins/woocommerce/includes/wc-core-functions.php(284): load_template('/var/www/html/w...', false)
#9 /var/www/html/wp-content/themes/woo-vanilla/woocommerce/single-product.php(28): wc_get_template_part('content', 'single-product')
#10 /var/www/html/wp-includes/template-loader.php(106): include('/var/www/html/w...')
#11 /var/www/html/wp-blog-header.php(19): require_once('/var/www/html/w...')
#12 /var/www/html/index.php(17): require('/var/www/html/w...')
#13 {main}
  thrown в /var/www/html/wp-content/themes/woo-vanilla/inc/woovanilla-template-functions.php на строке 144

2023-05-12T19:31:01+00:00 CRITICAL Uncaught TypeError: call_user_func_array(): Argument #1 ($callback) must be a valid callback, function "woovanilla_rename_sorting_option" not found or invalid function name in /var/www/html/wp-includes/class-wp-hook.php:308
Stack trace:
#0 /var/www/html/wp-includes/plugin.php(205): WP_Hook->apply_filters(Array, Array)
#1 /var/www/html/wp-content/plugins/woocommerce/includes/wc-template-functions.php(1482): apply_filters('woocommerce_cat...', Array)
#2 /var/www/html/wp-includes/class-wp-hook.php(308): woocommerce_catalog_ordering('')
#3 /var/www/html/wp-includes/class-wp-hook.php(332): WP_Hook->apply_filters(NULL, Array)
#4 /var/www/html/wp-includes/plugin.php(517): WP_Hook->do_action(Array)
#5 /var/www/html/wp-content/themes/woo-vanilla/woocommerce/taxonomy-product-cat.php(57): do_action('woocommerce_arc...')
#6 /var/www/html/wp-includes/template-loader.php(106): include('/var/www/html/w...')
#7 /var/www/html/wp-blog-header.php(19): require_once('/var/www/html/w...')
#8 /var/www/html/index.php(17): require('/var/www/html/w...')
#9 {main}
  thrown в /var/www/html/wp-includes/class-wp-hook.php на строке 308

2023-05-12T19:32:45+00:00 CRITICAL Uncaught TypeError: call_user_func_array(): Argument #1 ($callback) must be a valid callback, function "woovanilla_rename_sorting_option" not found or invalid function name in /var/www/html/wp-includes/class-wp-hook.php:308
Stack trace:
#0 /var/www/html/wp-includes/plugin.php(205): WP_Hook->apply_filters(Array, Array)
#1 /var/www/html/wp-content/plugins/woocommerce/includes/wc-template-functions.php(1482): apply_filters('woocommerce_cat...', Array)
#2 /var/www/html/wp-includes/class-wp-hook.php(308): woocommerce_catalog_ordering('')
#3 /var/www/html/wp-includes/class-wp-hook.php(332): WP_Hook->apply_filters(NULL, Array)
#4 /var/www/html/wp-includes/plugin.php(517): WP_Hook->do_action(Array)
#5 /var/www/html/wp-content/themes/woo-vanilla/woocommerce/taxonomy-product-cat.php(57): do_action('woocommerce_arc...')
#6 /var/www/html/wp-includes/template-loader.php(106): include('/var/www/html/w...')
#7 /var/www/html/wp-blog-header.php(19): require_once('/var/www/html/w...')
#8 /var/www/html/index.php(17): require('/var/www/html/w...')
#9 {main}
  thrown в /var/www/html/wp-includes/class-wp-hook.php на строке 308

2023-05-12T20:59:40+00:00 CRITICAL Uncaught TypeError: array_search(): Argument #2 ($haystack) must be of type array, string given in /var/www/html/wp-content/themes/woo-vanilla/inc/woovanilla-template-functions.php:144
Stack trace:
#0 /var/www/html/wp-content/themes/woo-vanilla/inc/woovanilla-template-functions.php(144): array_search('pa_czvet', '')
#1 [internal function]: {closure}(Object(WC_Product_Attribute))
#2 /var/www/html/wp-content/themes/woo-vanilla/inc/woovanilla-template-functions.php(147): array_filter(Array, Object(Closure))
#3 /var/www/html/wp-includes/class-wp-hook.php(308): woovanilla_template_product_attributes('')
#4 /var/www/html/wp-includes/class-wp-hook.php(332): WP_Hook->apply_filters(NULL, Array)
#5 /var/www/html/wp-includes/plugin.php(517): WP_Hook->do_action(Array)
#6 /var/www/html/wp-content/themes/woo-vanilla/woocommerce/content-single-product.php(48): do_action('woocommerce_sin...')
#7 /var/www/html/wp-includes/template.php(785): require('/var/www/html/w...')
#8 /var/www/html/wp-content/plugins/woocommerce/includes/wc-core-functions.php(284): load_template('/var/www/html/w...', false)
#9 /var/www/html/wp-content/themes/woo-vanilla/woocommerce/single-product.php(28): wc_get_template_part('content', 'single-product')
#10 /var/www/html/wp-includes/template-loader.php(106): include('/var/www/html/w...')
#11 /var/www/html/wp-blog-header.php(19): require_once('/var/www/html/w...')
#12 /var/www/html/index.php(17): require('/var/www/html/w...')
#13 {main}
  thrown в /var/www/html/wp-content/themes/woo-vanilla/inc/woovanilla-template-functions.php на строке 144

