2023-04-10T21:23:43+00:00 CRITICAL Uncaught Error: Class "Awps\WooVanilla\Functions" not found in /var/www/html/wp-content/themes/woo-vanilla/inc/Init.php:67
Stack trace:
#0 /var/www/html/wp-content/themes/woo-vanilla/inc/Init.php(53): Awps\Init::instantiate('Awps\\WooVanilla...')
#1 /var/www/html/wp-content/themes/woo-vanilla/functions.php(21): Awps\Init::register_services()
#2 /var/www/html/wp-settings.php(591): include('/var/www/html/w...')
#3 /var/www/html/wp-config.php(175): require_once('/var/www/html/w...')
#4 /var/www/html/wp-load.php(50): require_once('/var/www/html/w...')
#5 /var/www/html/wp-blog-header.php(13): require_once('/var/www/html/w...')
#6 /var/www/html/index.php(17): require('/var/www/html/w...')
#7 {main}
  thrown в /var/www/html/wp-content/themes/woo-vanilla/inc/Init.php на строке 67

2023-04-10T21:23:44+00:00 CRITICAL Uncaught Error: Class "Awps\WooVanilla\Functions" not found in /var/www/html/wp-content/themes/woo-vanilla/inc/Init.php:67
Stack trace:
#0 /var/www/html/wp-content/themes/woo-vanilla/inc/Init.php(53): Awps\Init::instantiate('Awps\\WooVanilla...')
#1 /var/www/html/wp-content/themes/woo-vanilla/functions.php(21): Awps\Init::register_services()
#2 /var/www/html/wp-settings.php(591): include('/var/www/html/w...')
#3 /var/www/html/wp-config.php(175): require_once('/var/www/html/w...')
#4 /var/www/html/wp-load.php(50): require_once('/var/www/html/w...')
#5 /var/www/html/wp-blog-header.php(13): require_once('/var/www/html/w...')
#6 /var/www/html/index.php(17): require('/var/www/html/w...')
#7 {main}
  thrown в /var/www/html/wp-content/themes/woo-vanilla/inc/Init.php на строке 67

2023-04-10T21:24:50+00:00 CRITICAL Uncaught TypeError: call_user_func_array(): Argument #1 ($callback) must be a valid callback, class "Awps\WooVanilla\Awps\WooVanilla\TemplateFunctions" not found in /var/www/html/wp-includes/class-wp-hook.php:308
Stack trace:
#0 /var/www/html/wp-includes/class-wp-hook.php(332): WP_Hook->apply_filters('', Array)
#1 /var/www/html/wp-includes/plugin.php(517): WP_Hook->do_action(Array)
#2 /var/www/html/wp-content/themes/woo-vanilla/template-homepage.php(21): do_action('homepage')
#3 /var/www/html/wp-includes/template-loader.php(106): include('/var/www/html/w...')
#4 /var/www/html/wp-blog-header.php(19): require_once('/var/www/html/w...')
#5 /var/www/html/index.php(17): require('/var/www/html/w...')
#6 {main}
  thrown в /var/www/html/wp-includes/class-wp-hook.php на строке 308

2023-04-10T22:09:46+00:00 CRITICAL Uncaught TypeError: call_user_func_array(): Argument #1 ($callback) must be a valid callback, class Awps\WooVanilla\TemplateFunctions does not have a method "tinvwl_view_addto_htmlloop" in /var/www/html/wp-includes/class-wp-hook.php:308
Stack trace:
#0 /var/www/html/wp-includes/class-wp-hook.php(332): WP_Hook->apply_filters('', Array)
#1 /var/www/html/wp-includes/plugin.php(517): WP_Hook->do_action(Array)
#2 /var/www/html/wp-content/themes/woo-vanilla/templates/content-product-slider.php(25): do_action('woovanilla_befo...')
#3 /var/www/html/wp-content/plugins/woocommerce/includes/wc-core-functions.php(345): include('/var/www/html/w...')
#4 /var/www/html/wp-content/themes/woo-vanilla/functions.php(26): wc_get_template('content-product...', Array, '', '/var/www/html/w...')
#5 /var/www/html/wp-content/plugins/woovanilla/includes/shortcodes/wv-shortcode-products-slider.php(80): wc_get_template('content-product...')
#6 /var/www/html/wp-content/plugins/woocommerce/includes/shortcodes/class-wc-shortcode-products.php(107): WooVanilla\Shortcodes\WV_Shortcode_Products_Slider->product_loop()
#7 /var/www/html/wp-content/plugins/woovanilla/includes/wv-shortcodes.php(62): WC_Shortcode_Products->get_content()
#8 /var/www/html/wp-content/themes/woo-vanilla/functions.php(37): WooVanilla\WV_Shortcodes::products_slider(Array, NULL, 'products_slider')
#9 /var/www/html/wp-content/themes/woo-vanilla/inc/WooVanilla/TemplateFunctions.php(75): woovanilla_do_shortcode('products_slider', Array)
#10 /var/www/html/wp-includes/class-wp-hook.php(308): Awps\WooVanilla\TemplateFunctions::woovanilla_recent_products(Array)
#11 /var/www/html/wp-includes/class-wp-hook.php(332): WP_Hook->apply_filters('', Array)
#12 /var/www/html/wp-includes/plugin.php(517): WP_Hook->do_action(Array)
#13 /var/www/html/wp-content/themes/woo-vanilla/template-homepage.php(21): do_action('homepage')
#14 /var/www/html/wp-includes/template-loader.php(106): include('/var/www/html/w...')
#15 /var/www/html/wp-blog-header.php(19): require_once('/var/www/html/w...')
#16 /var/www/html/index.php(17): require('/var/www/html/w...')
#17 {main}
  thrown в /var/www/html/wp-includes/class-wp-hook.php на строке 308

