2023-04-08T10:33:51+00:00 CRITICAL Uncaught TypeError: call_user_func_array(): Argument #1 ($callback) must be a valid callback, class Awps\WooVanilla\TemplateFunctions does not have a method "woovanilla_product_loop_slider" in /var/www/html/wp-includes/class-wp-hook.php:308
Stack trace:
#0 /var/www/html/wp-includes/class-wp-hook.php(332): WP_Hook->apply_filters('', Array)
#1 /var/www/html/wp-includes/plugin.php(517): WP_Hook->do_action(Array)
#2 /var/www/html/wp-content/themes/woo-vanilla/woocommerce/content-product.php(43): do_action('woocommerce_bef...')
#3 /var/www/html/wp-includes/template.php(785): require('/var/www/html/w...')
#4 /var/www/html/wp-content/plugins/woocommerce/includes/wc-core-functions.php(284): load_template('/var/www/html/w...', false)
#5 /var/www/html/wp-content/plugins/woocommerce/includes/shortcodes/class-wc-shortcode-products.php(688): wc_get_template_part('content', 'product')
#6 /var/www/html/wp-content/plugins/woocommerce/includes/shortcodes/class-wc-shortcode-products.php(107): WC_Shortcode_Products->product_loop()
#7 /var/www/html/wp-content/plugins/woocommerce/includes/class-wc-shortcodes.php(283): WC_Shortcode_Products->get_content()
#8 [internal function]: WC_Shortcodes::products(Array, NULL, 'products')
#9 /var/www/html/wp-content/themes/woo-vanilla/inc/WooVanilla/Functions.php(19): call_user_func('WC_Shortcodes::...', Array, NULL, 'products')
#10 /var/www/html/wp-content/themes/woo-vanilla/inc/WooCommerce/TemplateFunctions.php(38): Awps\WooVanilla\Functions->woovanilla_do_shortcode('products', Array)
#11 /var/www/html/wp-includes/class-wp-hook.php(308): Awps\WooCommerce\TemplateFunctions->woovanilla_recent_products(Array)
#12 /var/www/html/wp-includes/class-wp-hook.php(332): WP_Hook->apply_filters('', Array)
#13 /var/www/html/wp-includes/plugin.php(517): WP_Hook->do_action(Array)
#14 /var/www/html/wp-content/themes/woo-vanilla/template-homepage.php(21): do_action('homepage')
#15 /var/www/html/wp-includes/template-loader.php(106): include('/var/www/html/w...')
#16 /var/www/html/wp-blog-header.php(19): require_once('/var/www/html/w...')
#17 /var/www/html/index.php(17): require('/var/www/html/w...')
#18 {main}
  thrown в /var/www/html/wp-includes/class-wp-hook.php на строке 308

2023-04-08T10:42:02+00:00 CRITICAL Uncaught TypeError: call_user_func_array(): Argument #1 ($callback) must be a valid callback, class Awps\WooVanilla\TemplateFunctions does not have a method "woovanilla_product_loop_labels" in /var/www/html/wp-includes/class-wp-hook.php:308
Stack trace:
#0 /var/www/html/wp-includes/class-wp-hook.php(332): WP_Hook->apply_filters(NULL, Array)
#1 /var/www/html/wp-includes/plugin.php(517): WP_Hook->do_action(Array)
#2 /var/www/html/wp-content/themes/woo-vanilla/woocommerce/content-product.php(43): do_action('woocommerce_bef...')
#3 /var/www/html/wp-includes/template.php(785): require('/var/www/html/w...')
#4 /var/www/html/wp-content/plugins/woocommerce/includes/wc-core-functions.php(284): load_template('/var/www/html/w...', false)
#5 /var/www/html/wp-content/plugins/woocommerce/includes/shortcodes/class-wc-shortcode-products.php(688): wc_get_template_part('content', 'product')
#6 /var/www/html/wp-content/plugins/woocommerce/includes/shortcodes/class-wc-shortcode-products.php(107): WC_Shortcode_Products->product_loop()
#7 /var/www/html/wp-content/plugins/woocommerce/includes/class-wc-shortcodes.php(283): WC_Shortcode_Products->get_content()
#8 [internal function]: WC_Shortcodes::products(Array, NULL, 'products')
#9 /var/www/html/wp-content/themes/woo-vanilla/inc/WooVanilla/Functions.php(19): call_user_func('WC_Shortcodes::...', Array, NULL, 'products')
#10 /var/www/html/wp-content/themes/woo-vanilla/inc/WooCommerce/TemplateFunctions.php(38): Awps\WooVanilla\Functions->woovanilla_do_shortcode('products', Array)
#11 /var/www/html/wp-includes/class-wp-hook.php(308): Awps\WooCommerce\TemplateFunctions->woovanilla_recent_products(Array)
#12 /var/www/html/wp-includes/class-wp-hook.php(332): WP_Hook->apply_filters('', Array)
#13 /var/www/html/wp-includes/plugin.php(517): WP_Hook->do_action(Array)
#14 /var/www/html/wp-content/themes/woo-vanilla/template-homepage.php(21): do_action('homepage')
#15 /var/www/html/wp-includes/template-loader.php(106): include('/var/www/html/w...')
#16 /var/www/html/wp-blog-header.php(19): require_once('/var/www/html/w...')
#17 /var/www/html/index.php(17): require('/var/www/html/w...')
#18 {main}
  thrown в /var/www/html/wp-includes/class-wp-hook.php на строке 308

2023-04-08T10:43:39+00:00 CRITICAL Uncaught Error: Call to a member function get_id() on null in /var/www/html/wp-content/themes/woo-vanilla/templates/loop/slider.php:1
Stack trace:
#0 /var/www/html/wp-includes/template.php(785): require()
#1 /var/www/html/wp-includes/template.php(718): load_template('/var/www/html/w...', false, Array)
#2 /var/www/html/wp-includes/general-template.php(204): locate_template(Array, true, false, Array)
#3 /var/www/html/wp-content/themes/woo-vanilla/inc/WooVanilla/TemplateFunctions.php(25): get_template_part('templates/loop/...')
#4 /var/www/html/wp-includes/class-wp-hook.php(308): Awps\WooVanilla\TemplateFunctions->woovanilla_product_loop_slider('')
#5 /var/www/html/wp-includes/class-wp-hook.php(332): WP_Hook->apply_filters('', Array)
#6 /var/www/html/wp-includes/plugin.php(517): WP_Hook->do_action(Array)
#7 /var/www/html/wp-content/themes/woo-vanilla/woocommerce/content-product.php(43): do_action('woocommerce_bef...')
#8 /var/www/html/wp-includes/template.php(785): require('/var/www/html/w...')
#9 /var/www/html/wp-content/plugins/woocommerce/includes/wc-core-functions.php(284): load_template('/var/www/html/w...', false)
#10 /var/www/html/wp-content/plugins/woocommerce/includes/shortcodes/class-wc-shortcode-products.php(688): wc_get_template_part('content', 'product')
#11 /var/www/html/wp-content/plugins/woocommerce/includes/shortcodes/class-wc-shortcode-products.php(107): WC_Shortcode_Products->product_loop()
#12 /var/www/html/wp-content/plugins/woocommerce/includes/class-wc-shortcodes.php(283): WC_Shortcode_Products->get_content()
#13 [internal function]: WC_Shortcodes::products(Array, NULL, 'products')
#14 /var/www/html/wp-content/themes/woo-vanilla/inc/WooVanilla/Functions.php(19): call_user_func('WC_Shortcodes::...', Array, NULL, 'products')
#15 /var/www/html/wp-content/themes/woo-vanilla/inc/WooCommerce/TemplateFunctions.php(38): Awps\WooVanilla\Functions->woovanilla_do_shortcode('products', Array)
#16 /var/www/html/wp-includes/class-wp-hook.php(308): Awps\WooCommerce\TemplateFunctions->woovanilla_recent_products(Array)
#17 /var/www/html/wp-includes/class-wp-hook.php(332): WP_Hook->apply_filters('', Array)
#18 /var/www/html/wp-includes/plugin.php(517): WP_Hook->do_action(Array)
#19 /var/www/html/wp-content/themes/woo-vanilla/template-homepage.php(21): do_action('homepage')
#20 /var/www/html/wp-includes/template-loader.php(106): include('/var/www/html/w...')
#21 /var/www/html/wp-blog-header.php(19): require_once('/var/www/html/w...')
#22 /var/www/html/index.php(17): require('/var/www/html/w...')
#23 {main}
  thrown в /var/www/html/wp-content/themes/woo-vanilla/templates/loop/slider.php на строке 1

2023-04-08T10:47:34+00:00 CRITICAL Uncaught Error: Call to a member function get_id() on null in /var/www/html/wp-content/themes/woo-vanilla/templates/loop/slider.php:1
Stack trace:
#0 /var/www/html/wp-includes/template.php(785): require()
#1 /var/www/html/wp-includes/template.php(718): load_template('/var/www/html/w...', false, Array)
#2 /var/www/html/wp-includes/general-template.php(204): locate_template(Array, true, false, Array)
#3 /var/www/html/wp-content/themes/woo-vanilla/functions.php(26): get_template_part('templates/loop/...', '', Array)
#4 /var/www/html/wp-content/themes/woo-vanilla/inc/WooVanilla/TemplateFunctions.php(25): wv_temp('templates/loop/...', Array)
#5 /var/www/html/wp-includes/class-wp-hook.php(308): Awps\WooVanilla\TemplateFunctions->woovanilla_product_loop_slider('')
#6 /var/www/html/wp-includes/class-wp-hook.php(332): WP_Hook->apply_filters('', Array)
#7 /var/www/html/wp-includes/plugin.php(517): WP_Hook->do_action(Array)
#8 /var/www/html/wp-content/themes/woo-vanilla/woocommerce/content-product.php(43): do_action('woocommerce_bef...')
#9 /var/www/html/wp-includes/template.php(785): require('/var/www/html/w...')
#10 /var/www/html/wp-content/plugins/woocommerce/includes/wc-core-functions.php(284): load_template('/var/www/html/w...', false)
#11 /var/www/html/wp-content/plugins/woocommerce/includes/shortcodes/class-wc-shortcode-products.php(688): wc_get_template_part('content', 'product')
#12 /var/www/html/wp-content/plugins/woocommerce/includes/shortcodes/class-wc-shortcode-products.php(107): WC_Shortcode_Products->product_loop()
#13 /var/www/html/wp-content/plugins/woocommerce/includes/class-wc-shortcodes.php(283): WC_Shortcode_Products->get_content()
#14 [internal function]: WC_Shortcodes::products(Array, NULL, 'products')
#15 /var/www/html/wp-content/themes/woo-vanilla/inc/WooVanilla/Functions.php(19): call_user_func('WC_Shortcodes::...', Array, NULL, 'products')
#16 /var/www/html/wp-content/themes/woo-vanilla/inc/WooCommerce/TemplateFunctions.php(38): Awps\WooVanilla\Functions->woovanilla_do_shortcode('products', Array)
#17 /var/www/html/wp-includes/class-wp-hook.php(308): Awps\WooCommerce\TemplateFunctions->woovanilla_recent_products(Array)
#18 /var/www/html/wp-includes/class-wp-hook.php(332): WP_Hook->apply_filters('', Array)
#19 /var/www/html/wp-includes/plugin.php(517): WP_Hook->do_action(Array)
#20 /var/www/html/wp-content/themes/woo-vanilla/template-homepage.php(21): do_action('homepage')
#21 /var/www/html/wp-includes/template-loader.php(106): include('/var/www/html/w...')
#22 /var/www/html/wp-blog-header.php(19): require_once('/var/www/html/w...')
#23 /var/www/html/index.php(17): require('/var/www/html/w...')
#24 {main}
  thrown в /var/www/html/wp-content/themes/woo-vanilla/templates/loop/slider.php на строке 1

2023-04-08T11:00:28+00:00 CRITICAL Uncaught TypeError: call_user_func_array(): Argument #1 ($callback) must be a valid callback, class Awps\WooVanilla\TemplateFunctions does not have a method "woovanilla_product_loop_labels" in /var/www/html/wp-includes/class-wp-hook.php:308
Stack trace:
#0 /var/www/html/wp-includes/class-wp-hook.php(332): WP_Hook->apply_filters(NULL, Array)
#1 /var/www/html/wp-includes/plugin.php(517): WP_Hook->do_action(Array)
#2 /var/www/html/wp-content/themes/woo-vanilla/woocommerce/content-product.php(43): do_action('woocommerce_bef...')
#3 /var/www/html/wp-includes/template.php(785): require('/var/www/html/w...')
#4 /var/www/html/wp-content/plugins/woocommerce/includes/wc-core-functions.php(284): load_template('/var/www/html/w...', false)
#5 /var/www/html/wp-content/plugins/woocommerce/includes/shortcodes/class-wc-shortcode-products.php(688): wc_get_template_part('content', 'product')
#6 /var/www/html/wp-content/plugins/woocommerce/includes/shortcodes/class-wc-shortcode-products.php(107): WC_Shortcode_Products->product_loop()
#7 /var/www/html/wp-content/plugins/woocommerce/includes/class-wc-shortcodes.php(283): WC_Shortcode_Products->get_content()
#8 [internal function]: WC_Shortcodes::products(Array, NULL, 'products')
#9 /var/www/html/wp-content/themes/woo-vanilla/inc/WooVanilla/Functions.php(19): call_user_func('WC_Shortcodes::...', Array, NULL, 'products')
#10 /var/www/html/wp-content/themes/woo-vanilla/inc/WooCommerce/TemplateFunctions.php(38): Awps\WooVanilla\Functions->woovanilla_do_shortcode('products', Array)
#11 /var/www/html/wp-includes/class-wp-hook.php(308): Awps\WooCommerce\TemplateFunctions->woovanilla_recent_products(Array)
#12 /var/www/html/wp-includes/class-wp-hook.php(332): WP_Hook->apply_filters('', Array)
#13 /var/www/html/wp-includes/plugin.php(517): WP_Hook->do_action(Array)
#14 /var/www/html/wp-content/themes/woo-vanilla/template-homepage.php(21): do_action('homepage')
#15 /var/www/html/wp-includes/template-loader.php(106): include('/var/www/html/w...')
#16 /var/www/html/wp-blog-header.php(19): require_once('/var/www/html/w...')
#17 /var/www/html/index.php(17): require('/var/www/html/w...')
#18 {main}
  thrown в /var/www/html/wp-includes/class-wp-hook.php на строке 308

2023-04-08T11:04:49+00:00 CRITICAL Uncaught TypeError: call_user_func_array(): Argument #1 ($callback) must be a valid callback, class Awps\WooVanilla\TemplateFunctions does not have a method "woovanilla_product_loop_labels" in /var/www/html/wp-includes/class-wp-hook.php:308
Stack trace:
#0 /var/www/html/wp-includes/class-wp-hook.php(332): WP_Hook->apply_filters(NULL, Array)
#1 /var/www/html/wp-includes/plugin.php(517): WP_Hook->do_action(Array)
#2 /var/www/html/wp-content/themes/woo-vanilla/woocommerce/content-product.php(43): do_action('woocommerce_bef...')
#3 /var/www/html/wp-includes/template.php(785): require('/var/www/html/w...')
#4 /var/www/html/wp-content/plugins/woocommerce/includes/wc-core-functions.php(284): load_template('/var/www/html/w...', false)
#5 /var/www/html/wp-content/plugins/woocommerce/includes/shortcodes/class-wc-shortcode-products.php(688): wc_get_template_part('content', 'product')
#6 /var/www/html/wp-content/plugins/woocommerce/includes/shortcodes/class-wc-shortcode-products.php(107): WC_Shortcode_Products->product_loop()
#7 /var/www/html/wp-content/plugins/woocommerce/includes/class-wc-shortcodes.php(283): WC_Shortcode_Products->get_content()
#8 [internal function]: WC_Shortcodes::products(Array, NULL, 'products')
#9 /var/www/html/wp-content/themes/woo-vanilla/inc/WooVanilla/Functions.php(19): call_user_func('WC_Shortcodes::...', Array, NULL, 'products')
#10 /var/www/html/wp-content/themes/woo-vanilla/inc/WooVanilla/TemplateFunctions.php(36): Awps\WooVanilla\Functions->woovanilla_do_shortcode('products', Array)
#11 /var/www/html/wp-includes/class-wp-hook.php(308): Awps\WooVanilla\TemplateFunctions->woovanilla_recent_products(Array)
#12 /var/www/html/wp-includes/class-wp-hook.php(332): WP_Hook->apply_filters('', Array)
#13 /var/www/html/wp-includes/plugin.php(517): WP_Hook->do_action(Array)
#14 /var/www/html/wp-content/themes/woo-vanilla/template-homepage.php(21): do_action('homepage')
#15 /var/www/html/wp-includes/template-loader.php(106): include('/var/www/html/w...')
#16 /var/www/html/wp-blog-header.php(19): require_once('/var/www/html/w...')
#17 /var/www/html/index.php(17): require('/var/www/html/w...')
#18 {main}
  thrown в /var/www/html/wp-includes/class-wp-hook.php на строке 308

2023-04-08T11:06:37+00:00 CRITICAL Uncaught TypeError: call_user_func_array(): Argument #1 ($callback) must be a valid callback, array must have exactly two members in /var/www/html/wp-includes/class-wp-hook.php:308
Stack trace:
#0 /var/www/html/wp-includes/class-wp-hook.php(332): WP_Hook->apply_filters(NULL, Array)
#1 /var/www/html/wp-includes/plugin.php(517): WP_Hook->do_action(Array)
#2 /var/www/html/wp-content/themes/woo-vanilla/woocommerce/content-product.php(43): do_action('woocommerce_bef...')
#3 /var/www/html/wp-includes/template.php(785): require('/var/www/html/w...')
#4 /var/www/html/wp-content/plugins/woocommerce/includes/wc-core-functions.php(284): load_template('/var/www/html/w...', false)
#5 /var/www/html/wp-content/plugins/woocommerce/includes/shortcodes/class-wc-shortcode-products.php(688): wc_get_template_part('content', 'product')
#6 /var/www/html/wp-content/plugins/woocommerce/includes/shortcodes/class-wc-shortcode-products.php(107): WC_Shortcode_Products->product_loop()
#7 /var/www/html/wp-content/plugins/woocommerce/includes/class-wc-shortcodes.php(283): WC_Shortcode_Products->get_content()
#8 [internal function]: WC_Shortcodes::products(Array, NULL, 'products')
#9 /var/www/html/wp-content/themes/woo-vanilla/inc/WooVanilla/Functions.php(19): call_user_func('WC_Shortcodes::...', Array, NULL, 'products')
#10 /var/www/html/wp-content/themes/woo-vanilla/inc/WooVanilla/TemplateFunctions.php(36): Awps\WooVanilla\Functions->woovanilla_do_shortcode('products', Array)
#11 /var/www/html/wp-includes/class-wp-hook.php(308): Awps\WooVanilla\TemplateFunctions->woovanilla_recent_products(Array)
#12 /var/www/html/wp-includes/class-wp-hook.php(332): WP_Hook->apply_filters('', Array)
#13 /var/www/html/wp-includes/plugin.php(517): WP_Hook->do_action(Array)
#14 /var/www/html/wp-content/themes/woo-vanilla/template-homepage.php(21): do_action('homepage')
#15 /var/www/html/wp-includes/template-loader.php(106): include('/var/www/html/w...')
#16 /var/www/html/wp-blog-header.php(19): require_once('/var/www/html/w...')
#17 /var/www/html/index.php(17): require('/var/www/html/w...')
#18 {main}
  thrown в /var/www/html/wp-includes/class-wp-hook.php на строке 308

2023-04-08T11:06:49+00:00 CRITICAL Uncaught TypeError: call_user_func_array(): Argument #1 ($callback) must be a valid callback, array must have exactly two members in /var/www/html/wp-includes/class-wp-hook.php:308
Stack trace:
#0 /var/www/html/wp-includes/class-wp-hook.php(332): WP_Hook->apply_filters(NULL, Array)
#1 /var/www/html/wp-includes/plugin.php(517): WP_Hook->do_action(Array)
#2 /var/www/html/wp-content/themes/woo-vanilla/woocommerce/content-product.php(43): do_action('woocommerce_bef...')
#3 /var/www/html/wp-includes/template.php(785): require('/var/www/html/w...')
#4 /var/www/html/wp-content/plugins/woocommerce/includes/wc-core-functions.php(284): load_template('/var/www/html/w...', false)
#5 /var/www/html/wp-content/plugins/woocommerce/templates/single-product/related.php(43): wc_get_template_part('content', 'product')
#6 /var/www/html/wp-content/plugins/woocommerce/includes/wc-core-functions.php(345): include('/var/www/html/w...')
#7 /var/www/html/wp-content/plugins/woocommerce/includes/wc-template-functions.php(2072): wc_get_template('single-product/...', Array)
#8 /var/www/html/wp-content/plugins/woocommerce/includes/wc-template-functions.php(2035): woocommerce_related_products(Array)
#9 /var/www/html/wp-includes/class-wp-hook.php(308): woocommerce_output_related_products('')
#10 /var/www/html/wp-includes/class-wp-hook.php(332): WP_Hook->apply_filters(NULL, Array)
#11 /var/www/html/wp-includes/plugin.php(517): WP_Hook->do_action(Array)
#12 /var/www/html/wp-content/plugins/woocommerce/templates/content-single-product.php(72): do_action('woocommerce_aft...')
#13 /var/www/html/wp-includes/template.php(785): require('/var/www/html/w...')
#14 /var/www/html/wp-content/plugins/woocommerce/includes/wc-core-functions.php(284): load_template('/var/www/html/w...', false)
#15 /var/www/html/wp-content/themes/woo-vanilla/woocommerce/single-product.php(38): wc_get_template_part('content', 'single-product')
#16 /var/www/html/wp-includes/template-loader.php(106): include('/var/www/html/w...')
#17 /var/www/html/wp-blog-header.php(19): require_once('/var/www/html/w...')
#18 /var/www/html/index.php(17): require('/var/www/html/w...')
#19 {main}
  thrown в /var/www/html/wp-includes/class-wp-hook.php на строке 308

2023-04-08T11:08:29+00:00 CRITICAL Uncaught TypeError: call_user_func_array(): Argument #1 ($callback) must be a valid callback, array must have exactly two members in /var/www/html/wp-includes/class-wp-hook.php:308
Stack trace:
#0 /var/www/html/wp-includes/class-wp-hook.php(332): WP_Hook->apply_filters(NULL, Array)
#1 /var/www/html/wp-includes/plugin.php(517): WP_Hook->do_action(Array)
#2 /var/www/html/wp-content/themes/woo-vanilla/woocommerce/content-product.php(43): do_action('woocommerce_bef...')
#3 /var/www/html/wp-includes/template.php(785): require('/var/www/html/w...')
#4 /var/www/html/wp-content/plugins/woocommerce/includes/wc-core-functions.php(284): load_template('/var/www/html/w...', false)
#5 /var/www/html/wp-content/plugins/woocommerce/includes/shortcodes/class-wc-shortcode-products.php(688): wc_get_template_part('content', 'product')
#6 /var/www/html/wp-content/plugins/woocommerce/includes/shortcodes/class-wc-shortcode-products.php(107): WC_Shortcode_Products->product_loop()
#7 /var/www/html/wp-content/plugins/woocommerce/includes/class-wc-shortcodes.php(283): WC_Shortcode_Products->get_content()
#8 [internal function]: WC_Shortcodes::products(Array, NULL, 'products')
#9 /var/www/html/wp-content/themes/woo-vanilla/inc/WooVanilla/Functions.php(19): call_user_func('WC_Shortcodes::...', Array, NULL, 'products')
#10 /var/www/html/wp-content/themes/woo-vanilla/inc/WooVanilla/TemplateFunctions.php(36): Awps\WooVanilla\Functions->woovanilla_do_shortcode('products', Array)
#11 /var/www/html/wp-includes/class-wp-hook.php(308): Awps\WooVanilla\TemplateFunctions->woovanilla_recent_products(Array)
#12 /var/www/html/wp-includes/class-wp-hook.php(332): WP_Hook->apply_filters('', Array)
#13 /var/www/html/wp-includes/plugin.php(517): WP_Hook->do_action(Array)
#14 /var/www/html/wp-content/themes/woo-vanilla/template-homepage.php(21): do_action('homepage')
#15 /var/www/html/wp-includes/template-loader.php(106): include('/var/www/html/w...')
#16 /var/www/html/wp-blog-header.php(19): require_once('/var/www/html/w...')
#17 /var/www/html/index.php(17): require('/var/www/html/w...')
#18 {main}
  thrown в /var/www/html/wp-includes/class-wp-hook.php на строке 308

2023-04-08T11:08:57+00:00 CRITICAL Uncaught TypeError: call_user_func_array(): Argument #1 ($callback) must be a valid callback, array must have exactly two members in /var/www/html/wp-includes/class-wp-hook.php:308
Stack trace:
#0 /var/www/html/wp-includes/class-wp-hook.php(332): WP_Hook->apply_filters(NULL, Array)
#1 /var/www/html/wp-includes/plugin.php(517): WP_Hook->do_action(Array)
#2 /var/www/html/wp-content/themes/woo-vanilla/woocommerce/content-product.php(43): do_action('woocommerce_bef...')
#3 /var/www/html/wp-includes/template.php(785): require('/var/www/html/w...')
#4 /var/www/html/wp-content/plugins/woocommerce/includes/wc-core-functions.php(284): load_template('/var/www/html/w...', false)
#5 /var/www/html/wp-content/plugins/woocommerce/includes/shortcodes/class-wc-shortcode-products.php(688): wc_get_template_part('content', 'product')
#6 /var/www/html/wp-content/plugins/woocommerce/includes/shortcodes/class-wc-shortcode-products.php(107): WC_Shortcode_Products->product_loop()
#7 /var/www/html/wp-content/plugins/woocommerce/includes/class-wc-shortcodes.php(283): WC_Shortcode_Products->get_content()
#8 [internal function]: WC_Shortcodes::products(Array, NULL, 'products')
#9 /var/www/html/wp-content/themes/woo-vanilla/inc/WooVanilla/Functions.php(19): call_user_func('WC_Shortcodes::...', Array, NULL, 'products')
#10 /var/www/html/wp-content/themes/woo-vanilla/inc/WooVanilla/TemplateFunctions.php(36): Awps\WooVanilla\Functions->woovanilla_do_shortcode('products', Array)
#11 /var/www/html/wp-includes/class-wp-hook.php(308): Awps\WooVanilla\TemplateFunctions->woovanilla_recent_products(Array)
#12 /var/www/html/wp-includes/class-wp-hook.php(332): WP_Hook->apply_filters('', Array)
#13 /var/www/html/wp-includes/plugin.php(517): WP_Hook->do_action(Array)
#14 /var/www/html/wp-content/themes/woo-vanilla/template-homepage.php(21): do_action('homepage')
#15 /var/www/html/wp-includes/template-loader.php(106): include('/var/www/html/w...')
#16 /var/www/html/wp-blog-header.php(19): require_once('/var/www/html/w...')
#17 /var/www/html/index.php(17): require('/var/www/html/w...')
#18 {main}
  thrown в /var/www/html/wp-includes/class-wp-hook.php на строке 308

2023-04-08T11:09:37+00:00 CRITICAL Uncaught TypeError: call_user_func_array(): Argument #1 ($callback) must be a valid callback, array must have exactly two members in /var/www/html/wp-includes/class-wp-hook.php:308
Stack trace:
#0 /var/www/html/wp-includes/class-wp-hook.php(332): WP_Hook->apply_filters(NULL, Array)
#1 /var/www/html/wp-includes/plugin.php(517): WP_Hook->do_action(Array)
#2 /var/www/html/wp-content/themes/woo-vanilla/woocommerce/content-product.php(43): do_action('woocommerce_bef...')
#3 /var/www/html/wp-includes/template.php(785): require('/var/www/html/w...')
#4 /var/www/html/wp-content/plugins/woocommerce/includes/wc-core-functions.php(284): load_template('/var/www/html/w...', false)
#5 /var/www/html/wp-content/plugins/woocommerce/includes/shortcodes/class-wc-shortcode-products.php(688): wc_get_template_part('content', 'product')
#6 /var/www/html/wp-content/plugins/woocommerce/includes/shortcodes/class-wc-shortcode-products.php(107): WC_Shortcode_Products->product_loop()
#7 /var/www/html/wp-content/plugins/woocommerce/includes/class-wc-shortcodes.php(283): WC_Shortcode_Products->get_content()
#8 [internal function]: WC_Shortcodes::products(Array, NULL, 'products')
#9 /var/www/html/wp-content/themes/woo-vanilla/inc/WooVanilla/Functions.php(19): call_user_func('WC_Shortcodes::...', Array, NULL, 'products')
#10 /var/www/html/wp-content/themes/woo-vanilla/inc/WooVanilla/TemplateFunctions.php(36): Awps\WooVanilla\Functions->woovanilla_do_shortcode('products', Array)
#11 /var/www/html/wp-includes/class-wp-hook.php(308): Awps\WooVanilla\TemplateFunctions->woovanilla_recent_products(Array)
#12 /var/www/html/wp-includes/class-wp-hook.php(332): WP_Hook->apply_filters('', Array)
#13 /var/www/html/wp-includes/plugin.php(517): WP_Hook->do_action(Array)
#14 /var/www/html/wp-content/themes/woo-vanilla/template-homepage.php(21): do_action('homepage')
#15 /var/www/html/wp-includes/template-loader.php(106): include('/var/www/html/w...')
#16 /var/www/html/wp-blog-header.php(19): require_once('/var/www/html/w...')
#17 /var/www/html/index.php(17): require('/var/www/html/w...')
#18 {main}
  thrown в /var/www/html/wp-includes/class-wp-hook.php на строке 308

2023-04-08T11:10:50+00:00 CRITICAL Uncaught TypeError: call_user_func_array(): Argument #1 ($callback) must be a valid callback, array must have exactly two members in /var/www/html/wp-includes/class-wp-hook.php:308
Stack trace:
#0 /var/www/html/wp-includes/class-wp-hook.php(332): WP_Hook->apply_filters(NULL, Array)
#1 /var/www/html/wp-includes/plugin.php(517): WP_Hook->do_action(Array)
#2 /var/www/html/wp-content/themes/woo-vanilla/woocommerce/content-product.php(43): do_action('woocommerce_bef...')
#3 /var/www/html/wp-includes/template.php(785): require('/var/www/html/w...')
#4 /var/www/html/wp-content/plugins/woocommerce/includes/wc-core-functions.php(284): load_template('/var/www/html/w...', false)
#5 /var/www/html/wp-content/plugins/woocommerce/includes/shortcodes/class-wc-shortcode-products.php(688): wc_get_template_part('content', 'product')
#6 /var/www/html/wp-content/plugins/woocommerce/includes/shortcodes/class-wc-shortcode-products.php(107): WC_Shortcode_Products->product_loop()
#7 /var/www/html/wp-content/plugins/woocommerce/includes/class-wc-shortcodes.php(283): WC_Shortcode_Products->get_content()
#8 [internal function]: WC_Shortcodes::products(Array, NULL, 'products')
#9 /var/www/html/wp-content/themes/woo-vanilla/inc/WooVanilla/Functions.php(19): call_user_func('WC_Shortcodes::...', Array, NULL, 'products')
#10 /var/www/html/wp-content/themes/woo-vanilla/inc/WooVanilla/TemplateFunctions.php(36): Awps\WooVanilla\Functions->woovanilla_do_shortcode('products', Array)
#11 /var/www/html/wp-includes/class-wp-hook.php(308): Awps\WooVanilla\TemplateFunctions->woovanilla_recent_products(Array)
#12 /var/www/html/wp-includes/class-wp-hook.php(332): WP_Hook->apply_filters('', Array)
#13 /var/www/html/wp-includes/plugin.php(517): WP_Hook->do_action(Array)
#14 /var/www/html/wp-content/themes/woo-vanilla/template-homepage.php(21): do_action('homepage')
#15 /var/www/html/wp-includes/template-loader.php(106): include('/var/www/html/w...')
#16 /var/www/html/wp-blog-header.php(19): require_once('/var/www/html/w...')
#17 /var/www/html/index.php(17): require('/var/www/html/w...')
#18 {main}
  thrown в /var/www/html/wp-includes/class-wp-hook.php на строке 308

2023-04-08T11:10:58+00:00 CRITICAL Uncaught TypeError: call_user_func_array(): Argument #1 ($callback) must be a valid callback, array must have exactly two members in /var/www/html/wp-includes/class-wp-hook.php:308
Stack trace:
#0 /var/www/html/wp-includes/class-wp-hook.php(332): WP_Hook->apply_filters(NULL, Array)
#1 /var/www/html/wp-includes/plugin.php(517): WP_Hook->do_action(Array)
#2 /var/www/html/wp-content/themes/woo-vanilla/woocommerce/content-product.php(43): do_action('woocommerce_bef...')
#3 /var/www/html/wp-includes/template.php(785): require('/var/www/html/w...')
#4 /var/www/html/wp-content/plugins/woocommerce/includes/wc-core-functions.php(284): load_template('/var/www/html/w...', false)
#5 /var/www/html/wp-content/plugins/woocommerce/includes/shortcodes/class-wc-shortcode-products.php(688): wc_get_template_part('content', 'product')
#6 /var/www/html/wp-content/plugins/woocommerce/includes/shortcodes/class-wc-shortcode-products.php(107): WC_Shortcode_Products->product_loop()
#7 /var/www/html/wp-content/plugins/woocommerce/includes/class-wc-shortcodes.php(283): WC_Shortcode_Products->get_content()
#8 [internal function]: WC_Shortcodes::products(Array, NULL, 'products')
#9 /var/www/html/wp-content/themes/woo-vanilla/inc/WooVanilla/Functions.php(19): call_user_func('WC_Shortcodes::...', Array, NULL, 'products')
#10 /var/www/html/wp-content/themes/woo-vanilla/inc/WooVanilla/TemplateFunctions.php(36): Awps\WooVanilla\Functions->woovanilla_do_shortcode('products', Array)
#11 /var/www/html/wp-includes/class-wp-hook.php(308): Awps\WooVanilla\TemplateFunctions->woovanilla_recent_products(Array)
#12 /var/www/html/wp-includes/class-wp-hook.php(332): WP_Hook->apply_filters('', Array)
#13 /var/www/html/wp-includes/plugin.php(517): WP_Hook->do_action(Array)
#14 /var/www/html/wp-content/themes/woo-vanilla/template-homepage.php(21): do_action('homepage')
#15 /var/www/html/wp-includes/template-loader.php(106): include('/var/www/html/w...')
#16 /var/www/html/wp-blog-header.php(19): require_once('/var/www/html/w...')
#17 /var/www/html/index.php(17): require('/var/www/html/w...')
#18 {main}
  thrown в /var/www/html/wp-includes/class-wp-hook.php на строке 308

2023-04-08T11:11:15+00:00 CRITICAL Uncaught TypeError: call_user_func_array(): Argument #1 ($callback) must be a valid callback, array must have exactly two members in /var/www/html/wp-includes/class-wp-hook.php:308
Stack trace:
#0 /var/www/html/wp-includes/class-wp-hook.php(332): WP_Hook->apply_filters(NULL, Array)
#1 /var/www/html/wp-includes/plugin.php(517): WP_Hook->do_action(Array)
#2 /var/www/html/wp-content/themes/woo-vanilla/woocommerce/content-product.php(43): do_action('woocommerce_bef...')
#3 /var/www/html/wp-includes/template.php(785): require('/var/www/html/w...')
#4 /var/www/html/wp-content/plugins/woocommerce/includes/wc-core-functions.php(284): load_template('/var/www/html/w...', false)
#5 /var/www/html/wp-content/plugins/woocommerce/includes/shortcodes/class-wc-shortcode-products.php(688): wc_get_template_part('content', 'product')
#6 /var/www/html/wp-content/plugins/woocommerce/includes/shortcodes/class-wc-shortcode-products.php(107): WC_Shortcode_Products->product_loop()
#7 /var/www/html/wp-content/plugins/woocommerce/includes/class-wc-shortcodes.php(283): WC_Shortcode_Products->get_content()
#8 [internal function]: WC_Shortcodes::products(Array, NULL, 'products')
#9 /var/www/html/wp-content/themes/woo-vanilla/inc/WooVanilla/Functions.php(19): call_user_func('WC_Shortcodes::...', Array, NULL, 'products')
#10 /var/www/html/wp-content/themes/woo-vanilla/inc/WooVanilla/TemplateFunctions.php(36): Awps\WooVanilla\Functions->woovanilla_do_shortcode('products', Array)
#11 /var/www/html/wp-includes/class-wp-hook.php(308): Awps\WooVanilla\TemplateFunctions->woovanilla_recent_products(Array)
#12 /var/www/html/wp-includes/class-wp-hook.php(332): WP_Hook->apply_filters('', Array)
#13 /var/www/html/wp-includes/plugin.php(517): WP_Hook->do_action(Array)
#14 /var/www/html/wp-content/themes/woo-vanilla/template-homepage.php(21): do_action('homepage')
#15 /var/www/html/wp-includes/template-loader.php(106): include('/var/www/html/w...')
#16 /var/www/html/wp-blog-header.php(19): require_once('/var/www/html/w...')
#17 /var/www/html/index.php(17): require('/var/www/html/w...')
#18 {main}
  thrown в /var/www/html/wp-includes/class-wp-hook.php на строке 308

2023-04-08T11:16:15+00:00 CRITICAL Uncaught TypeError: call_user_func_array(): Argument #1 ($callback) must be a valid callback, array must have exactly two members in /var/www/html/wp-includes/class-wp-hook.php:308
Stack trace:
#0 /var/www/html/wp-includes/class-wp-hook.php(332): WP_Hook->apply_filters(NULL, Array)
#1 /var/www/html/wp-includes/plugin.php(517): WP_Hook->do_action(Array)
#2 /var/www/html/wp-content/themes/woo-vanilla/woocommerce/content-product.php(43): do_action('woocommerce_bef...')
#3 /var/www/html/wp-includes/template.php(785): require('/var/www/html/w...')
#4 /var/www/html/wp-content/plugins/woocommerce/includes/wc-core-functions.php(284): load_template('/var/www/html/w...', false)
#5 /var/www/html/wp-content/plugins/woocommerce/includes/shortcodes/class-wc-shortcode-products.php(688): wc_get_template_part('content', 'product')
#6 /var/www/html/wp-content/plugins/woocommerce/includes/shortcodes/class-wc-shortcode-products.php(107): WC_Shortcode_Products->product_loop()
#7 /var/www/html/wp-content/plugins/woocommerce/includes/class-wc-shortcodes.php(283): WC_Shortcode_Products->get_content()
#8 [internal function]: WC_Shortcodes::products(Array, NULL, 'products')
#9 /var/www/html/wp-content/themes/woo-vanilla/inc/WooVanilla/Functions.php(19): call_user_func('WC_Shortcodes::...', Array, NULL, 'products')
#10 /var/www/html/wp-content/themes/woo-vanilla/inc/WooVanilla/TemplateFunctions.php(36): Awps\WooVanilla\Functions->woovanilla_do_shortcode('products', Array)
#11 /var/www/html/wp-includes/class-wp-hook.php(308): Awps\WooVanilla\TemplateFunctions->woovanilla_recent_products(Array)
#12 /var/www/html/wp-includes/class-wp-hook.php(332): WP_Hook->apply_filters('', Array)
#13 /var/www/html/wp-includes/plugin.php(517): WP_Hook->do_action(Array)
#14 /var/www/html/wp-content/themes/woo-vanilla/template-homepage.php(21): do_action('homepage')
#15 /var/www/html/wp-includes/template-loader.php(106): include('/var/www/html/w...')
#16 /var/www/html/wp-blog-header.php(19): require_once('/var/www/html/w...')
#17 /var/www/html/index.php(17): require('/var/www/html/w...')
#18 {main}
  thrown в /var/www/html/wp-includes/class-wp-hook.php на строке 308

2023-04-08T11:16:45+00:00 CRITICAL Uncaught Error: Call to a member function get_id() on null in /var/www/html/wp-content/themes/woo-vanilla/templates/loop/slider.php:1
Stack trace:
#0 /var/www/html/wp-includes/template.php(785): require()
#1 /var/www/html/wp-includes/template.php(718): load_template('/var/www/html/w...', false, Array)
#2 /var/www/html/wp-includes/general-template.php(204): locate_template(Array, true, false, Array)
#3 /var/www/html/wp-content/themes/woo-vanilla/functions.php(26): get_template_part('templates/loop/...', '', Array)
#4 /var/www/html/wp-content/themes/woo-vanilla/inc/WooVanilla/TemplateFunctions.php(84): wv_temp('templates/loop/...', Array)
#5 /var/www/html/wp-includes/class-wp-hook.php(308): Awps\WooVanilla\TemplateFunctions->woovanilla_product_loop_slider('')
#6 /var/www/html/wp-includes/class-wp-hook.php(332): WP_Hook->apply_filters('', Array)
#7 /var/www/html/wp-includes/plugin.php(517): WP_Hook->do_action(Array)
#8 /var/www/html/wp-content/themes/woo-vanilla/woocommerce/content-product.php(43): do_action('woocommerce_bef...')
#9 /var/www/html/wp-includes/template.php(785): require('/var/www/html/w...')
#10 /var/www/html/wp-content/plugins/woocommerce/includes/wc-core-functions.php(284): load_template('/var/www/html/w...', false)
#11 /var/www/html/wp-content/plugins/woocommerce/includes/shortcodes/class-wc-shortcode-products.php(688): wc_get_template_part('content', 'product')
#12 /var/www/html/wp-content/plugins/woocommerce/includes/shortcodes/class-wc-shortcode-products.php(107): WC_Shortcode_Products->product_loop()
#13 /var/www/html/wp-content/plugins/woocommerce/includes/class-wc-shortcodes.php(283): WC_Shortcode_Products->get_content()
#14 [internal function]: WC_Shortcodes::products(Array, NULL, 'products')
#15 /var/www/html/wp-content/themes/woo-vanilla/inc/WooVanilla/Functions.php(19): call_user_func('WC_Shortcodes::...', Array, NULL, 'products')
#16 /var/www/html/wp-content/themes/woo-vanilla/inc/WooVanilla/TemplateFunctions.php(36): Awps\WooVanilla\Functions->woovanilla_do_shortcode('products', Array)
#17 /var/www/html/wp-includes/class-wp-hook.php(308): Awps\WooVanilla\TemplateFunctions->woovanilla_recent_products(Array)
#18 /var/www/html/wp-includes/class-wp-hook.php(332): WP_Hook->apply_filters('', Array)
#19 /var/www/html/wp-includes/plugin.php(517): WP_Hook->do_action(Array)
#20 /var/www/html/wp-content/themes/woo-vanilla/template-homepage.php(21): do_action('homepage')
#21 /var/www/html/wp-includes/template-loader.php(106): include('/var/www/html/w...')
#22 /var/www/html/wp-blog-header.php(19): require_once('/var/www/html/w...')
#23 /var/www/html/index.php(17): require('/var/www/html/w...')
#24 {main}
  thrown в /var/www/html/wp-content/themes/woo-vanilla/templates/loop/slider.php на строке 1

2023-04-08T11:17:37+00:00 CRITICAL Uncaught Error: Call to a member function get_id() on null in /var/www/html/wp-content/themes/woo-vanilla/templates/loop/slider.php:1
Stack trace:
#0 /var/www/html/wp-includes/template.php(785): require()
#1 /var/www/html/wp-includes/template.php(718): load_template('/var/www/html/w...', false, Array)
#2 /var/www/html/wp-includes/general-template.php(204): locate_template(Array, true, false, Array)
#3 /var/www/html/wp-content/themes/woo-vanilla/functions.php(26): get_template_part('templates/loop/...', '', Array)
#4 /var/www/html/wp-content/themes/woo-vanilla/inc/WooVanilla/TemplateFunctions.php(84): wv_temp('templates/loop/...', Array)
#5 /var/www/html/wp-includes/class-wp-hook.php(308): Awps\WooVanilla\TemplateFunctions->woovanilla_product_loop_slider('')
#6 /var/www/html/wp-includes/class-wp-hook.php(332): WP_Hook->apply_filters('', Array)
#7 /var/www/html/wp-includes/plugin.php(517): WP_Hook->do_action(Array)
#8 /var/www/html/wp-content/themes/woo-vanilla/woocommerce/content-product.php(43): do_action('woocommerce_bef...')
#9 /var/www/html/wp-includes/template.php(785): require('/var/www/html/w...')
#10 /var/www/html/wp-content/plugins/woocommerce/includes/wc-core-functions.php(284): load_template('/var/www/html/w...', false)
#11 /var/www/html/wp-content/plugins/woocommerce/includes/shortcodes/class-wc-shortcode-products.php(688): wc_get_template_part('content', 'product')
#12 /var/www/html/wp-content/plugins/woocommerce/includes/shortcodes/class-wc-shortcode-products.php(107): WC_Shortcode_Products->product_loop()
#13 /var/www/html/wp-content/plugins/woocommerce/includes/class-wc-shortcodes.php(283): WC_Shortcode_Products->get_content()
#14 [internal function]: WC_Shortcodes::products(Array, NULL, 'products')
#15 /var/www/html/wp-content/themes/woo-vanilla/inc/WooVanilla/Functions.php(19): call_user_func('WC_Shortcodes::...', Array, NULL, 'products')
#16 /var/www/html/wp-content/themes/woo-vanilla/inc/WooVanilla/TemplateFunctions.php(36): Awps\WooVanilla\Functions->woovanilla_do_shortcode('products', Array)
#17 /var/www/html/wp-includes/class-wp-hook.php(308): Awps\WooVanilla\TemplateFunctions->woovanilla_recent_products(Array)
#18 /var/www/html/wp-includes/class-wp-hook.php(332): WP_Hook->apply_filters('', Array)
#19 /var/www/html/wp-includes/plugin.php(517): WP_Hook->do_action(Array)
#20 /var/www/html/wp-content/themes/woo-vanilla/template-homepage.php(21): do_action('homepage')
#21 /var/www/html/wp-includes/template-loader.php(106): include('/var/www/html/w...')
#22 /var/www/html/wp-blog-header.php(19): require_once('/var/www/html/w...')
#23 /var/www/html/index.php(17): require('/var/www/html/w...')
#24 {main}
  thrown в /var/www/html/wp-content/themes/woo-vanilla/templates/loop/slider.php на строке 1

2023-04-08T11:19:55+00:00 CRITICAL Uncaught Error: Call to a member function get_id() on null in /var/www/html/wp-content/themes/woo-vanilla/templates/loop/slider.php:1
Stack trace:
#0 /var/www/html/wp-includes/template.php(785): require()
#1 /var/www/html/wp-includes/template.php(718): load_template('/var/www/html/w...', false, Array)
#2 /var/www/html/wp-includes/general-template.php(204): locate_template(Array, true, false, Array)
#3 /var/www/html/wp-content/themes/woo-vanilla/inc/WooVanilla/TemplateFunctions.php(83): get_template_part('templates/loop/...')
#4 /var/www/html/wp-includes/class-wp-hook.php(308): Awps\WooVanilla\TemplateFunctions->woovanilla_product_loop_slider('')
#5 /var/www/html/wp-includes/class-wp-hook.php(332): WP_Hook->apply_filters('', Array)
#6 /var/www/html/wp-includes/plugin.php(517): WP_Hook->do_action(Array)
#7 /var/www/html/wp-content/themes/woo-vanilla/woocommerce/content-product.php(43): do_action('woocommerce_bef...')
#8 /var/www/html/wp-includes/template.php(785): require('/var/www/html/w...')
#9 /var/www/html/wp-content/plugins/woocommerce/includes/wc-core-functions.php(284): load_template('/var/www/html/w...', false)
#10 /var/www/html/wp-content/plugins/woocommerce/includes/shortcodes/class-wc-shortcode-products.php(688): wc_get_template_part('content', 'product')
#11 /var/www/html/wp-content/plugins/woocommerce/includes/shortcodes/class-wc-shortcode-products.php(107): WC_Shortcode_Products->product_loop()
#12 /var/www/html/wp-content/plugins/woocommerce/includes/class-wc-shortcodes.php(283): WC_Shortcode_Products->get_content()
#13 [internal function]: WC_Shortcodes::products(Array, NULL, 'products')
#14 /var/www/html/wp-content/themes/woo-vanilla/inc/WooVanilla/Functions.php(19): call_user_func('WC_Shortcodes::...', Array, NULL, 'products')
#15 /var/www/html/wp-content/themes/woo-vanilla/inc/WooVanilla/TemplateFunctions.php(36): Awps\WooVanilla\Functions->woovanilla_do_shortcode('products', Array)
#16 /var/www/html/wp-includes/class-wp-hook.php(308): Awps\WooVanilla\TemplateFunctions->woovanilla_recent_products(Array)
#17 /var/www/html/wp-includes/class-wp-hook.php(332): WP_Hook->apply_filters('', Array)
#18 /var/www/html/wp-includes/plugin.php(517): WP_Hook->do_action(Array)
#19 /var/www/html/wp-content/themes/woo-vanilla/template-homepage.php(21): do_action('homepage')
#20 /var/www/html/wp-includes/template-loader.php(106): include('/var/www/html/w...')
#21 /var/www/html/wp-blog-header.php(19): require_once('/var/www/html/w...')
#22 /var/www/html/index.php(17): require('/var/www/html/w...')
#23 {main}
  thrown в /var/www/html/wp-content/themes/woo-vanilla/templates/loop/slider.php на строке 1

2023-04-08T11:22:35+00:00 CRITICAL Uncaught Error: Call to a member function get_id() on null in /var/www/html/wp-content/themes/woo-vanilla/templates/loop/slider.php:1
Stack trace:
#0 /var/www/html/wp-content/plugins/woocommerce/includes/wc-core-functions.php(345): include()
#1 /var/www/html/wp-content/themes/woo-vanilla/inc/WooVanilla/TemplateFunctions.php(83): wc_get_template('loop/slider.php', Array, 'templates')
#2 /var/www/html/wp-includes/class-wp-hook.php(308): Awps\WooVanilla\TemplateFunctions->woovanilla_product_loop_slider('')
#3 /var/www/html/wp-includes/class-wp-hook.php(332): WP_Hook->apply_filters('', Array)
#4 /var/www/html/wp-includes/plugin.php(517): WP_Hook->do_action(Array)
#5 /var/www/html/wp-content/themes/woo-vanilla/woocommerce/content-product.php(43): do_action('woocommerce_bef...')
#6 /var/www/html/wp-includes/template.php(785): require('/var/www/html/w...')
#7 /var/www/html/wp-content/plugins/woocommerce/includes/wc-core-functions.php(284): load_template('/var/www/html/w...', false)
#8 /var/www/html/wp-content/plugins/woocommerce/includes/shortcodes/class-wc-shortcode-products.php(688): wc_get_template_part('content', 'product')
#9 /var/www/html/wp-content/plugins/woocommerce/includes/shortcodes/class-wc-shortcode-products.php(107): WC_Shortcode_Products->product_loop()
#10 /var/www/html/wp-content/plugins/woocommerce/includes/class-wc-shortcodes.php(283): WC_Shortcode_Products->get_content()
#11 [internal function]: WC_Shortcodes::products(Array, NULL, 'products')
#12 /var/www/html/wp-content/themes/woo-vanilla/inc/WooVanilla/Functions.php(19): call_user_func('WC_Shortcodes::...', Array, NULL, 'products')
#13 /var/www/html/wp-content/themes/woo-vanilla/inc/WooVanilla/TemplateFunctions.php(36): Awps\WooVanilla\Functions->woovanilla_do_shortcode('products', Array)
#14 /var/www/html/wp-includes/class-wp-hook.php(308): Awps\WooVanilla\TemplateFunctions->woovanilla_recent_products(Array)
#15 /var/www/html/wp-includes/class-wp-hook.php(332): WP_Hook->apply_filters('', Array)
#16 /var/www/html/wp-includes/plugin.php(517): WP_Hook->do_action(Array)
#17 /var/www/html/wp-content/themes/woo-vanilla/template-homepage.php(21): do_action('homepage')
#18 /var/www/html/wp-includes/template-loader.php(106): include('/var/www/html/w...')
#19 /var/www/html/wp-blog-header.php(19): require_once('/var/www/html/w...')
#20 /var/www/html/index.php(17): require('/var/www/html/w...')
#21 {main}
  thrown в /var/www/html/wp-content/themes/woo-vanilla/templates/loop/slider.php на строке 1

2023-04-08T11:24:38+00:00 CRITICAL Uncaught Error: Call to a member function get_id() on null in /var/www/html/wp-content/themes/woo-vanilla/templates/loop/slider.php:1
Stack trace:
#0 /var/www/html/wp-content/plugins/woocommerce/includes/wc-core-functions.php(345): include()
#1 /var/www/html/wp-content/themes/woo-vanilla/inc/WooVanilla/TemplateFunctions.php(83): wc_get_template('loop/slider.php', Array, 'templates')
#2 /var/www/html/wp-includes/class-wp-hook.php(308): Awps\WooVanilla\TemplateFunctions->woovanilla_product_loop_slider('')
#3 /var/www/html/wp-includes/class-wp-hook.php(332): WP_Hook->apply_filters('', Array)
#4 /var/www/html/wp-includes/plugin.php(517): WP_Hook->do_action(Array)
#5 /var/www/html/wp-content/themes/woo-vanilla/woocommerce/content-product.php(43): do_action('woocommerce_bef...')
#6 /var/www/html/wp-includes/template.php(785): require('/var/www/html/w...')
#7 /var/www/html/wp-content/plugins/woocommerce/includes/wc-core-functions.php(284): load_template('/var/www/html/w...', false)
#8 /var/www/html/wp-content/plugins/woocommerce/includes/shortcodes/class-wc-shortcode-products.php(688): wc_get_template_part('content', 'product')
#9 /var/www/html/wp-content/plugins/woocommerce/includes/shortcodes/class-wc-shortcode-products.php(107): WC_Shortcode_Products->product_loop()
#10 /var/www/html/wp-content/plugins/woocommerce/includes/class-wc-shortcodes.php(283): WC_Shortcode_Products->get_content()
#11 [internal function]: WC_Shortcodes::products(Array, NULL, 'products')
#12 /var/www/html/wp-content/themes/woo-vanilla/inc/WooVanilla/Functions.php(19): call_user_func('WC_Shortcodes::...', Array, NULL, 'products')
#13 /var/www/html/wp-content/themes/woo-vanilla/inc/WooVanilla/TemplateFunctions.php(36): Awps\WooVanilla\Functions->woovanilla_do_shortcode('products', Array)
#14 /var/www/html/wp-includes/class-wp-hook.php(308): Awps\WooVanilla\TemplateFunctions->woovanilla_recent_products(Array)
#15 /var/www/html/wp-includes/class-wp-hook.php(332): WP_Hook->apply_filters('', Array)
#16 /var/www/html/wp-includes/plugin.php(517): WP_Hook->do_action(Array)
#17 /var/www/html/wp-content/themes/woo-vanilla/template-homepage.php(21): do_action('homepage')
#18 /var/www/html/wp-includes/template-loader.php(106): include('/var/www/html/w...')
#19 /var/www/html/wp-blog-header.php(19): require_once('/var/www/html/w...')
#20 /var/www/html/index.php(17): require('/var/www/html/w...')
#21 {main}
  thrown в /var/www/html/wp-content/themes/woo-vanilla/templates/loop/slider.php на строке 1

2023-04-08T20:00:21+00:00 CRITICAL Uncaught TypeError: call_user_func_array(): Argument #1 ($callback) must be a valid callback, class "WooVanilla\WV_Shortcodes_WV" not found in /var/www/html/wp-includes/class-wp-hook.php:308
Stack trace:
#0 /var/www/html/wp-includes/class-wp-hook.php(332): WP_Hook->apply_filters(NULL, Array)
#1 /var/www/html/wp-includes/plugin.php(517): WP_Hook->do_action(Array)
#2 /var/www/html/wp-settings.php(623): do_action('init')
#3 /var/www/html/wp-config.php(175): require_once('/var/www/html/w...')
#4 /var/www/html/wp-load.php(50): require_once('/var/www/html/w...')
#5 /var/www/html/wp-admin/admin-ajax.php(22): require_once('/var/www/html/w...')
#6 {main}
  thrown в /var/www/html/wp-includes/class-wp-hook.php на строке 308

2023-04-08T20:02:21+00:00 CRITICAL Uncaught TypeError: call_user_func_array(): Argument #1 ($callback) must be a valid callback, class "WooVanilla\WV_Shortcodes_WV" not found in /var/www/html/wp-includes/class-wp-hook.php:308
Stack trace:
#0 /var/www/html/wp-includes/class-wp-hook.php(332): WP_Hook->apply_filters(NULL, Array)
#1 /var/www/html/wp-includes/plugin.php(517): WP_Hook->do_action(Array)
#2 /var/www/html/wp-settings.php(623): do_action('init')
#3 /var/www/html/wp-config.php(175): require_once('/var/www/html/w...')
#4 /var/www/html/wp-load.php(50): require_once('/var/www/html/w...')
#5 /var/www/html/wp-admin/admin-ajax.php(22): require_once('/var/www/html/w...')
#6 {main}
  thrown в /var/www/html/wp-includes/class-wp-hook.php на строке 308

2023-04-08T20:04:22+00:00 CRITICAL Uncaught TypeError: call_user_func_array(): Argument #1 ($callback) must be a valid callback, class "WooVanilla\WV_Shortcodes_WV" not found in /var/www/html/wp-includes/class-wp-hook.php:308
Stack trace:
#0 /var/www/html/wp-includes/class-wp-hook.php(332): WP_Hook->apply_filters(NULL, Array)
#1 /var/www/html/wp-includes/plugin.php(517): WP_Hook->do_action(Array)
#2 /var/www/html/wp-settings.php(623): do_action('init')
#3 /var/www/html/wp-config.php(175): require_once('/var/www/html/w...')
#4 /var/www/html/wp-load.php(50): require_once('/var/www/html/w...')
#5 /var/www/html/wp-admin/admin-ajax.php(22): require_once('/var/www/html/w...')
#6 {main}
  thrown в /var/www/html/wp-includes/class-wp-hook.php на строке 308

2023-04-08T20:06:23+00:00 CRITICAL Uncaught TypeError: call_user_func_array(): Argument #1 ($callback) must be a valid callback, class "WooVanilla\WV_Shortcodes_WV" not found in /var/www/html/wp-includes/class-wp-hook.php:308
Stack trace:
#0 /var/www/html/wp-includes/class-wp-hook.php(332): WP_Hook->apply_filters(NULL, Array)
#1 /var/www/html/wp-includes/plugin.php(517): WP_Hook->do_action(Array)
#2 /var/www/html/wp-settings.php(623): do_action('init')
#3 /var/www/html/wp-config.php(175): require_once('/var/www/html/w...')
#4 /var/www/html/wp-load.php(50): require_once('/var/www/html/w...')
#5 /var/www/html/wp-admin/admin-ajax.php(22): require_once('/var/www/html/w...')
#6 {main}
  thrown в /var/www/html/wp-includes/class-wp-hook.php на строке 308

2023-04-08T20:10:25+00:00 CRITICAL Uncaught Error: Call to a member function get_gallery_image_ids() on null in /var/www/html/wp-content/themes/woo-vanilla/inc/WooVanilla/TemplateFunctions.php:98
Stack trace:
#0 /var/www/html/wp-content/themes/woo-vanilla/inc/WooVanilla/TemplateHooks.php(29): Awps\WooVanilla\TemplateFunctions::woovanilla_template_product_loop_slider()
#1 /var/www/html/wp-content/themes/woo-vanilla/inc/WooVanilla/TemplateHooks.php(10): Awps\WooVanilla\TemplateHooks->product_loop_items()
#2 /var/www/html/wp-content/themes/woo-vanilla/inc/Init.php(67): Awps\WooVanilla\TemplateHooks->__construct()
#3 /var/www/html/wp-content/themes/woo-vanilla/inc/Init.php(53): Awps\Init::instantiate('Awps\\WooVanilla...')
#4 /var/www/html/wp-content/themes/woo-vanilla/functions.php(21): Awps\Init::register_services()
#5 /var/www/html/wp-settings.php(591): include('/var/www/html/w...')
#6 /var/www/html/wp-config.php(175): require_once('/var/www/html/w...')
#7 /var/www/html/wp-load.php(50): require_once('/var/www/html/w...')
#8 /var/www/html/wp-admin/admin-ajax.php(22): require_once('/var/www/html/w...')
#9 {main}
  thrown в /var/www/html/wp-content/themes/woo-vanilla/inc/WooVanilla/TemplateFunctions.php на строке 98

2023-04-08T20:12:06+00:00 CRITICAL Uncaught Error: Call to a member function get_gallery_image_ids() on null in /var/www/html/wp-content/themes/woo-vanilla/inc/WooVanilla/TemplateFunctions.php:120
Stack trace:
#0 /var/www/html/wp-content/themes/woo-vanilla/inc/WooVanilla/TemplateHooks.php(29): Awps\WooVanilla\TemplateFunctions::woovanilla_template_product_loop_slider()
#1 /var/www/html/wp-content/themes/woo-vanilla/inc/WooVanilla/TemplateHooks.php(10): Awps\WooVanilla\TemplateHooks->product_loop_items()
#2 /var/www/html/wp-content/themes/woo-vanilla/inc/Init.php(67): Awps\WooVanilla\TemplateHooks->__construct()
#3 /var/www/html/wp-content/themes/woo-vanilla/inc/Init.php(53): Awps\Init::instantiate('Awps\\WooVanilla...')
#4 /var/www/html/wp-content/themes/woo-vanilla/functions.php(21): Awps\Init::register_services()
#5 /var/www/html/wp-settings.php(591): include('/var/www/html/w...')
#6 /var/www/html/wp-config.php(175): require_once('/var/www/html/w...')
#7 /var/www/html/wp-load.php(50): require_once('/var/www/html/w...')
#8 /var/www/html/wp-blog-header.php(13): require_once('/var/www/html/w...')
#9 /var/www/html/index.php(17): require('/var/www/html/w...')
#10 {main}
  thrown в /var/www/html/wp-content/themes/woo-vanilla/inc/WooVanilla/TemplateFunctions.php на строке 120

2023-04-08T20:12:08+00:00 CRITICAL Uncaught Error: Call to a member function get_gallery_image_ids() on null in /var/www/html/wp-content/themes/woo-vanilla/inc/WooVanilla/TemplateFunctions.php:120
Stack trace:
#0 /var/www/html/wp-content/themes/woo-vanilla/inc/WooVanilla/TemplateHooks.php(29): Awps\WooVanilla\TemplateFunctions::woovanilla_template_product_loop_slider()
#1 /var/www/html/wp-content/themes/woo-vanilla/inc/WooVanilla/TemplateHooks.php(10): Awps\WooVanilla\TemplateHooks->product_loop_items()
#2 /var/www/html/wp-content/themes/woo-vanilla/inc/Init.php(67): Awps\WooVanilla\TemplateHooks->__construct()
#3 /var/www/html/wp-content/themes/woo-vanilla/inc/Init.php(53): Awps\Init::instantiate('Awps\\WooVanilla...')
#4 /var/www/html/wp-content/themes/woo-vanilla/functions.php(21): Awps\Init::register_services()
#5 /var/www/html/wp-settings.php(591): include('/var/www/html/w...')
#6 /var/www/html/wp-config.php(175): require_once('/var/www/html/w...')
#7 /var/www/html/wp-load.php(50): require_once('/var/www/html/w...')
#8 /var/www/html/wp-blog-header.php(13): require_once('/var/www/html/w...')
#9 /var/www/html/index.php(17): require('/var/www/html/w...')
#10 {main}
  thrown в /var/www/html/wp-content/themes/woo-vanilla/inc/WooVanilla/TemplateFunctions.php на строке 120

2023-04-08T20:12:26+00:00 CRITICAL Uncaught Error: Call to a member function get_gallery_image_ids() on null in /var/www/html/wp-content/themes/woo-vanilla/inc/WooVanilla/TemplateFunctions.php:120
Stack trace:
#0 /var/www/html/wp-content/themes/woo-vanilla/inc/WooVanilla/TemplateHooks.php(29): Awps\WooVanilla\TemplateFunctions::woovanilla_template_product_loop_slider()
#1 /var/www/html/wp-content/themes/woo-vanilla/inc/WooVanilla/TemplateHooks.php(10): Awps\WooVanilla\TemplateHooks->product_loop_items()
#2 /var/www/html/wp-content/themes/woo-vanilla/inc/Init.php(67): Awps\WooVanilla\TemplateHooks->__construct()
#3 /var/www/html/wp-content/themes/woo-vanilla/inc/Init.php(53): Awps\Init::instantiate('Awps\\WooVanilla...')
#4 /var/www/html/wp-content/themes/woo-vanilla/functions.php(21): Awps\Init::register_services()
#5 /var/www/html/wp-settings.php(591): include('/var/www/html/w...')
#6 /var/www/html/wp-config.php(175): require_once('/var/www/html/w...')
#7 /var/www/html/wp-load.php(50): require_once('/var/www/html/w...')
#8 /var/www/html/wp-admin/admin-ajax.php(22): require_once('/var/www/html/w...')
#9 {main}
  thrown в /var/www/html/wp-content/themes/woo-vanilla/inc/WooVanilla/TemplateFunctions.php на строке 120

2023-04-08T20:14:48+00:00 CRITICAL Uncaught Error: Call to a member function get_gallery_image_ids() on null in /var/www/html/wp-content/themes/woo-vanilla/inc/WooVanilla/TemplateFunctions.php:120
Stack trace:
#0 /var/www/html/wp-content/themes/woo-vanilla/inc/WooVanilla/TemplateHooks.php(29): Awps\WooVanilla\TemplateFunctions::woovanilla_template_product_loop_slider()
#1 /var/www/html/wp-content/themes/woo-vanilla/inc/WooVanilla/TemplateHooks.php(10): Awps\WooVanilla\TemplateHooks->product_loop_items()
#2 /var/www/html/wp-content/themes/woo-vanilla/inc/Init.php(67): Awps\WooVanilla\TemplateHooks->__construct()
#3 /var/www/html/wp-content/themes/woo-vanilla/inc/Init.php(53): Awps\Init::instantiate('Awps\\WooVanilla...')
#4 /var/www/html/wp-content/themes/woo-vanilla/functions.php(21): Awps\Init::register_services()
#5 /var/www/html/wp-settings.php(591): include('/var/www/html/w...')
#6 /var/www/html/wp-config.php(175): require_once('/var/www/html/w...')
#7 /var/www/html/wp-load.php(50): require_once('/var/www/html/w...')
#8 /var/www/html/wp-blog-header.php(13): require_once('/var/www/html/w...')
#9 /var/www/html/index.php(17): require('/var/www/html/w...')
#10 {main}
  thrown в /var/www/html/wp-content/themes/woo-vanilla/inc/WooVanilla/TemplateFunctions.php на строке 120

2023-04-08T20:14:48+00:00 CRITICAL Uncaught Error: Call to a member function get_gallery_image_ids() on null in /var/www/html/wp-content/themes/woo-vanilla/inc/WooVanilla/TemplateFunctions.php:120
Stack trace:
#0 /var/www/html/wp-content/themes/woo-vanilla/inc/WooVanilla/TemplateHooks.php(29): Awps\WooVanilla\TemplateFunctions::woovanilla_template_product_loop_slider()
#1 /var/www/html/wp-content/themes/woo-vanilla/inc/WooVanilla/TemplateHooks.php(10): Awps\WooVanilla\TemplateHooks->product_loop_items()
#2 /var/www/html/wp-content/themes/woo-vanilla/inc/Init.php(67): Awps\WooVanilla\TemplateHooks->__construct()
#3 /var/www/html/wp-content/themes/woo-vanilla/inc/Init.php(53): Awps\Init::instantiate('Awps\\WooVanilla...')
#4 /var/www/html/wp-content/themes/woo-vanilla/functions.php(21): Awps\Init::register_services()
#5 /var/www/html/wp-settings.php(591): include('/var/www/html/w...')
#6 /var/www/html/wp-config.php(175): require_once('/var/www/html/w...')
#7 /var/www/html/wp-load.php(50): require_once('/var/www/html/w...')
#8 /var/www/html/wp-blog-header.php(13): require_once('/var/www/html/w...')
#9 /var/www/html/index.php(17): require('/var/www/html/w...')
#10 {main}
  thrown в /var/www/html/wp-content/themes/woo-vanilla/inc/WooVanilla/TemplateFunctions.php на строке 120

2023-04-08T20:15:23+00:00 CRITICAL Uncaught Error: Call to a member function get_gallery_image_ids() on null in /var/www/html/wp-content/themes/woo-vanilla/inc/WooVanilla/TemplateFunctions.php:120
Stack trace:
#0 /var/www/html/wp-content/themes/woo-vanilla/inc/WooVanilla/TemplateHooks.php(29): Awps\WooVanilla\TemplateFunctions::woovanilla_template_product_loop_slider()
#1 /var/www/html/wp-content/themes/woo-vanilla/inc/WooVanilla/TemplateHooks.php(10): Awps\WooVanilla\TemplateHooks->product_loop_items()
#2 /var/www/html/wp-content/themes/woo-vanilla/inc/Init.php(67): Awps\WooVanilla\TemplateHooks->__construct()
#3 /var/www/html/wp-content/themes/woo-vanilla/inc/Init.php(53): Awps\Init::instantiate('Awps\\WooVanilla...')
#4 /var/www/html/wp-content/themes/woo-vanilla/functions.php(21): Awps\Init::register_services()
#5 /var/www/html/wp-settings.php(591): include('/var/www/html/w...')
#6 /var/www/html/wp-config.php(175): require_once('/var/www/html/w...')
#7 /var/www/html/wp-load.php(50): require_once('/var/www/html/w...')
#8 /var/www/html/wp-blog-header.php(13): require_once('/var/www/html/w...')
#9 /var/www/html/index.php(17): require('/var/www/html/w...')
#10 {main}
  thrown в /var/www/html/wp-content/themes/woo-vanilla/inc/WooVanilla/TemplateFunctions.php на строке 120

2023-04-08T20:16:05+00:00 CRITICAL Uncaught Error: Call to a member function get_gallery_image_ids() on null in /var/www/html/wp-content/themes/woo-vanilla/inc/WooVanilla/TemplateFunctions.php:120
Stack trace:
#0 /var/www/html/wp-content/themes/woo-vanilla/inc/WooVanilla/TemplateHooks.php(29): Awps\WooVanilla\TemplateFunctions::woovanilla_template_product_loop_slider()
#1 /var/www/html/wp-content/themes/woo-vanilla/inc/WooVanilla/TemplateHooks.php(10): Awps\WooVanilla\TemplateHooks->product_loop_items()
#2 /var/www/html/wp-content/themes/woo-vanilla/inc/Init.php(67): Awps\WooVanilla\TemplateHooks->__construct()
#3 /var/www/html/wp-content/themes/woo-vanilla/inc/Init.php(53): Awps\Init::instantiate('Awps\\WooVanilla...')
#4 /var/www/html/wp-content/themes/woo-vanilla/functions.php(21): Awps\Init::register_services()
#5 /var/www/html/wp-settings.php(591): include('/var/www/html/w...')
#6 /var/www/html/wp-config.php(175): require_once('/var/www/html/w...')
#7 /var/www/html/wp-load.php(50): require_once('/var/www/html/w...')
#8 /var/www/html/wp-blog-header.php(13): require_once('/var/www/html/w...')
#9 /var/www/html/index.php(17): require('/var/www/html/w...')
#10 {main}
  thrown в /var/www/html/wp-content/themes/woo-vanilla/inc/WooVanilla/TemplateFunctions.php на строке 120

2023-04-08T20:16:11+00:00 CRITICAL Uncaught Error: Call to a member function get_gallery_image_ids() on null in /var/www/html/wp-content/themes/woo-vanilla/inc/WooVanilla/TemplateFunctions.php:120
Stack trace:
#0 /var/www/html/wp-content/themes/woo-vanilla/inc/WooVanilla/TemplateHooks.php(29): Awps\WooVanilla\TemplateFunctions::woovanilla_template_product_loop_slider()
#1 /var/www/html/wp-content/themes/woo-vanilla/inc/WooVanilla/TemplateHooks.php(10): Awps\WooVanilla\TemplateHooks->product_loop_items()
#2 /var/www/html/wp-content/themes/woo-vanilla/inc/Init.php(67): Awps\WooVanilla\TemplateHooks->__construct()
#3 /var/www/html/wp-content/themes/woo-vanilla/inc/Init.php(53): Awps\Init::instantiate('Awps\\WooVanilla...')
#4 /var/www/html/wp-content/themes/woo-vanilla/functions.php(21): Awps\Init::register_services()
#5 /var/www/html/wp-settings.php(591): include('/var/www/html/w...')
#6 /var/www/html/wp-config.php(175): require_once('/var/www/html/w...')
#7 /var/www/html/wp-load.php(50): require_once('/var/www/html/w...')
#8 /var/www/html/wp-admin/admin.php(34): require_once('/var/www/html/w...')
#9 /var/www/html/wp-admin/plugins.php(10): require_once('/var/www/html/w...')
#10 {main}
  thrown в /var/www/html/wp-content/themes/woo-vanilla/inc/WooVanilla/TemplateFunctions.php на строке 120

2023-04-08T20:16:15+00:00 CRITICAL Uncaught Error: Call to a member function get_gallery_image_ids() on null in /var/www/html/wp-content/themes/woo-vanilla/inc/WooVanilla/TemplateFunctions.php:120
Stack trace:
#0 /var/www/html/wp-content/themes/woo-vanilla/inc/WooVanilla/TemplateHooks.php(29): Awps\WooVanilla\TemplateFunctions::woovanilla_template_product_loop_slider()
#1 /var/www/html/wp-content/themes/woo-vanilla/inc/WooVanilla/TemplateHooks.php(10): Awps\WooVanilla\TemplateHooks->product_loop_items()
#2 /var/www/html/wp-content/themes/woo-vanilla/inc/Init.php(67): Awps\WooVanilla\TemplateHooks->__construct()
#3 /var/www/html/wp-content/themes/woo-vanilla/inc/Init.php(53): Awps\Init::instantiate('Awps\\WooVanilla...')
#4 /var/www/html/wp-content/themes/woo-vanilla/functions.php(21): Awps\Init::register_services()
#5 /var/www/html/wp-settings.php(591): include('/var/www/html/w...')
#6 /var/www/html/wp-config.php(175): require_once('/var/www/html/w...')
#7 /var/www/html/wp-load.php(50): require_once('/var/www/html/w...')
#8 /var/www/html/wp-blog-header.php(13): require_once('/var/www/html/w...')
#9 /var/www/html/index.php(17): require('/var/www/html/w...')
#10 {main}
  thrown в /var/www/html/wp-content/themes/woo-vanilla/inc/WooVanilla/TemplateFunctions.php на строке 120

2023-04-08T20:16:21+00:00 CRITICAL Uncaught Error: Call to a member function get_gallery_image_ids() on null in /var/www/html/wp-content/themes/woo-vanilla/inc/WooVanilla/TemplateFunctions.php:120
Stack trace:
#0 /var/www/html/wp-content/themes/woo-vanilla/inc/WooVanilla/TemplateHooks.php(29): Awps\WooVanilla\TemplateFunctions::woovanilla_template_product_loop_slider()
#1 /var/www/html/wp-content/themes/woo-vanilla/inc/WooVanilla/TemplateHooks.php(10): Awps\WooVanilla\TemplateHooks->product_loop_items()
#2 /var/www/html/wp-content/themes/woo-vanilla/inc/Init.php(67): Awps\WooVanilla\TemplateHooks->__construct()
#3 /var/www/html/wp-content/themes/woo-vanilla/inc/Init.php(53): Awps\Init::instantiate('Awps\\WooVanilla...')
#4 /var/www/html/wp-content/themes/woo-vanilla/functions.php(21): Awps\Init::register_services()
#5 /var/www/html/wp-settings.php(591): include('/var/www/html/w...')
#6 /var/www/html/wp-config.php(175): require_once('/var/www/html/w...')
#7 /var/www/html/wp-load.php(50): require_once('/var/www/html/w...')
#8 /var/www/html/wp-admin/admin.php(34): require_once('/var/www/html/w...')
#9 /var/www/html/wp-admin/plugins.php(10): require_once('/var/www/html/w...')
#10 {main}
  thrown в /var/www/html/wp-content/themes/woo-vanilla/inc/WooVanilla/TemplateFunctions.php на строке 120

2023-04-08T20:16:26+00:00 CRITICAL Uncaught Error: Call to a member function get_gallery_image_ids() on null in /var/www/html/wp-content/themes/woo-vanilla/inc/WooVanilla/TemplateFunctions.php:120
Stack trace:
#0 /var/www/html/wp-content/themes/woo-vanilla/inc/WooVanilla/TemplateHooks.php(29): Awps\WooVanilla\TemplateFunctions::woovanilla_template_product_loop_slider()
#1 /var/www/html/wp-content/themes/woo-vanilla/inc/WooVanilla/TemplateHooks.php(10): Awps\WooVanilla\TemplateHooks->product_loop_items()
#2 /var/www/html/wp-content/themes/woo-vanilla/inc/Init.php(67): Awps\WooVanilla\TemplateHooks->__construct()
#3 /var/www/html/wp-content/themes/woo-vanilla/inc/Init.php(53): Awps\Init::instantiate('Awps\\WooVanilla...')
#4 /var/www/html/wp-content/themes/woo-vanilla/functions.php(21): Awps\Init::register_services()
#5 /var/www/html/wp-settings.php(591): include('/var/www/html/w...')
#6 /var/www/html/wp-config.php(175): require_once('/var/www/html/w...')
#7 /var/www/html/wp-load.php(50): require_once('/var/www/html/w...')
#8 /var/www/html/wp-blog-header.php(13): require_once('/var/www/html/w...')
#9 /var/www/html/index.php(17): require('/var/www/html/w...')
#10 {main}
  thrown в /var/www/html/wp-content/themes/woo-vanilla/inc/WooVanilla/TemplateFunctions.php на строке 120

2023-04-08T20:17:33+00:00 CRITICAL Uncaught TypeError: call_user_func_array(): Argument #1 ($callback) must be a valid callback, class "WooVanilla\WV_Shortcodes_WV" not found in /var/www/html/wp-includes/class-wp-hook.php:308
Stack trace:
#0 /var/www/html/wp-includes/class-wp-hook.php(332): WP_Hook->apply_filters(NULL, Array)
#1 /var/www/html/wp-includes/plugin.php(517): WP_Hook->do_action(Array)
#2 /var/www/html/wp-settings.php(623): do_action('init')
#3 /var/www/html/wp-config.php(175): require_once('/var/www/html/w...')
#4 /var/www/html/wp-load.php(50): require_once('/var/www/html/w...')
#5 /var/www/html/wp-admin/admin.php(34): require_once('/var/www/html/w...')
#6 /var/www/html/wp-admin/plugins.php(10): require_once('/var/www/html/w...')
#7 {main}
  thrown в /var/www/html/wp-includes/class-wp-hook.php на строке 308

2023-04-08T20:17:35+00:00 CRITICAL Uncaught TypeError: call_user_func_array(): Argument #1 ($callback) must be a valid callback, class "WooVanilla\WV_Shortcodes_WV" not found in /var/www/html/wp-includes/class-wp-hook.php:308
Stack trace:
#0 /var/www/html/wp-includes/class-wp-hook.php(332): WP_Hook->apply_filters(NULL, Array)
#1 /var/www/html/wp-includes/plugin.php(517): WP_Hook->do_action(Array)
#2 /var/www/html/wp-settings.php(623): do_action('init')
#3 /var/www/html/wp-config.php(175): require_once('/var/www/html/w...')
#4 /var/www/html/wp-load.php(50): require_once('/var/www/html/w...')
#5 /var/www/html/wp-blog-header.php(13): require_once('/var/www/html/w...')
#6 /var/www/html/index.php(17): require('/var/www/html/w...')
#7 {main}
  thrown в /var/www/html/wp-includes/class-wp-hook.php на строке 308

2023-04-08T20:18:32+00:00 CRITICAL Uncaught Error: Call to a member function get_gallery_image_ids() on null in /var/www/html/wp-content/themes/woo-vanilla/inc/WooVanilla/TemplateFunctions.php:120
Stack trace:
#0 /var/www/html/wp-content/themes/woo-vanilla/inc/WooVanilla/TemplateHooks.php(29): Awps\WooVanilla\TemplateFunctions::woovanilla_template_product_loop_slider()
#1 /var/www/html/wp-content/themes/woo-vanilla/inc/WooVanilla/TemplateHooks.php(10): Awps\WooVanilla\TemplateHooks->product_loop_items()
#2 /var/www/html/wp-content/themes/woo-vanilla/inc/Init.php(67): Awps\WooVanilla\TemplateHooks->__construct()
#3 /var/www/html/wp-content/themes/woo-vanilla/inc/Init.php(53): Awps\Init::instantiate('Awps\\WooVanilla...')
#4 /var/www/html/wp-content/themes/woo-vanilla/functions.php(21): Awps\Init::register_services()
#5 /var/www/html/wp-settings.php(591): include('/var/www/html/w...')
#6 /var/www/html/wp-config.php(175): require_once('/var/www/html/w...')
#7 /var/www/html/wp-load.php(50): require_once('/var/www/html/w...')
#8 /var/www/html/wp-admin/admin.php(34): require_once('/var/www/html/w...')
#9 /var/www/html/wp-admin/plugins.php(10): require_once('/var/www/html/w...')
#10 {main}
  thrown в /var/www/html/wp-content/themes/woo-vanilla/inc/WooVanilla/TemplateFunctions.php на строке 120

2023-04-08T20:18:34+00:00 CRITICAL Uncaught Error: Call to a member function get_gallery_image_ids() on null in /var/www/html/wp-content/themes/woo-vanilla/inc/WooVanilla/TemplateFunctions.php:120
Stack trace:
#0 /var/www/html/wp-content/themes/woo-vanilla/inc/WooVanilla/TemplateHooks.php(29): Awps\WooVanilla\TemplateFunctions::woovanilla_template_product_loop_slider()
#1 /var/www/html/wp-content/themes/woo-vanilla/inc/WooVanilla/TemplateHooks.php(10): Awps\WooVanilla\TemplateHooks->product_loop_items()
#2 /var/www/html/wp-content/themes/woo-vanilla/inc/Init.php(67): Awps\WooVanilla\TemplateHooks->__construct()
#3 /var/www/html/wp-content/themes/woo-vanilla/inc/Init.php(53): Awps\Init::instantiate('Awps\\WooVanilla...')
#4 /var/www/html/wp-content/themes/woo-vanilla/functions.php(21): Awps\Init::register_services()
#5 /var/www/html/wp-settings.php(591): include('/var/www/html/w...')
#6 /var/www/html/wp-config.php(175): require_once('/var/www/html/w...')
#7 /var/www/html/wp-load.php(50): require_once('/var/www/html/w...')
#8 /var/www/html/wp-blog-header.php(13): require_once('/var/www/html/w...')
#9 /var/www/html/index.php(17): require('/var/www/html/w...')
#10 {main}
  thrown в /var/www/html/wp-content/themes/woo-vanilla/inc/WooVanilla/TemplateFunctions.php на строке 120

2023-04-08T20:20:43+00:00 CRITICAL Uncaught Error: Call to a member function get_gallery_image_ids() on null in /var/www/html/wp-content/themes/woo-vanilla/inc/WooVanilla/TemplateFunctions.php:120
Stack trace:
#0 /var/www/html/wp-content/themes/woo-vanilla/inc/WooVanilla/TemplateHooks.php(29): Awps\WooVanilla\TemplateFunctions::woovanilla_template_product_loop_slider()
#1 /var/www/html/wp-content/themes/woo-vanilla/inc/WooVanilla/TemplateHooks.php(10): Awps\WooVanilla\TemplateHooks->product_loop_items()
#2 /var/www/html/wp-content/themes/woo-vanilla/inc/Init.php(67): Awps\WooVanilla\TemplateHooks->__construct()
#3 /var/www/html/wp-content/themes/woo-vanilla/inc/Init.php(53): Awps\Init::instantiate('Awps\\WooVanilla...')
#4 /var/www/html/wp-content/themes/woo-vanilla/functions.php(21): Awps\Init::register_services()
#5 /var/www/html/wp-settings.php(591): include('/var/www/html/w...')
#6 /var/www/html/wp-config.php(175): require_once('/var/www/html/w...')
#7 /var/www/html/wp-load.php(50): require_once('/var/www/html/w...')
#8 /var/www/html/wp-blog-header.php(13): require_once('/var/www/html/w...')
#9 /var/www/html/index.php(17): require('/var/www/html/w...')
#10 {main}
  thrown в /var/www/html/wp-content/themes/woo-vanilla/inc/WooVanilla/TemplateFunctions.php на строке 120

2023-04-08T20:20:45+00:00 CRITICAL Uncaught Error: Call to a member function get_gallery_image_ids() on null in /var/www/html/wp-content/themes/woo-vanilla/inc/WooVanilla/TemplateFunctions.php:120
Stack trace:
#0 /var/www/html/wp-content/themes/woo-vanilla/inc/WooVanilla/TemplateHooks.php(29): Awps\WooVanilla\TemplateFunctions::woovanilla_template_product_loop_slider()
#1 /var/www/html/wp-content/themes/woo-vanilla/inc/WooVanilla/TemplateHooks.php(10): Awps\WooVanilla\TemplateHooks->product_loop_items()
#2 /var/www/html/wp-content/themes/woo-vanilla/inc/Init.php(67): Awps\WooVanilla\TemplateHooks->__construct()
#3 /var/www/html/wp-content/themes/woo-vanilla/inc/Init.php(53): Awps\Init::instantiate('Awps\\WooVanilla...')
#4 /var/www/html/wp-content/themes/woo-vanilla/functions.php(21): Awps\Init::register_services()
#5 /var/www/html/wp-settings.php(591): include('/var/www/html/w...')
#6 /var/www/html/wp-config.php(175): require_once('/var/www/html/w...')
#7 /var/www/html/wp-load.php(50): require_once('/var/www/html/w...')
#8 /var/www/html/wp-blog-header.php(13): require_once('/var/www/html/w...')
#9 /var/www/html/index.php(17): require('/var/www/html/w...')
#10 {main}
  thrown в /var/www/html/wp-content/themes/woo-vanilla/inc/WooVanilla/TemplateFunctions.php на строке 120

2023-04-08T20:20:47+00:00 CRITICAL Uncaught Error: Call to a member function get_gallery_image_ids() on null in /var/www/html/wp-content/themes/woo-vanilla/inc/WooVanilla/TemplateFunctions.php:120
Stack trace:
#0 /var/www/html/wp-content/themes/woo-vanilla/inc/WooVanilla/TemplateHooks.php(29): Awps\WooVanilla\TemplateFunctions::woovanilla_template_product_loop_slider()
#1 /var/www/html/wp-content/themes/woo-vanilla/inc/WooVanilla/TemplateHooks.php(10): Awps\WooVanilla\TemplateHooks->product_loop_items()
#2 /var/www/html/wp-content/themes/woo-vanilla/inc/Init.php(67): Awps\WooVanilla\TemplateHooks->__construct()
#3 /var/www/html/wp-content/themes/woo-vanilla/inc/Init.php(53): Awps\Init::instantiate('Awps\\WooVanilla...')
#4 /var/www/html/wp-content/themes/woo-vanilla/functions.php(21): Awps\Init::register_services()
#5 /var/www/html/wp-settings.php(591): include('/var/www/html/w...')
#6 /var/www/html/wp-config.php(175): require_once('/var/www/html/w...')
#7 /var/www/html/wp-load.php(50): require_once('/var/www/html/w...')
#8 /var/www/html/wp-blog-header.php(13): require_once('/var/www/html/w...')
#9 /var/www/html/index.php(17): require('/var/www/html/w...')
#10 {main}
  thrown в /var/www/html/wp-content/themes/woo-vanilla/inc/WooVanilla/TemplateFunctions.php на строке 120

2023-04-08T20:20:49+00:00 CRITICAL Uncaught Error: Call to a member function get_gallery_image_ids() on null in /var/www/html/wp-content/themes/woo-vanilla/inc/WooVanilla/TemplateFunctions.php:120
Stack trace:
#0 /var/www/html/wp-content/themes/woo-vanilla/inc/WooVanilla/TemplateHooks.php(29): Awps\WooVanilla\TemplateFunctions::woovanilla_template_product_loop_slider()
#1 /var/www/html/wp-content/themes/woo-vanilla/inc/WooVanilla/TemplateHooks.php(10): Awps\WooVanilla\TemplateHooks->product_loop_items()
#2 /var/www/html/wp-content/themes/woo-vanilla/inc/Init.php(67): Awps\WooVanilla\TemplateHooks->__construct()
#3 /var/www/html/wp-content/themes/woo-vanilla/inc/Init.php(53): Awps\Init::instantiate('Awps\\WooVanilla...')
#4 /var/www/html/wp-content/themes/woo-vanilla/functions.php(21): Awps\Init::register_services()
#5 /var/www/html/wp-settings.php(591): include('/var/www/html/w...')
#6 /var/www/html/wp-config.php(175): require_once('/var/www/html/w...')
#7 /var/www/html/wp-load.php(50): require_once('/var/www/html/w...')
#8 /var/www/html/wp-blog-header.php(13): require_once('/var/www/html/w...')
#9 /var/www/html/index.php(17): require('/var/www/html/w...')
#10 {main}
  thrown в /var/www/html/wp-content/themes/woo-vanilla/inc/WooVanilla/TemplateFunctions.php на строке 120

2023-04-08T20:20:50+00:00 CRITICAL Uncaught Error: Call to a member function get_gallery_image_ids() on null in /var/www/html/wp-content/themes/woo-vanilla/inc/WooVanilla/TemplateFunctions.php:120
Stack trace:
#0 /var/www/html/wp-content/themes/woo-vanilla/inc/WooVanilla/TemplateHooks.php(29): Awps\WooVanilla\TemplateFunctions::woovanilla_template_product_loop_slider()
#1 /var/www/html/wp-content/themes/woo-vanilla/inc/WooVanilla/TemplateHooks.php(10): Awps\WooVanilla\TemplateHooks->product_loop_items()
#2 /var/www/html/wp-content/themes/woo-vanilla/inc/Init.php(67): Awps\WooVanilla\TemplateHooks->__construct()
#3 /var/www/html/wp-content/themes/woo-vanilla/inc/Init.php(53): Awps\Init::instantiate('Awps\\WooVanilla...')
#4 /var/www/html/wp-content/themes/woo-vanilla/functions.php(21): Awps\Init::register_services()
#5 /var/www/html/wp-settings.php(591): include('/var/www/html/w...')
#6 /var/www/html/wp-config.php(175): require_once('/var/www/html/w...')
#7 /var/www/html/wp-load.php(50): require_once('/var/www/html/w...')
#8 /var/www/html/wp-blog-header.php(13): require_once('/var/www/html/w...')
#9 /var/www/html/index.php(17): require('/var/www/html/w...')
#10 {main}
  thrown в /var/www/html/wp-content/themes/woo-vanilla/inc/WooVanilla/TemplateFunctions.php на строке 120

2023-04-08T20:23:30+00:00 CRITICAL Uncaught Error: Call to a member function get_gallery_image_ids() on null in /var/www/html/wp-content/themes/woo-vanilla/inc/WooVanilla/TemplateFunctions.php:120
Stack trace:
#0 /var/www/html/wp-content/themes/woo-vanilla/inc/WooVanilla/TemplateHooks.php(29): Awps\WooVanilla\TemplateFunctions::woovanilla_template_product_loop_slider()
#1 /var/www/html/wp-content/themes/woo-vanilla/inc/WooVanilla/TemplateHooks.php(10): Awps\WooVanilla\TemplateHooks->product_loop_items()
#2 /var/www/html/wp-content/themes/woo-vanilla/inc/Init.php(67): Awps\WooVanilla\TemplateHooks->__construct()
#3 /var/www/html/wp-content/themes/woo-vanilla/inc/Init.php(53): Awps\Init::instantiate('Awps\\WooVanilla...')
#4 /var/www/html/wp-content/themes/woo-vanilla/functions.php(21): Awps\Init::register_services()
#5 /var/www/html/wp-settings.php(591): include('/var/www/html/w...')
#6 /var/www/html/wp-config.php(175): require_once('/var/www/html/w...')
#7 /var/www/html/wp-load.php(50): require_once('/var/www/html/w...')
#8 /var/www/html/wp-blog-header.php(13): require_once('/var/www/html/w...')
#9 /var/www/html/index.php(17): require('/var/www/html/w...')
#10 {main}
  thrown в /var/www/html/wp-content/themes/woo-vanilla/inc/WooVanilla/TemplateFunctions.php на строке 120

2023-04-08T20:23:47+00:00 CRITICAL Uncaught Error: Call to a member function get_gallery_image_ids() on null in /var/www/html/wp-content/themes/woo-vanilla/inc/WooVanilla/TemplateFunctions.php:120
Stack trace:
#0 /var/www/html/wp-content/themes/woo-vanilla/inc/WooVanilla/TemplateHooks.php(29): Awps\WooVanilla\TemplateFunctions::woovanilla_template_product_loop_slider()
#1 /var/www/html/wp-content/themes/woo-vanilla/inc/WooVanilla/TemplateHooks.php(10): Awps\WooVanilla\TemplateHooks->product_loop_items()
#2 /var/www/html/wp-content/themes/woo-vanilla/inc/Init.php(67): Awps\WooVanilla\TemplateHooks->__construct()
#3 /var/www/html/wp-content/themes/woo-vanilla/inc/Init.php(53): Awps\Init::instantiate('Awps\\WooVanilla...')
#4 /var/www/html/wp-content/themes/woo-vanilla/functions.php(21): Awps\Init::register_services()
#5 /var/www/html/wp-settings.php(591): include('/var/www/html/w...')
#6 /var/www/html/wp-config.php(175): require_once('/var/www/html/w...')
#7 /var/www/html/wp-load.php(50): require_once('/var/www/html/w...')
#8 /var/www/html/wp-blog-header.php(13): require_once('/var/www/html/w...')
#9 /var/www/html/index.php(17): require('/var/www/html/w...')
#10 {main}
  thrown в /var/www/html/wp-content/themes/woo-vanilla/inc/WooVanilla/TemplateFunctions.php на строке 120

2023-04-08T20:37:14+00:00 CRITICAL Uncaught TypeError: call_user_func_array(): Argument #1 ($callback) must be a valid callback, no array or string given in /var/www/html/wp-includes/class-wp-hook.php:308
Stack trace:
#0 /var/www/html/wp-includes/class-wp-hook.php(332): WP_Hook->apply_filters('', Array)
#1 /var/www/html/wp-includes/plugin.php(517): WP_Hook->do_action(Array)
#2 /var/www/html/wp-content/themes/woo-vanilla/template-homepage.php(21): do_action('homepage')
#3 /var/www/html/wp-includes/template-loader.php(106): include('/var/www/html/w...')
#4 /var/www/html/wp-blog-header.php(19): require_once('/var/www/html/w...')
#5 /var/www/html/index.php(17): require('/var/www/html/w...')
#6 {main}
  thrown в /var/www/html/wp-includes/class-wp-hook.php на строке 308

2023-04-08T20:43:19+00:00 CRITICAL Uncaught TypeError: call_user_func_array(): Argument #1 ($callback) must be a valid callback, class "TemplateFunctions" not found in /var/www/html/wp-includes/class-wp-hook.php:308
Stack trace:
#0 /var/www/html/wp-includes/class-wp-hook.php(332): WP_Hook->apply_filters('', Array)
#1 /var/www/html/wp-includes/plugin.php(517): WP_Hook->do_action(Array)
#2 /var/www/html/wp-content/themes/woo-vanilla/template-homepage.php(21): do_action('homepage')
#3 /var/www/html/wp-includes/template-loader.php(106): include('/var/www/html/w...')
#4 /var/www/html/wp-blog-header.php(19): require_once('/var/www/html/w...')
#5 /var/www/html/index.php(17): require('/var/www/html/w...')
#6 {main}
  thrown в /var/www/html/wp-includes/class-wp-hook.php на строке 308

2023-04-08T20:44:57+00:00 CRITICAL Uncaught TypeError: call_user_func_array(): Argument #1 ($callback) must be a valid callback, class "TemplateFunctions" not found in /var/www/html/wp-includes/class-wp-hook.php:308
Stack trace:
#0 /var/www/html/wp-includes/class-wp-hook.php(332): WP_Hook->apply_filters('', Array)
#1 /var/www/html/wp-includes/plugin.php(517): WP_Hook->do_action(Array)
#2 /var/www/html/wp-content/themes/woo-vanilla/template-homepage.php(21): do_action('homepage')
#3 /var/www/html/wp-includes/template-loader.php(106): include('/var/www/html/w...')
#4 /var/www/html/wp-blog-header.php(19): require_once('/var/www/html/w...')
#5 /var/www/html/index.php(17): require('/var/www/html/w...')
#6 {main}
  thrown в /var/www/html/wp-includes/class-wp-hook.php на строке 308

2023-04-08T20:46:00+00:00 CRITICAL Uncaught TypeError: call_user_func(): Argument #1 ($callback) must be a valid callback, class WC_Shortcodes does not have a method "products-slider" in /var/www/html/wp-content/themes/woo-vanilla/inc/WooVanilla/Functions.php:19
Stack trace:
#0 /var/www/html/wp-content/themes/woo-vanilla/inc/WooVanilla/Functions.php(19): call_user_func('WC_Shortcodes::...', Array, NULL, 'products-slider')
#1 /var/www/html/wp-content/themes/woo-vanilla/inc/WooVanilla/TemplateFunctions.php(75): Awps\WooVanilla\Functions::woovanilla_do_shortcode('products-slider', Array)
#2 /var/www/html/wp-includes/class-wp-hook.php(308): Awps\WooVanilla\TemplateFunctions::woovanilla_recent_products(Array)
#3 /var/www/html/wp-includes/class-wp-hook.php(332): WP_Hook->apply_filters('', Array)
#4 /var/www/html/wp-includes/plugin.php(517): WP_Hook->do_action(Array)
#5 /var/www/html/wp-content/themes/woo-vanilla/template-homepage.php(21): do_action('homepage')
#6 /var/www/html/wp-includes/template-loader.php(106): include('/var/www/html/w...')
#7 /var/www/html/wp-blog-header.php(19): require_once('/var/www/html/w...')
#8 /var/www/html/index.php(17): require('/var/www/html/w...')
#9 {main}
  thrown в /var/www/html/wp-content/themes/woo-vanilla/inc/WooVanilla/Functions.php на строке 19

2023-04-08T20:47:35+00:00 CRITICAL Uncaught TypeError: call_user_func(): Argument #1 ($callback) must be a valid callback, class WooVanilla\WV_Shortcodes does not have a method "products-slider" in /var/www/html/wp-content/themes/woo-vanilla/inc/WooVanilla/Functions.php:19
Stack trace:
#0 /var/www/html/wp-content/themes/woo-vanilla/inc/WooVanilla/Functions.php(19): call_user_func('WooVanilla\\WV_S...', Array, NULL, 'products-slider')
#1 /var/www/html/wp-content/themes/woo-vanilla/inc/WooVanilla/TemplateFunctions.php(75): Awps\WooVanilla\Functions::woovanilla_do_shortcode('products-slider', Array)
#2 /var/www/html/wp-includes/class-wp-hook.php(308): Awps\WooVanilla\TemplateFunctions::woovanilla_recent_products(Array)
#3 /var/www/html/wp-includes/class-wp-hook.php(332): WP_Hook->apply_filters('', Array)
#4 /var/www/html/wp-includes/plugin.php(517): WP_Hook->do_action(Array)
#5 /var/www/html/wp-content/themes/woo-vanilla/template-homepage.php(21): do_action('homepage')
#6 /var/www/html/wp-includes/template-loader.php(106): include('/var/www/html/w...')
#7 /var/www/html/wp-blog-header.php(19): require_once('/var/www/html/w...')
#8 /var/www/html/index.php(17): require('/var/www/html/w...')
#9 {main}
  thrown в /var/www/html/wp-content/themes/woo-vanilla/inc/WooVanilla/Functions.php на строке 19

