2023-04-16T09:35:09+00:00 CRITICAL syntax error, unexpected token "=", expecting "," or ";" в /var/www/html/wp-content/themes/woo-vanilla/woocommerce/content-product.php на строке 15

2023-04-16T09:46:34+00:00 CRITICAL syntax error, unexpected token "." в /var/www/html/wp-content/themes/woo-vanilla/woocommerce/ti-addtowishlist.php на строке 13

2023-04-16T09:47:28+00:00 CRITICAL syntax error, unexpected token "." в /var/www/html/wp-content/themes/woo-vanilla/woocommerce/ti-addtowishlist.php на строке 13

2023-04-16T10:03:03+00:00 CRITICAL Uncaught Error: Call to a member function get_regular_price() on null in /var/www/html/wp-content/themes/woo-vanilla/woocommerce/loop/price.php:16
Stack trace:
#0 /var/www/html/wp-content/plugins/woocommerce/includes/wc-core-functions.php(345): include()
#1 /var/www/html/wp-content/plugins/woocommerce/includes/wc-template-functions.php(1396): wc_get_template('loop/price.php')
#2 /var/www/html/wp-includes/class-wp-hook.php(308): woocommerce_template_loop_price('')
#3 /var/www/html/wp-includes/class-wp-hook.php(332): WP_Hook->apply_filters('', Array)
#4 /var/www/html/wp-includes/plugin.php(517): WP_Hook->do_action(Array)
#5 /var/www/html/wp-content/themes/woo-vanilla/woocommerce/content-product.php(103): do_action('woovanilla_shop...')
#6 /var/www/html/wp-includes/template.php(785): require('/var/www/html/w...')
#7 /var/www/html/wp-content/plugins/woocommerce/includes/wc-core-functions.php(284): load_template('/var/www/html/w...', false)
#8 /var/www/html/wp-content/plugins/woocommerce/templates/single-product/related.php(43): wc_get_template_part('content', 'product')
#9 /var/www/html/wp-content/plugins/woocommerce/includes/wc-core-functions.php(345): include('/var/www/html/w...')
#10 /var/www/html/wp-content/plugins/woocommerce/includes/wc-template-functions.php(2072): wc_get_template('single-product/...', Array)
#11 /var/www/html/wp-content/plugins/woocommerce/includes/wc-template-functions.php(2035): woocommerce_related_products(Array)
#12 /var/www/html/wp-includes/class-wp-hook.php(308): woocommerce_output_related_products('')
#13 /var/www/html/wp-includes/class-wp-hook.php(332): WP_Hook->apply_filters(NULL, Array)
#14 /var/www/html/wp-includes/plugin.php(517): WP_Hook->do_action(Array)
#15 /var/www/html/wp-content/plugins/woocommerce/templates/content-single-product.php(72): do_action('woocommerce_aft...')
#16 /var/www/html/wp-includes/template.php(785): require('/var/www/html/w...')
#17 /var/www/html/wp-content/plugins/woocommerce/includes/wc-core-functions.php(284): load_template('/var/www/html/w...', false)
#18 /var/www/html/wp-content/themes/woo-vanilla/woocommerce/single-product.php(38): wc_get_template_part('content', 'single-product')
#19 /var/www/html/wp-includes/template-loader.php(106): include('/var/www/html/w...')
#20 /var/www/html/wp-blog-header.php(19): require_once('/var/www/html/w...')
#21 /var/www/html/index.php(17): require('/var/www/html/w...')
#22 {main}
  thrown в /var/www/html/wp-content/themes/woo-vanilla/woocommerce/loop/price.php на строке 16

2023-04-16T10:03:16+00:00 CRITICAL Uncaught Error: Call to a member function get_regular_price() on null in /var/www/html/wp-content/themes/woo-vanilla/woocommerce/loop/price.php:16
Stack trace:
#0 /var/www/html/wp-content/plugins/woocommerce/includes/wc-core-functions.php(345): include()
#1 /var/www/html/wp-content/plugins/woocommerce/includes/wc-template-functions.php(1396): wc_get_template('loop/price.php')
#2 /var/www/html/wp-includes/class-wp-hook.php(308): woocommerce_template_loop_price('')
#3 /var/www/html/wp-includes/class-wp-hook.php(332): WP_Hook->apply_filters('', Array)
#4 /var/www/html/wp-includes/plugin.php(517): WP_Hook->do_action(Array)
#5 /var/www/html/wp-content/themes/woo-vanilla/woocommerce/content-product.php(103): do_action('woovanilla_shop...')
#6 /var/www/html/wp-includes/template.php(785): require('/var/www/html/w...')
#7 /var/www/html/wp-content/plugins/woocommerce/includes/wc-core-functions.php(284): load_template('/var/www/html/w...', false)
#8 /var/www/html/wp-content/plugins/woocommerce/templates/single-product/related.php(43): wc_get_template_part('content', 'product')
#9 /var/www/html/wp-content/plugins/woocommerce/includes/wc-core-functions.php(345): include('/var/www/html/w...')
#10 /var/www/html/wp-content/plugins/woocommerce/includes/wc-template-functions.php(2072): wc_get_template('single-product/...', Array)
#11 /var/www/html/wp-content/plugins/woocommerce/includes/wc-template-functions.php(2035): woocommerce_related_products(Array)
#12 /var/www/html/wp-includes/class-wp-hook.php(308): woocommerce_output_related_products('')
#13 /var/www/html/wp-includes/class-wp-hook.php(332): WP_Hook->apply_filters(NULL, Array)
#14 /var/www/html/wp-includes/plugin.php(517): WP_Hook->do_action(Array)
#15 /var/www/html/wp-content/plugins/woocommerce/templates/content-single-product.php(72): do_action('woocommerce_aft...')
#16 /var/www/html/wp-includes/template.php(785): require('/var/www/html/w...')
#17 /var/www/html/wp-content/plugins/woocommerce/includes/wc-core-functions.php(284): load_template('/var/www/html/w...', false)
#18 /var/www/html/wp-content/themes/woo-vanilla/woocommerce/single-product.php(38): wc_get_template_part('content', 'single-product')
#19 /var/www/html/wp-includes/template-loader.php(106): include('/var/www/html/w...')
#20 /var/www/html/wp-blog-header.php(19): require_once('/var/www/html/w...')
#21 /var/www/html/index.php(17): require('/var/www/html/w...')
#22 {main}
  thrown в /var/www/html/wp-content/themes/woo-vanilla/woocommerce/loop/price.php на строке 16

2023-04-16T10:10:10+00:00 CRITICAL Uncaught Error: Call to a member function get_regular_price() on null in /var/www/html/wp-content/themes/woo-vanilla/woocommerce/loop/price.php:16
Stack trace:
#0 /var/www/html/wp-content/plugins/woocommerce/includes/wc-core-functions.php(345): include()
#1 /var/www/html/wp-content/plugins/woocommerce/includes/wc-template-functions.php(1396): wc_get_template('loop/price.php')
#2 /var/www/html/wp-includes/class-wp-hook.php(308): woocommerce_template_loop_price('')
#3 /var/www/html/wp-includes/class-wp-hook.php(332): WP_Hook->apply_filters('', Array)
#4 /var/www/html/wp-includes/plugin.php(517): WP_Hook->do_action(Array)
#5 /var/www/html/wp-content/themes/woo-vanilla/woocommerce/content-product.php(103): do_action('woovanilla_shop...')
#6 /var/www/html/wp-includes/template.php(785): require('/var/www/html/w...')
#7 /var/www/html/wp-content/plugins/woocommerce/includes/wc-core-functions.php(284): load_template('/var/www/html/w...', false)
#8 /var/www/html/wp-content/plugins/woocommerce/templates/single-product/related.php(43): wc_get_template_part('content', 'product')
#9 /var/www/html/wp-content/plugins/woocommerce/includes/wc-core-functions.php(345): include('/var/www/html/w...')
#10 /var/www/html/wp-content/plugins/woocommerce/includes/wc-template-functions.php(2072): wc_get_template('single-product/...', Array)
#11 /var/www/html/wp-content/plugins/woocommerce/includes/wc-template-functions.php(2035): woocommerce_related_products(Array)
#12 /var/www/html/wp-includes/class-wp-hook.php(308): woocommerce_output_related_products('')
#13 /var/www/html/wp-includes/class-wp-hook.php(332): WP_Hook->apply_filters(NULL, Array)
#14 /var/www/html/wp-includes/plugin.php(517): WP_Hook->do_action(Array)
#15 /var/www/html/wp-content/plugins/woocommerce/templates/content-single-product.php(72): do_action('woocommerce_aft...')
#16 /var/www/html/wp-includes/template.php(785): require('/var/www/html/w...')
#17 /var/www/html/wp-content/plugins/woocommerce/includes/wc-core-functions.php(284): load_template('/var/www/html/w...', false)
#18 /var/www/html/wp-content/themes/woo-vanilla/woocommerce/single-product.php(38): wc_get_template_part('content', 'single-product')
#19 /var/www/html/wp-includes/template-loader.php(106): include('/var/www/html/w...')
#20 /var/www/html/wp-blog-header.php(19): require_once('/var/www/html/w...')
#21 /var/www/html/index.php(17): require('/var/www/html/w...')
#22 {main}
  thrown в /var/www/html/wp-content/themes/woo-vanilla/woocommerce/loop/price.php на строке 16

2023-04-16T10:10:48+00:00 CRITICAL Uncaught Error: Call to a member function get_regular_price() on null in /var/www/html/wp-content/themes/woo-vanilla/woocommerce/loop/price.php:16
Stack trace:
#0 /var/www/html/wp-content/plugins/woocommerce/includes/wc-core-functions.php(345): include()
#1 /var/www/html/wp-content/plugins/woocommerce/includes/wc-template-functions.php(1396): wc_get_template('loop/price.php')
#2 /var/www/html/wp-includes/class-wp-hook.php(308): woocommerce_template_loop_price('')
#3 /var/www/html/wp-includes/class-wp-hook.php(332): WP_Hook->apply_filters('', Array)
#4 /var/www/html/wp-includes/plugin.php(517): WP_Hook->do_action(Array)
#5 /var/www/html/wp-content/themes/woo-vanilla/woocommerce/content-product.php(103): do_action('woovanilla_shop...')
#6 /var/www/html/wp-includes/template.php(785): require('/var/www/html/w...')
#7 /var/www/html/wp-content/plugins/woocommerce/includes/wc-core-functions.php(284): load_template('/var/www/html/w...', false)
#8 /var/www/html/wp-content/plugins/woocommerce/templates/single-product/related.php(43): wc_get_template_part('content', 'product')
#9 /var/www/html/wp-content/plugins/woocommerce/includes/wc-core-functions.php(345): include('/var/www/html/w...')
#10 /var/www/html/wp-content/plugins/woocommerce/includes/wc-template-functions.php(2072): wc_get_template('single-product/...', Array)
#11 /var/www/html/wp-content/plugins/woocommerce/includes/wc-template-functions.php(2035): woocommerce_related_products(Array)
#12 /var/www/html/wp-includes/class-wp-hook.php(308): woocommerce_output_related_products('')
#13 /var/www/html/wp-includes/class-wp-hook.php(332): WP_Hook->apply_filters(NULL, Array)
#14 /var/www/html/wp-includes/plugin.php(517): WP_Hook->do_action(Array)
#15 /var/www/html/wp-content/plugins/woocommerce/templates/content-single-product.php(72): do_action('woocommerce_aft...')
#16 /var/www/html/wp-includes/template.php(785): require('/var/www/html/w...')
#17 /var/www/html/wp-content/plugins/woocommerce/includes/wc-core-functions.php(284): load_template('/var/www/html/w...', false)
#18 /var/www/html/wp-content/themes/woo-vanilla/woocommerce/single-product.php(38): wc_get_template_part('content', 'single-product')
#19 /var/www/html/wp-includes/template-loader.php(106): include('/var/www/html/w...')
#20 /var/www/html/wp-blog-header.php(19): require_once('/var/www/html/w...')
#21 /var/www/html/index.php(17): require('/var/www/html/w...')
#22 {main}
  thrown в /var/www/html/wp-content/themes/woo-vanilla/woocommerce/loop/price.php на строке 16

2023-04-16T10:11:19+00:00 CRITICAL Uncaught Error: Call to a member function get_regular_price() on null in /var/www/html/wp-content/themes/woo-vanilla/woocommerce/loop/price.php:16
Stack trace:
#0 /var/www/html/wp-content/plugins/woocommerce/includes/wc-core-functions.php(345): include()
#1 /var/www/html/wp-content/plugins/woocommerce/includes/wc-template-functions.php(1396): wc_get_template('loop/price.php')
#2 /var/www/html/wp-includes/class-wp-hook.php(308): woocommerce_template_loop_price('')
#3 /var/www/html/wp-includes/class-wp-hook.php(332): WP_Hook->apply_filters('', Array)
#4 /var/www/html/wp-includes/plugin.php(517): WP_Hook->do_action(Array)
#5 /var/www/html/wp-content/themes/woo-vanilla/woocommerce/content-product.php(103): do_action('woovanilla_shop...')
#6 /var/www/html/wp-includes/template.php(785): require('/var/www/html/w...')
#7 /var/www/html/wp-content/plugins/woocommerce/includes/wc-core-functions.php(284): load_template('/var/www/html/w...', false)
#8 /var/www/html/wp-content/plugins/woocommerce/templates/single-product/related.php(43): wc_get_template_part('content', 'product')
#9 /var/www/html/wp-content/plugins/woocommerce/includes/wc-core-functions.php(345): include('/var/www/html/w...')
#10 /var/www/html/wp-content/plugins/woocommerce/includes/wc-template-functions.php(2072): wc_get_template('single-product/...', Array)
#11 /var/www/html/wp-content/plugins/woocommerce/includes/wc-template-functions.php(2035): woocommerce_related_products(Array)
#12 /var/www/html/wp-includes/class-wp-hook.php(308): woocommerce_output_related_products('')
#13 /var/www/html/wp-includes/class-wp-hook.php(332): WP_Hook->apply_filters(NULL, Array)
#14 /var/www/html/wp-includes/plugin.php(517): WP_Hook->do_action(Array)
#15 /var/www/html/wp-content/plugins/woocommerce/templates/content-single-product.php(72): do_action('woocommerce_aft...')
#16 /var/www/html/wp-includes/template.php(785): require('/var/www/html/w...')
#17 /var/www/html/wp-content/plugins/woocommerce/includes/wc-core-functions.php(284): load_template('/var/www/html/w...', false)
#18 /var/www/html/wp-content/themes/woo-vanilla/woocommerce/single-product.php(38): wc_get_template_part('content', 'single-product')
#19 /var/www/html/wp-includes/template-loader.php(106): include('/var/www/html/w...')
#20 /var/www/html/wp-blog-header.php(19): require_once('/var/www/html/w...')
#21 /var/www/html/index.php(17): require('/var/www/html/w...')
#22 {main}
  thrown в /var/www/html/wp-content/themes/woo-vanilla/woocommerce/loop/price.php на строке 16

2023-04-16T10:11:43+00:00 CRITICAL Uncaught Error: Call to a member function get_regular_price() on null in /var/www/html/wp-content/themes/woo-vanilla/woocommerce/loop/price.php:16
Stack trace:
#0 /var/www/html/wp-content/plugins/woocommerce/includes/wc-core-functions.php(345): include()
#1 /var/www/html/wp-content/plugins/woocommerce/includes/wc-template-functions.php(1396): wc_get_template('loop/price.php')
#2 /var/www/html/wp-includes/class-wp-hook.php(308): woocommerce_template_loop_price('')
#3 /var/www/html/wp-includes/class-wp-hook.php(332): WP_Hook->apply_filters('', Array)
#4 /var/www/html/wp-includes/plugin.php(517): WP_Hook->do_action(Array)
#5 /var/www/html/wp-content/themes/woo-vanilla/woocommerce/content-product.php(103): do_action('woovanilla_shop...')
#6 /var/www/html/wp-includes/template.php(785): require('/var/www/html/w...')
#7 /var/www/html/wp-content/plugins/woocommerce/includes/wc-core-functions.php(284): load_template('/var/www/html/w...', false)
#8 /var/www/html/wp-content/plugins/woocommerce/templates/single-product/related.php(43): wc_get_template_part('content', 'product')
#9 /var/www/html/wp-content/plugins/woocommerce/includes/wc-core-functions.php(345): include('/var/www/html/w...')
#10 /var/www/html/wp-content/plugins/woocommerce/includes/wc-template-functions.php(2072): wc_get_template('single-product/...', Array)
#11 /var/www/html/wp-content/plugins/woocommerce/includes/wc-template-functions.php(2035): woocommerce_related_products(Array)
#12 /var/www/html/wp-includes/class-wp-hook.php(308): woocommerce_output_related_products('')
#13 /var/www/html/wp-includes/class-wp-hook.php(332): WP_Hook->apply_filters(NULL, Array)
#14 /var/www/html/wp-includes/plugin.php(517): WP_Hook->do_action(Array)
#15 /var/www/html/wp-content/plugins/woocommerce/templates/content-single-product.php(72): do_action('woocommerce_aft...')
#16 /var/www/html/wp-includes/template.php(785): require('/var/www/html/w...')
#17 /var/www/html/wp-content/plugins/woocommerce/includes/wc-core-functions.php(284): load_template('/var/www/html/w...', false)
#18 /var/www/html/wp-content/themes/woo-vanilla/woocommerce/single-product.php(38): wc_get_template_part('content', 'single-product')
#19 /var/www/html/wp-includes/template-loader.php(106): include('/var/www/html/w...')
#20 /var/www/html/wp-blog-header.php(19): require_once('/var/www/html/w...')
#21 /var/www/html/index.php(17): require('/var/www/html/w...')
#22 {main}
  thrown в /var/www/html/wp-content/themes/woo-vanilla/woocommerce/loop/price.php на строке 16

2023-04-16T10:11:50+00:00 CRITICAL Uncaught Error: Call to a member function get_regular_price() on null in /var/www/html/wp-content/themes/woo-vanilla/woocommerce/loop/price.php:16
Stack trace:
#0 /var/www/html/wp-content/plugins/woocommerce/includes/wc-core-functions.php(345): include()
#1 /var/www/html/wp-content/plugins/woocommerce/includes/wc-template-functions.php(1396): wc_get_template('loop/price.php')
#2 /var/www/html/wp-includes/class-wp-hook.php(308): woocommerce_template_loop_price('')
#3 /var/www/html/wp-includes/class-wp-hook.php(332): WP_Hook->apply_filters('', Array)
#4 /var/www/html/wp-includes/plugin.php(517): WP_Hook->do_action(Array)
#5 /var/www/html/wp-content/themes/woo-vanilla/woocommerce/content-product.php(103): do_action('woovanilla_shop...')
#6 /var/www/html/wp-includes/template.php(785): require('/var/www/html/w...')
#7 /var/www/html/wp-content/plugins/woocommerce/includes/wc-core-functions.php(284): load_template('/var/www/html/w...', false)
#8 /var/www/html/wp-content/plugins/woocommerce/templates/single-product/related.php(43): wc_get_template_part('content', 'product')
#9 /var/www/html/wp-content/plugins/woocommerce/includes/wc-core-functions.php(345): include('/var/www/html/w...')
#10 /var/www/html/wp-content/plugins/woocommerce/includes/wc-template-functions.php(2072): wc_get_template('single-product/...', Array)
#11 /var/www/html/wp-content/plugins/woocommerce/includes/wc-template-functions.php(2035): woocommerce_related_products(Array)
#12 /var/www/html/wp-includes/class-wp-hook.php(308): woocommerce_output_related_products('')
#13 /var/www/html/wp-includes/class-wp-hook.php(332): WP_Hook->apply_filters(NULL, Array)
#14 /var/www/html/wp-includes/plugin.php(517): WP_Hook->do_action(Array)
#15 /var/www/html/wp-content/plugins/woocommerce/templates/content-single-product.php(72): do_action('woocommerce_aft...')
#16 /var/www/html/wp-includes/template.php(785): require('/var/www/html/w...')
#17 /var/www/html/wp-content/plugins/woocommerce/includes/wc-core-functions.php(284): load_template('/var/www/html/w...', false)
#18 /var/www/html/wp-content/themes/woo-vanilla/woocommerce/single-product.php(38): wc_get_template_part('content', 'single-product')
#19 /var/www/html/wp-includes/template-loader.php(106): include('/var/www/html/w...')
#20 /var/www/html/wp-blog-header.php(19): require_once('/var/www/html/w...')
#21 /var/www/html/index.php(17): require('/var/www/html/w...')
#22 {main}
  thrown в /var/www/html/wp-content/themes/woo-vanilla/woocommerce/loop/price.php на строке 16

2023-04-16T10:12:05+00:00 CRITICAL Uncaught Error: Call to a member function get_regular_price() on null in /var/www/html/wp-content/themes/woo-vanilla/woocommerce/loop/price.php:16
Stack trace:
#0 /var/www/html/wp-content/plugins/woocommerce/includes/wc-core-functions.php(345): include()
#1 /var/www/html/wp-content/plugins/woocommerce/includes/wc-template-functions.php(1396): wc_get_template('loop/price.php')
#2 /var/www/html/wp-includes/class-wp-hook.php(308): woocommerce_template_loop_price('')
#3 /var/www/html/wp-includes/class-wp-hook.php(332): WP_Hook->apply_filters('', Array)
#4 /var/www/html/wp-includes/plugin.php(517): WP_Hook->do_action(Array)
#5 /var/www/html/wp-content/themes/woo-vanilla/woocommerce/content-product.php(103): do_action('woovanilla_shop...')
#6 /var/www/html/wp-includes/template.php(785): require('/var/www/html/w...')
#7 /var/www/html/wp-content/plugins/woocommerce/includes/wc-core-functions.php(284): load_template('/var/www/html/w...', false)
#8 /var/www/html/wp-content/plugins/woocommerce/templates/single-product/related.php(43): wc_get_template_part('content', 'product')
#9 /var/www/html/wp-content/plugins/woocommerce/includes/wc-core-functions.php(345): include('/var/www/html/w...')
#10 /var/www/html/wp-content/plugins/woocommerce/includes/wc-template-functions.php(2072): wc_get_template('single-product/...', Array)
#11 /var/www/html/wp-content/plugins/woocommerce/includes/wc-template-functions.php(2035): woocommerce_related_products(Array)
#12 /var/www/html/wp-includes/class-wp-hook.php(308): woocommerce_output_related_products('')
#13 /var/www/html/wp-includes/class-wp-hook.php(332): WP_Hook->apply_filters(NULL, Array)
#14 /var/www/html/wp-includes/plugin.php(517): WP_Hook->do_action(Array)
#15 /var/www/html/wp-content/plugins/woocommerce/templates/content-single-product.php(72): do_action('woocommerce_aft...')
#16 /var/www/html/wp-includes/template.php(785): require('/var/www/html/w...')
#17 /var/www/html/wp-content/plugins/woocommerce/includes/wc-core-functions.php(284): load_template('/var/www/html/w...', false)
#18 /var/www/html/wp-content/themes/woo-vanilla/woocommerce/single-product.php(38): wc_get_template_part('content', 'single-product')
#19 /var/www/html/wp-includes/template-loader.php(106): include('/var/www/html/w...')
#20 /var/www/html/wp-blog-header.php(19): require_once('/var/www/html/w...')
#21 /var/www/html/index.php(17): require('/var/www/html/w...')
#22 {main}
  thrown в /var/www/html/wp-content/themes/woo-vanilla/woocommerce/loop/price.php на строке 16

2023-04-16T10:12:16+00:00 CRITICAL Uncaught Error: Call to a member function get_regular_price() on null in /var/www/html/wp-content/themes/woo-vanilla/woocommerce/loop/price.php:16
Stack trace:
#0 /var/www/html/wp-content/plugins/woocommerce/includes/wc-core-functions.php(345): include()
#1 /var/www/html/wp-content/plugins/woocommerce/includes/wc-template-functions.php(1396): wc_get_template('loop/price.php')
#2 /var/www/html/wp-includes/class-wp-hook.php(308): woocommerce_template_loop_price('')
#3 /var/www/html/wp-includes/class-wp-hook.php(332): WP_Hook->apply_filters('', Array)
#4 /var/www/html/wp-includes/plugin.php(517): WP_Hook->do_action(Array)
#5 /var/www/html/wp-content/themes/woo-vanilla/woocommerce/content-product.php(103): do_action('woovanilla_shop...')
#6 /var/www/html/wp-includes/template.php(785): require('/var/www/html/w...')
#7 /var/www/html/wp-content/plugins/woocommerce/includes/wc-core-functions.php(284): load_template('/var/www/html/w...', false)
#8 /var/www/html/wp-content/plugins/woocommerce/templates/single-product/related.php(43): wc_get_template_part('content', 'product')
#9 /var/www/html/wp-content/plugins/woocommerce/includes/wc-core-functions.php(345): include('/var/www/html/w...')
#10 /var/www/html/wp-content/plugins/woocommerce/includes/wc-template-functions.php(2072): wc_get_template('single-product/...', Array)
#11 /var/www/html/wp-content/plugins/woocommerce/includes/wc-template-functions.php(2035): woocommerce_related_products(Array)
#12 /var/www/html/wp-includes/class-wp-hook.php(308): woocommerce_output_related_products('')
#13 /var/www/html/wp-includes/class-wp-hook.php(332): WP_Hook->apply_filters(NULL, Array)
#14 /var/www/html/wp-includes/plugin.php(517): WP_Hook->do_action(Array)
#15 /var/www/html/wp-content/plugins/woocommerce/templates/content-single-product.php(72): do_action('woocommerce_aft...')
#16 /var/www/html/wp-includes/template.php(785): require('/var/www/html/w...')
#17 /var/www/html/wp-content/plugins/woocommerce/includes/wc-core-functions.php(284): load_template('/var/www/html/w...', false)
#18 /var/www/html/wp-content/themes/woo-vanilla/woocommerce/single-product.php(38): wc_get_template_part('content', 'single-product')
#19 /var/www/html/wp-includes/template-loader.php(106): include('/var/www/html/w...')
#20 /var/www/html/wp-blog-header.php(19): require_once('/var/www/html/w...')
#21 /var/www/html/index.php(17): require('/var/www/html/w...')
#22 {main}
  thrown в /var/www/html/wp-content/themes/woo-vanilla/woocommerce/loop/price.php на строке 16

2023-04-16T10:12:39+00:00 CRITICAL Uncaught Error: Call to a member function get_regular_price() on null in /var/www/html/wp-content/themes/woo-vanilla/woocommerce/loop/price.php:16
Stack trace:
#0 /var/www/html/wp-content/plugins/woocommerce/includes/wc-core-functions.php(345): include()
#1 /var/www/html/wp-content/plugins/woocommerce/includes/wc-template-functions.php(1396): wc_get_template('loop/price.php')
#2 /var/www/html/wp-includes/class-wp-hook.php(308): woocommerce_template_loop_price('')
#3 /var/www/html/wp-includes/class-wp-hook.php(332): WP_Hook->apply_filters('', Array)
#4 /var/www/html/wp-includes/plugin.php(517): WP_Hook->do_action(Array)
#5 /var/www/html/wp-content/themes/woo-vanilla/woocommerce/content-product.php(103): do_action('woovanilla_shop...')
#6 /var/www/html/wp-includes/template.php(785): require('/var/www/html/w...')
#7 /var/www/html/wp-content/plugins/woocommerce/includes/wc-core-functions.php(284): load_template('/var/www/html/w...', false)
#8 /var/www/html/wp-content/plugins/woocommerce/templates/single-product/related.php(43): wc_get_template_part('content', 'product')
#9 /var/www/html/wp-content/plugins/woocommerce/includes/wc-core-functions.php(345): include('/var/www/html/w...')
#10 /var/www/html/wp-content/plugins/woocommerce/includes/wc-template-functions.php(2072): wc_get_template('single-product/...', Array)
#11 /var/www/html/wp-content/plugins/woocommerce/includes/wc-template-functions.php(2035): woocommerce_related_products(Array)
#12 /var/www/html/wp-includes/class-wp-hook.php(308): woocommerce_output_related_products('')
#13 /var/www/html/wp-includes/class-wp-hook.php(332): WP_Hook->apply_filters(NULL, Array)
#14 /var/www/html/wp-includes/plugin.php(517): WP_Hook->do_action(Array)
#15 /var/www/html/wp-content/plugins/woocommerce/templates/content-single-product.php(72): do_action('woocommerce_aft...')
#16 /var/www/html/wp-includes/template.php(785): require('/var/www/html/w...')
#17 /var/www/html/wp-content/plugins/woocommerce/includes/wc-core-functions.php(284): load_template('/var/www/html/w...', false)
#18 /var/www/html/wp-content/themes/woo-vanilla/woocommerce/single-product.php(38): wc_get_template_part('content', 'single-product')
#19 /var/www/html/wp-includes/template-loader.php(106): include('/var/www/html/w...')
#20 /var/www/html/wp-blog-header.php(19): require_once('/var/www/html/w...')
#21 /var/www/html/index.php(17): require('/var/www/html/w...')
#22 {main}
  thrown в /var/www/html/wp-content/themes/woo-vanilla/woocommerce/loop/price.php на строке 16

2023-04-16T10:13:02+00:00 CRITICAL Uncaught Error: Call to a member function get_regular_price() on null in /var/www/html/wp-content/themes/woo-vanilla/woocommerce/loop/price.php:16
Stack trace:
#0 /var/www/html/wp-content/plugins/woocommerce/includes/wc-core-functions.php(345): include()
#1 /var/www/html/wp-content/plugins/woocommerce/includes/wc-template-functions.php(1396): wc_get_template('loop/price.php')
#2 /var/www/html/wp-includes/class-wp-hook.php(308): woocommerce_template_loop_price('')
#3 /var/www/html/wp-includes/class-wp-hook.php(332): WP_Hook->apply_filters('', Array)
#4 /var/www/html/wp-includes/plugin.php(517): WP_Hook->do_action(Array)
#5 /var/www/html/wp-content/themes/woo-vanilla/woocommerce/content-product.php(103): do_action('woovanilla_shop...')
#6 /var/www/html/wp-includes/template.php(785): require('/var/www/html/w...')
#7 /var/www/html/wp-content/plugins/woocommerce/includes/wc-core-functions.php(284): load_template('/var/www/html/w...', false)
#8 /var/www/html/wp-content/plugins/woocommerce/templates/single-product/related.php(43): wc_get_template_part('content', 'product')
#9 /var/www/html/wp-content/plugins/woocommerce/includes/wc-core-functions.php(345): include('/var/www/html/w...')
#10 /var/www/html/wp-content/plugins/woocommerce/includes/wc-template-functions.php(2072): wc_get_template('single-product/...', Array)
#11 /var/www/html/wp-content/plugins/woocommerce/includes/wc-template-functions.php(2035): woocommerce_related_products(Array)
#12 /var/www/html/wp-includes/class-wp-hook.php(308): woocommerce_output_related_products('')
#13 /var/www/html/wp-includes/class-wp-hook.php(332): WP_Hook->apply_filters(NULL, Array)
#14 /var/www/html/wp-includes/plugin.php(517): WP_Hook->do_action(Array)
#15 /var/www/html/wp-content/plugins/woocommerce/templates/content-single-product.php(72): do_action('woocommerce_aft...')
#16 /var/www/html/wp-includes/template.php(785): require('/var/www/html/w...')
#17 /var/www/html/wp-content/plugins/woocommerce/includes/wc-core-functions.php(284): load_template('/var/www/html/w...', false)
#18 /var/www/html/wp-content/themes/woo-vanilla/woocommerce/single-product.php(38): wc_get_template_part('content', 'single-product')
#19 /var/www/html/wp-includes/template-loader.php(106): include('/var/www/html/w...')
#20 /var/www/html/wp-blog-header.php(19): require_once('/var/www/html/w...')
#21 /var/www/html/index.php(17): require('/var/www/html/w...')
#22 {main}
  thrown в /var/www/html/wp-content/themes/woo-vanilla/woocommerce/loop/price.php на строке 16

2023-04-16T10:20:32+00:00 CRITICAL Uncaught Error: Call to a member function get_regular_price() on null in /var/www/html/wp-content/themes/woo-vanilla/woocommerce/loop/price.php:16
Stack trace:
#0 /var/www/html/wp-content/plugins/woocommerce/includes/wc-core-functions.php(345): include()
#1 /var/www/html/wp-content/plugins/woocommerce/includes/wc-template-functions.php(1396): wc_get_template('loop/price.php')
#2 /var/www/html/wp-includes/class-wp-hook.php(308): woocommerce_template_loop_price('')
#3 /var/www/html/wp-includes/class-wp-hook.php(332): WP_Hook->apply_filters('', Array)
#4 /var/www/html/wp-includes/plugin.php(517): WP_Hook->do_action(Array)
#5 /var/www/html/wp-content/themes/woo-vanilla/woocommerce/content-product.php(103): do_action('woovanilla_shop...')
#6 /var/www/html/wp-includes/template.php(785): require('/var/www/html/w...')
#7 /var/www/html/wp-content/plugins/woocommerce/includes/wc-core-functions.php(284): load_template('/var/www/html/w...', false)
#8 /var/www/html/wp-content/plugins/woocommerce/templates/single-product/related.php(43): wc_get_template_part('content', 'product')
#9 /var/www/html/wp-content/plugins/woocommerce/includes/wc-core-functions.php(345): include('/var/www/html/w...')
#10 /var/www/html/wp-content/plugins/woocommerce/includes/wc-template-functions.php(2072): wc_get_template('single-product/...', Array)
#11 /var/www/html/wp-content/plugins/woocommerce/includes/wc-template-functions.php(2035): woocommerce_related_products(Array)
#12 /var/www/html/wp-includes/class-wp-hook.php(308): woocommerce_output_related_products('')
#13 /var/www/html/wp-includes/class-wp-hook.php(332): WP_Hook->apply_filters(NULL, Array)
#14 /var/www/html/wp-includes/plugin.php(517): WP_Hook->do_action(Array)
#15 /var/www/html/wp-content/plugins/woocommerce/templates/content-single-product.php(72): do_action('woocommerce_aft...')
#16 /var/www/html/wp-includes/template.php(785): require('/var/www/html/w...')
#17 /var/www/html/wp-content/plugins/woocommerce/includes/wc-core-functions.php(284): load_template('/var/www/html/w...', false)
#18 /var/www/html/wp-content/themes/woo-vanilla/woocommerce/single-product.php(38): wc_get_template_part('content', 'single-product')
#19 /var/www/html/wp-includes/template-loader.php(106): include('/var/www/html/w...')
#20 /var/www/html/wp-blog-header.php(19): require_once('/var/www/html/w...')
#21 /var/www/html/index.php(17): require('/var/www/html/w...')
#22 {main}
  thrown в /var/www/html/wp-content/themes/woo-vanilla/woocommerce/loop/price.php на строке 16

2023-04-16T10:23:18+00:00 CRITICAL Uncaught Error: Call to a member function get_regular_price() on null in /var/www/html/wp-content/themes/woo-vanilla/woocommerce/loop/price.php:16
Stack trace:
#0 /var/www/html/wp-content/plugins/woocommerce/includes/wc-core-functions.php(345): include()
#1 /var/www/html/wp-content/plugins/woocommerce/includes/wc-template-functions.php(1396): wc_get_template('loop/price.php')
#2 /var/www/html/wp-includes/class-wp-hook.php(308): woocommerce_template_loop_price('')
#3 /var/www/html/wp-includes/class-wp-hook.php(332): WP_Hook->apply_filters('', Array)
#4 /var/www/html/wp-includes/plugin.php(517): WP_Hook->do_action(Array)
#5 /var/www/html/wp-content/themes/woo-vanilla/woocommerce/content-product.php(103): do_action('woovanilla_shop...')
#6 /var/www/html/wp-includes/template.php(785): require('/var/www/html/w...')
#7 /var/www/html/wp-content/plugins/woocommerce/includes/wc-core-functions.php(284): load_template('/var/www/html/w...', false)
#8 /var/www/html/wp-content/plugins/woocommerce/templates/single-product/related.php(43): wc_get_template_part('content', 'product')
#9 /var/www/html/wp-content/plugins/woocommerce/includes/wc-core-functions.php(345): include('/var/www/html/w...')
#10 /var/www/html/wp-content/plugins/woocommerce/includes/wc-template-functions.php(2072): wc_get_template('single-product/...', Array)
#11 /var/www/html/wp-content/plugins/woocommerce/includes/wc-template-functions.php(2035): woocommerce_related_products(Array)
#12 /var/www/html/wp-includes/class-wp-hook.php(308): woocommerce_output_related_products('')
#13 /var/www/html/wp-includes/class-wp-hook.php(332): WP_Hook->apply_filters(NULL, Array)
#14 /var/www/html/wp-includes/plugin.php(517): WP_Hook->do_action(Array)
#15 /var/www/html/wp-content/plugins/woocommerce/templates/content-single-product.php(72): do_action('woocommerce_aft...')
#16 /var/www/html/wp-includes/template.php(785): require('/var/www/html/w...')
#17 /var/www/html/wp-content/plugins/woocommerce/includes/wc-core-functions.php(284): load_template('/var/www/html/w...', false)
#18 /var/www/html/wp-content/themes/woo-vanilla/woocommerce/single-product.php(38): wc_get_template_part('content', 'single-product')
#19 /var/www/html/wp-includes/template-loader.php(106): include('/var/www/html/w...')
#20 /var/www/html/wp-blog-header.php(19): require_once('/var/www/html/w...')
#21 /var/www/html/index.php(17): require('/var/www/html/w...')
#22 {main}
  thrown в /var/www/html/wp-content/themes/woo-vanilla/woocommerce/loop/price.php на строке 16

2023-04-16T10:23:29+00:00 CRITICAL Uncaught Error: Call to a member function get_regular_price() on null in /var/www/html/wp-content/themes/woo-vanilla/woocommerce/loop/price.php:16
Stack trace:
#0 /var/www/html/wp-content/plugins/woocommerce/includes/wc-core-functions.php(345): include()
#1 /var/www/html/wp-content/plugins/woocommerce/includes/wc-template-functions.php(1396): wc_get_template('loop/price.php')
#2 /var/www/html/wp-includes/class-wp-hook.php(308): woocommerce_template_loop_price('')
#3 /var/www/html/wp-includes/class-wp-hook.php(332): WP_Hook->apply_filters('', Array)
#4 /var/www/html/wp-includes/plugin.php(517): WP_Hook->do_action(Array)
#5 /var/www/html/wp-content/themes/woo-vanilla/woocommerce/content-product.php(103): do_action('woovanilla_shop...')
#6 /var/www/html/wp-includes/template.php(785): require('/var/www/html/w...')
#7 /var/www/html/wp-content/plugins/woocommerce/includes/wc-core-functions.php(284): load_template('/var/www/html/w...', false)
#8 /var/www/html/wp-content/plugins/woocommerce/templates/single-product/related.php(43): wc_get_template_part('content', 'product')
#9 /var/www/html/wp-content/plugins/woocommerce/includes/wc-core-functions.php(345): include('/var/www/html/w...')
#10 /var/www/html/wp-content/plugins/woocommerce/includes/wc-template-functions.php(2072): wc_get_template('single-product/...', Array)
#11 /var/www/html/wp-content/plugins/woocommerce/includes/wc-template-functions.php(2035): woocommerce_related_products(Array)
#12 /var/www/html/wp-includes/class-wp-hook.php(308): woocommerce_output_related_products('')
#13 /var/www/html/wp-includes/class-wp-hook.php(332): WP_Hook->apply_filters(NULL, Array)
#14 /var/www/html/wp-includes/plugin.php(517): WP_Hook->do_action(Array)
#15 /var/www/html/wp-content/plugins/woocommerce/templates/content-single-product.php(72): do_action('woocommerce_aft...')
#16 /var/www/html/wp-includes/template.php(785): require('/var/www/html/w...')
#17 /var/www/html/wp-content/plugins/woocommerce/includes/wc-core-functions.php(284): load_template('/var/www/html/w...', false)
#18 /var/www/html/wp-content/themes/woo-vanilla/woocommerce/single-product.php(38): wc_get_template_part('content', 'single-product')
#19 /var/www/html/wp-includes/template-loader.php(106): include('/var/www/html/w...')
#20 /var/www/html/wp-blog-header.php(19): require_once('/var/www/html/w...')
#21 /var/www/html/index.php(17): require('/var/www/html/w...')
#22 {main}
  thrown в /var/www/html/wp-content/themes/woo-vanilla/woocommerce/loop/price.php на строке 16

2023-04-16T10:24:58+00:00 CRITICAL Uncaught Error: Call to a member function get_regular_price() on null in /var/www/html/wp-content/themes/woo-vanilla/woocommerce/loop/price.php:16
Stack trace:
#0 /var/www/html/wp-content/plugins/woocommerce/includes/wc-core-functions.php(345): include()
#1 /var/www/html/wp-content/plugins/woocommerce/includes/wc-template-functions.php(1396): wc_get_template('loop/price.php')
#2 /var/www/html/wp-includes/class-wp-hook.php(308): woocommerce_template_loop_price('')
#3 /var/www/html/wp-includes/class-wp-hook.php(332): WP_Hook->apply_filters('', Array)
#4 /var/www/html/wp-includes/plugin.php(517): WP_Hook->do_action(Array)
#5 /var/www/html/wp-content/themes/woo-vanilla/woocommerce/content-product.php(103): do_action('woovanilla_shop...')
#6 /var/www/html/wp-includes/template.php(785): require('/var/www/html/w...')
#7 /var/www/html/wp-content/plugins/woocommerce/includes/wc-core-functions.php(284): load_template('/var/www/html/w...', false)
#8 /var/www/html/wp-content/plugins/woocommerce/templates/single-product/related.php(43): wc_get_template_part('content', 'product')
#9 /var/www/html/wp-content/plugins/woocommerce/includes/wc-core-functions.php(345): include('/var/www/html/w...')
#10 /var/www/html/wp-content/plugins/woocommerce/includes/wc-template-functions.php(2072): wc_get_template('single-product/...', Array)
#11 /var/www/html/wp-content/plugins/woocommerce/includes/wc-template-functions.php(2035): woocommerce_related_products(Array)
#12 /var/www/html/wp-includes/class-wp-hook.php(308): woocommerce_output_related_products('')
#13 /var/www/html/wp-includes/class-wp-hook.php(332): WP_Hook->apply_filters(NULL, Array)
#14 /var/www/html/wp-includes/plugin.php(517): WP_Hook->do_action(Array)
#15 /var/www/html/wp-content/plugins/woocommerce/templates/content-single-product.php(72): do_action('woocommerce_aft...')
#16 /var/www/html/wp-includes/template.php(785): require('/var/www/html/w...')
#17 /var/www/html/wp-content/plugins/woocommerce/includes/wc-core-functions.php(284): load_template('/var/www/html/w...', false)
#18 /var/www/html/wp-content/themes/woo-vanilla/woocommerce/single-product.php(38): wc_get_template_part('content', 'single-product')
#19 /var/www/html/wp-includes/template-loader.php(106): include('/var/www/html/w...')
#20 /var/www/html/wp-blog-header.php(19): require_once('/var/www/html/w...')
#21 /var/www/html/index.php(17): require('/var/www/html/w...')
#22 {main}
  thrown в /var/www/html/wp-content/themes/woo-vanilla/woocommerce/loop/price.php на строке 16

2023-04-16T19:08:04+00:00 CRITICAL Uncaught Error: Class "Xoo_Wsc_Frontend" not found in /var/www/html/wp-content/themes/woo-vanilla/inc/woovanilla-template-hooks.php:62
Stack trace:
#0 /var/www/html/wp-content/themes/woo-vanilla/vendor/composer/autoload_real.php(78): require()
#1 /var/www/html/wp-content/themes/woo-vanilla/vendor/composer/autoload_real.php(61): composerRequire78eba1df147b0fef1ebb7f7219106a30('d3407d2d2e30dbf...', '/var/www/html/w...')
#2 /var/www/html/wp-content/themes/woo-vanilla/vendor/autoload.php(7): ComposerAutoloaderInit78eba1df147b0fef1ebb7f7219106a30::getLoader()
#3 /var/www/html/wp-content/themes/woo-vanilla/functions.php(9): require_once('/var/www/html/w...')
#4 /var/www/html/wp-settings.php(592): include('/var/www/html/w...')
#5 /var/www/html/wp-config.php(175): require_once('/var/www/html/w...')
#6 /var/www/html/wp-load.php(50): require_once('/var/www/html/w...')
#7 /var/www/html/wp-cron.php(46): require_once('/var/www/html/w...')
#8 {main}
  thrown в /var/www/html/wp-content/themes/woo-vanilla/inc/woovanilla-template-hooks.php на строке 62

2023-04-16T19:10:29+00:00 CRITICAL Uncaught Error: Class "Xoo_Wsc_Frontend" not found in /var/www/html/wp-content/themes/woo-vanilla/inc/woovanilla-template-hooks.php:62
Stack trace:
#0 /var/www/html/wp-content/themes/woo-vanilla/vendor/composer/autoload_real.php(78): require()
#1 /var/www/html/wp-content/themes/woo-vanilla/vendor/composer/autoload_real.php(61): composerRequire78eba1df147b0fef1ebb7f7219106a30('d3407d2d2e30dbf...', '/var/www/html/w...')
#2 /var/www/html/wp-content/themes/woo-vanilla/vendor/autoload.php(7): ComposerAutoloaderInit78eba1df147b0fef1ebb7f7219106a30::getLoader()
#3 /var/www/html/wp-content/themes/woo-vanilla/functions.php(9): require_once('/var/www/html/w...')
#4 /var/www/html/wp-settings.php(592): include('/var/www/html/w...')
#5 /var/www/html/wp-config.php(175): require_once('/var/www/html/w...')
#6 /var/www/html/wp-load.php(50): require_once('/var/www/html/w...')
#7 /var/www/html/wp-cron.php(46): require_once('/var/www/html/w...')
#8 {main}
  thrown в /var/www/html/wp-content/themes/woo-vanilla/inc/woovanilla-template-hooks.php на строке 62

2023-04-16T19:11:47+00:00 CRITICAL Uncaught Error: Class "Xoo_Wsc_Frontend" not found in /var/www/html/wp-content/themes/woo-vanilla/inc/woovanilla-template-hooks.php:62
Stack trace:
#0 /var/www/html/wp-content/themes/woo-vanilla/vendor/composer/autoload_real.php(78): require()
#1 /var/www/html/wp-content/themes/woo-vanilla/vendor/composer/autoload_real.php(61): composerRequire78eba1df147b0fef1ebb7f7219106a30('d3407d2d2e30dbf...', '/var/www/html/w...')
#2 /var/www/html/wp-content/themes/woo-vanilla/vendor/autoload.php(7): ComposerAutoloaderInit78eba1df147b0fef1ebb7f7219106a30::getLoader()
#3 /var/www/html/wp-content/themes/woo-vanilla/functions.php(9): require_once('/var/www/html/w...')
#4 /var/www/html/wp-settings.php(592): include('/var/www/html/w...')
#5 /var/www/html/wp-config.php(175): require_once('/var/www/html/w...')
#6 /var/www/html/wp-load.php(50): require_once('/var/www/html/w...')
#7 /var/www/html/wp-cron.php(46): require_once('/var/www/html/w...')
#8 {main}
  thrown в /var/www/html/wp-content/themes/woo-vanilla/inc/woovanilla-template-hooks.php на строке 62

2023-04-16T19:13:16+00:00 CRITICAL Uncaught Error: Class "Xoo_Wsc_Frontend" not found in /var/www/html/wp-content/themes/woo-vanilla/inc/woovanilla-template-hooks.php:62
Stack trace:
#0 /var/www/html/wp-content/themes/woo-vanilla/vendor/composer/autoload_real.php(78): require()
#1 /var/www/html/wp-content/themes/woo-vanilla/vendor/composer/autoload_real.php(61): composerRequire78eba1df147b0fef1ebb7f7219106a30('d3407d2d2e30dbf...', '/var/www/html/w...')
#2 /var/www/html/wp-content/themes/woo-vanilla/vendor/autoload.php(7): ComposerAutoloaderInit78eba1df147b0fef1ebb7f7219106a30::getLoader()
#3 /var/www/html/wp-content/themes/woo-vanilla/functions.php(9): require_once('/var/www/html/w...')
#4 /var/www/html/wp-settings.php(592): include('/var/www/html/w...')
#5 /var/www/html/wp-config.php(175): require_once('/var/www/html/w...')
#6 /var/www/html/wp-load.php(50): require_once('/var/www/html/w...')
#7 /var/www/html/wp-cron.php(46): require_once('/var/www/html/w...')
#8 {main}
  thrown в /var/www/html/wp-content/themes/woo-vanilla/inc/woovanilla-template-hooks.php на строке 62

2023-04-16T19:14:21+00:00 CRITICAL Uncaught Error: Class "Xoo_Wsc_Frontend" not found in /var/www/html/wp-content/themes/woo-vanilla/inc/woovanilla-template-hooks.php:62
Stack trace:
#0 /var/www/html/wp-content/themes/woo-vanilla/vendor/composer/autoload_real.php(78): require()
#1 /var/www/html/wp-content/themes/woo-vanilla/vendor/composer/autoload_real.php(61): composerRequire78eba1df147b0fef1ebb7f7219106a30('d3407d2d2e30dbf...', '/var/www/html/w...')
#2 /var/www/html/wp-content/themes/woo-vanilla/vendor/autoload.php(7): ComposerAutoloaderInit78eba1df147b0fef1ebb7f7219106a30::getLoader()
#3 /var/www/html/wp-content/themes/woo-vanilla/functions.php(9): require_once('/var/www/html/w...')
#4 /var/www/html/wp-settings.php(592): include('/var/www/html/w...')
#5 /var/www/html/wp-config.php(175): require_once('/var/www/html/w...')
#6 /var/www/html/wp-load.php(50): require_once('/var/www/html/w...')
#7 /var/www/html/wp-cron.php(46): require_once('/var/www/html/w...')
#8 {main}
  thrown в /var/www/html/wp-content/themes/woo-vanilla/inc/woovanilla-template-hooks.php на строке 62

2023-04-16T21:26:33+00:00 CRITICAL Uncaught Error: Call to a member function get_regular_price() on null in /var/www/html/wp-content/themes/woo-vanilla/woocommerce/loop/price.php:16
Stack trace:
#0 /var/www/html/wp-content/plugins/woocommerce/includes/wc-core-functions.php(345): include()
#1 /var/www/html/wp-content/plugins/woocommerce/includes/wc-template-functions.php(1396): wc_get_template('loop/price.php')
#2 /var/www/html/wp-includes/class-wp-hook.php(308): woocommerce_template_loop_price('')
#3 /var/www/html/wp-includes/class-wp-hook.php(332): WP_Hook->apply_filters('', Array)
#4 /var/www/html/wp-includes/plugin.php(517): WP_Hook->do_action(Array)
#5 /var/www/html/wp-content/themes/woo-vanilla/woocommerce/loop/add-to-cart/variable.php(49): do_action('woocommerce_aft...')
#6 /var/www/html/wp-content/plugins/woocommerce/includes/wc-core-functions.php(345): include('/var/www/html/w...')
#7 /var/www/html/wp-content/themes/woo-vanilla/inc/woovanilla-template-functions.php(236): wc_get_template('loop/add-to-car...', Array)
#8 /var/www/html/wp-includes/class-wp-hook.php(308): woocommerce_variable_add_to_cart('')
#9 /var/www/html/wp-includes/class-wp-hook.php(332): WP_Hook->apply_filters('', Array)
#10 /var/www/html/wp-includes/plugin.php(517): WP_Hook->do_action(Array)
#11 /var/www/html/wp-content/plugins/woocommerce/includes/wc-template-functions.php(1694): do_action('woocommerce_var...')
#12 /var/www/html/wp-includes/class-wp-hook.php(308): woocommerce_template_single_add_to_cart('')
#13 /var/www/html/wp-includes/class-wp-hook.php(332): WP_Hook->apply_filters(NULL, Array)
#14 /var/www/html/wp-includes/plugin.php(517): WP_Hook->do_action(Array)
#15 /var/www/html/wp-content/themes/woo-vanilla/woocommerce/content-single-product.php(50): do_action('woocommerce_sin...')
#16 /var/www/html/wp-includes/template.php(785): require('/var/www/html/w...')
#17 /var/www/html/wp-content/plugins/woocommerce/includes/wc-core-functions.php(284): load_template('/var/www/html/w...', false)
#18 /var/www/html/wp-content/themes/woo-vanilla/woocommerce/single-product.php(38): wc_get_template_part('content', 'single-product')
#19 /var/www/html/wp-includes/template-loader.php(106): include('/var/www/html/w...')
#20 /var/www/html/wp-blog-header.php(19): require_once('/var/www/html/w...')
#21 /var/www/html/index.php(17): require('/var/www/html/w...')
#22 {main}
  thrown в /var/www/html/wp-content/themes/woo-vanilla/woocommerce/loop/price.php на строке 16

2023-04-16T21:29:56+00:00 CRITICAL Uncaught Error: Call to a member function get_regular_price() on null in /var/www/html/wp-content/themes/woo-vanilla/woocommerce/loop/price.php:16
Stack trace:
#0 /var/www/html/wp-content/plugins/woocommerce/includes/wc-core-functions.php(345): include()
#1 /var/www/html/wp-content/plugins/woocommerce/includes/wc-template-functions.php(1396): wc_get_template('loop/price.php')
#2 /var/www/html/wp-includes/class-wp-hook.php(308): woocommerce_template_loop_price('')
#3 /var/www/html/wp-includes/class-wp-hook.php(332): WP_Hook->apply_filters('', Array)
#4 /var/www/html/wp-includes/plugin.php(517): WP_Hook->do_action(Array)
#5 /var/www/html/wp-content/themes/woo-vanilla/woocommerce/loop/add-to-cart/variable.php(49): do_action('woocommerce_aft...')
#6 /var/www/html/wp-content/plugins/woocommerce/includes/wc-core-functions.php(345): include('/var/www/html/w...')
#7 /var/www/html/wp-content/themes/woo-vanilla/inc/woovanilla-template-functions.php(236): wc_get_template('loop/add-to-car...', Array)
#8 /var/www/html/wp-includes/class-wp-hook.php(308): woocommerce_variable_add_to_cart('')
#9 /var/www/html/wp-includes/class-wp-hook.php(332): WP_Hook->apply_filters('', Array)
#10 /var/www/html/wp-includes/plugin.php(517): WP_Hook->do_action(Array)
#11 /var/www/html/wp-content/plugins/woocommerce/includes/wc-template-functions.php(1694): do_action('woocommerce_var...')
#12 /var/www/html/wp-includes/class-wp-hook.php(308): woocommerce_template_single_add_to_cart('')
#13 /var/www/html/wp-includes/class-wp-hook.php(332): WP_Hook->apply_filters(NULL, Array)
#14 /var/www/html/wp-includes/plugin.php(517): WP_Hook->do_action(Array)
#15 /var/www/html/wp-content/themes/woo-vanilla/woocommerce/content-single-product.php(50): do_action('woocommerce_sin...')
#16 /var/www/html/wp-includes/template.php(785): require('/var/www/html/w...')
#17 /var/www/html/wp-content/plugins/woocommerce/includes/wc-core-functions.php(284): load_template('/var/www/html/w...', false)
#18 /var/www/html/wp-content/themes/woo-vanilla/woocommerce/single-product.php(38): wc_get_template_part('content', 'single-product')
#19 /var/www/html/wp-includes/template-loader.php(106): include('/var/www/html/w...')
#20 /var/www/html/wp-blog-header.php(19): require_once('/var/www/html/w...')
#21 /var/www/html/index.php(17): require('/var/www/html/w...')
#22 {main}
  thrown в /var/www/html/wp-content/themes/woo-vanilla/woocommerce/loop/price.php на строке 16

2023-04-16T21:30:59+00:00 CRITICAL Uncaught Error: Call to a member function get_regular_price() on null in /var/www/html/wp-content/themes/woo-vanilla/woocommerce/loop/price.php:16
Stack trace:
#0 /var/www/html/wp-content/plugins/woocommerce/includes/wc-core-functions.php(345): include()
#1 /var/www/html/wp-content/plugins/woocommerce/includes/wc-template-functions.php(1396): wc_get_template('loop/price.php')
#2 /var/www/html/wp-includes/class-wp-hook.php(308): woocommerce_template_loop_price('')
#3 /var/www/html/wp-includes/class-wp-hook.php(332): WP_Hook->apply_filters('', Array)
#4 /var/www/html/wp-includes/plugin.php(517): WP_Hook->do_action(Array)
#5 /var/www/html/wp-content/themes/woo-vanilla/woocommerce/loop/add-to-cart/variable.php(49): do_action('woocommerce_aft...')
#6 /var/www/html/wp-content/plugins/woocommerce/includes/wc-core-functions.php(345): include('/var/www/html/w...')
#7 /var/www/html/wp-content/themes/woo-vanilla/inc/woovanilla-template-functions.php(236): wc_get_template('loop/add-to-car...', Array)
#8 /var/www/html/wp-includes/class-wp-hook.php(308): woocommerce_variable_add_to_cart('')
#9 /var/www/html/wp-includes/class-wp-hook.php(332): WP_Hook->apply_filters('', Array)
#10 /var/www/html/wp-includes/plugin.php(517): WP_Hook->do_action(Array)
#11 /var/www/html/wp-content/plugins/woocommerce/includes/wc-template-functions.php(1694): do_action('woocommerce_var...')
#12 /var/www/html/wp-includes/class-wp-hook.php(308): woocommerce_template_single_add_to_cart('')
#13 /var/www/html/wp-includes/class-wp-hook.php(332): WP_Hook->apply_filters(NULL, Array)
#14 /var/www/html/wp-includes/plugin.php(517): WP_Hook->do_action(Array)
#15 /var/www/html/wp-content/themes/woo-vanilla/woocommerce/content-single-product.php(50): do_action('woocommerce_sin...')
#16 /var/www/html/wp-includes/template.php(785): require('/var/www/html/w...')
#17 /var/www/html/wp-content/plugins/woocommerce/includes/wc-core-functions.php(284): load_template('/var/www/html/w...', false)
#18 /var/www/html/wp-content/themes/woo-vanilla/woocommerce/single-product.php(38): wc_get_template_part('content', 'single-product')
#19 /var/www/html/wp-includes/template-loader.php(106): include('/var/www/html/w...')
#20 /var/www/html/wp-blog-header.php(19): require_once('/var/www/html/w...')
#21 /var/www/html/index.php(17): require('/var/www/html/w...')
#22 {main}
  thrown в /var/www/html/wp-content/themes/woo-vanilla/woocommerce/loop/price.php на строке 16

2023-04-16T21:35:47+00:00 CRITICAL Uncaught Error: Call to a member function get_regular_price() on array in /var/www/html/wp-content/themes/woo-vanilla/woocommerce/loop/price.php:24
Stack trace:
#0 /var/www/html/wp-content/plugins/woocommerce/includes/wc-core-functions.php(345): include()
#1 /var/www/html/wp-content/plugins/woocommerce/includes/wc-template-functions.php(1396): wc_get_template('loop/price.php')
#2 /var/www/html/wp-includes/class-wp-hook.php(308): woocommerce_template_loop_price('')
#3 /var/www/html/wp-includes/class-wp-hook.php(332): WP_Hook->apply_filters('', Array)
#4 /var/www/html/wp-includes/plugin.php(517): WP_Hook->do_action(Array)
#5 /var/www/html/wp-content/themes/woo-vanilla/woocommerce/loop/add-to-cart/variable.php(49): do_action('woocommerce_aft...')
#6 /var/www/html/wp-content/plugins/woocommerce/includes/wc-core-functions.php(345): include('/var/www/html/w...')
#7 /var/www/html/wp-content/themes/woo-vanilla/inc/woovanilla-template-functions.php(236): wc_get_template('loop/add-to-car...', Array)
#8 /var/www/html/wp-includes/class-wp-hook.php(308): woocommerce_variable_add_to_cart('')
#9 /var/www/html/wp-includes/class-wp-hook.php(332): WP_Hook->apply_filters('', Array)
#10 /var/www/html/wp-includes/plugin.php(517): WP_Hook->do_action(Array)
#11 /var/www/html/wp-content/plugins/woocommerce/includes/wc-template-functions.php(1694): do_action('woocommerce_var...')
#12 /var/www/html/wp-includes/class-wp-hook.php(308): woocommerce_template_single_add_to_cart('')
#13 /var/www/html/wp-includes/class-wp-hook.php(332): WP_Hook->apply_filters(NULL, Array)
#14 /var/www/html/wp-includes/plugin.php(517): WP_Hook->do_action(Array)
#15 /var/www/html/wp-content/themes/woo-vanilla/woocommerce/content-single-product.php(50): do_action('woocommerce_sin...')
#16 /var/www/html/wp-includes/template.php(785): require('/var/www/html/w...')
#17 /var/www/html/wp-content/plugins/woocommerce/includes/wc-core-functions.php(284): load_template('/var/www/html/w...', false)
#18 /var/www/html/wp-content/themes/woo-vanilla/woocommerce/single-product.php(38): wc_get_template_part('content', 'single-product')
#19 /var/www/html/wp-includes/template-loader.php(106): include('/var/www/html/w...')
#20 /var/www/html/wp-blog-header.php(19): require_once('/var/www/html/w...')
#21 /var/www/html/index.php(17): require('/var/www/html/w...')
#22 {main}
  thrown в /var/www/html/wp-content/themes/woo-vanilla/woocommerce/loop/price.php на строке 24

2023-04-16T21:36:15+00:00 CRITICAL Uncaught Error: Call to a member function get_regular_price() on array in /var/www/html/wp-content/themes/woo-vanilla/woocommerce/loop/price.php:24
Stack trace:
#0 /var/www/html/wp-content/plugins/woocommerce/includes/wc-core-functions.php(345): include()
#1 /var/www/html/wp-content/plugins/woocommerce/includes/wc-template-functions.php(1396): wc_get_template('loop/price.php')
#2 /var/www/html/wp-includes/class-wp-hook.php(308): woocommerce_template_loop_price('')
#3 /var/www/html/wp-includes/class-wp-hook.php(332): WP_Hook->apply_filters('', Array)
#4 /var/www/html/wp-includes/plugin.php(517): WP_Hook->do_action(Array)
#5 /var/www/html/wp-content/themes/woo-vanilla/woocommerce/loop/add-to-cart/variable.php(49): do_action('woocommerce_aft...')
#6 /var/www/html/wp-content/plugins/woocommerce/includes/wc-core-functions.php(345): include('/var/www/html/w...')
#7 /var/www/html/wp-content/themes/woo-vanilla/inc/woovanilla-template-functions.php(236): wc_get_template('loop/add-to-car...', Array)
#8 /var/www/html/wp-includes/class-wp-hook.php(308): woocommerce_variable_add_to_cart('')
#9 /var/www/html/wp-includes/class-wp-hook.php(332): WP_Hook->apply_filters('', Array)
#10 /var/www/html/wp-includes/plugin.php(517): WP_Hook->do_action(Array)
#11 /var/www/html/wp-content/plugins/woocommerce/includes/wc-template-functions.php(1694): do_action('woocommerce_var...')
#12 /var/www/html/wp-includes/class-wp-hook.php(308): woocommerce_template_single_add_to_cart('')
#13 /var/www/html/wp-includes/class-wp-hook.php(332): WP_Hook->apply_filters(NULL, Array)
#14 /var/www/html/wp-includes/plugin.php(517): WP_Hook->do_action(Array)
#15 /var/www/html/wp-content/themes/woo-vanilla/woocommerce/content-single-product.php(50): do_action('woocommerce_sin...')
#16 /var/www/html/wp-includes/template.php(785): require('/var/www/html/w...')
#17 /var/www/html/wp-content/plugins/woocommerce/includes/wc-core-functions.php(284): load_template('/var/www/html/w...', false)
#18 /var/www/html/wp-content/themes/woo-vanilla/woocommerce/single-product.php(38): wc_get_template_part('content', 'single-product')
#19 /var/www/html/wp-includes/template-loader.php(106): include('/var/www/html/w...')
#20 /var/www/html/wp-blog-header.php(19): require_once('/var/www/html/w...')
#21 /var/www/html/index.php(17): require('/var/www/html/w...')
#22 {main}
  thrown в /var/www/html/wp-content/themes/woo-vanilla/woocommerce/loop/price.php на строке 24

2023-04-16T21:40:00+00:00 CRITICAL Uncaught Error: Call to a member function get_regular_price() on null in /var/www/html/wp-content/themes/woo-vanilla/woocommerce/loop/price.php:24
Stack trace:
#0 /var/www/html/wp-content/plugins/woocommerce/includes/wc-core-functions.php(345): include()
#1 /var/www/html/wp-content/plugins/woocommerce/includes/wc-template-functions.php(1396): wc_get_template('loop/price.php')
#2 /var/www/html/wp-includes/class-wp-hook.php(308): woocommerce_template_loop_price('')
#3 /var/www/html/wp-includes/class-wp-hook.php(332): WP_Hook->apply_filters('', Array)
#4 /var/www/html/wp-includes/plugin.php(517): WP_Hook->do_action(Array)
#5 /var/www/html/wp-content/themes/woo-vanilla/woocommerce/loop/add-to-cart/variable.php(49): do_action('woocommerce_aft...')
#6 /var/www/html/wp-content/plugins/woocommerce/includes/wc-core-functions.php(345): include('/var/www/html/w...')
#7 /var/www/html/wp-content/themes/woo-vanilla/inc/woovanilla-template-functions.php(236): wc_get_template('loop/add-to-car...', Array)
#8 /var/www/html/wp-includes/class-wp-hook.php(308): woocommerce_variable_add_to_cart('')
#9 /var/www/html/wp-includes/class-wp-hook.php(332): WP_Hook->apply_filters('', Array)
#10 /var/www/html/wp-includes/plugin.php(517): WP_Hook->do_action(Array)
#11 /var/www/html/wp-content/themes/woo-vanilla/woocommerce/content-product.php(102): do_action('woovanilla_shop...')
#12 /var/www/html/wp-content/plugins/woocommerce/includes/wc-core-functions.php(345): include('/var/www/html/w...')
#13 /var/www/html/wp-content/themes/woo-vanilla/inc/woovanilla-functions.php(17): wc_get_template('content-product...', Array, '', '/var/www/html/w...')
#14 /var/www/html/wp-content/plugins/woovanilla-expander/includes/shortcodes/class-wve-shortcode-products-slider.php(85): wc_get_template('content-product...', Array)
#15 /var/www/html/wp-content/plugins/woocommerce/includes/shortcodes/class-wc-shortcode-products.php(107): WooVanilla_Expander\Shortcodes\WVE_Shortcode_Products_Slider->product_loop()
#16 /var/www/html/wp-content/plugins/woovanilla-expander/includes/class-wve-shortcodes.php(60): WC_Shortcode_Products->get_content()
#17 /var/www/html/wp-content/themes/woo-vanilla/inc/woovanilla-functions.php(34): WooVanilla_Expander\WVE_Shortcodes::products_slider(Array, NULL, 'products_slider')
#18 /var/www/html/wp-content/themes/woo-vanilla/inc/woovanilla-template-functions.php(78): woovanilla_do_shortcode('products_slider', Array)
#19 /var/www/html/wp-includes/class-wp-hook.php(308): woovanilla_recent_products(Array)
#20 /var/www/html/wp-includes/class-wp-hook.php(332): WP_Hook->apply_filters('', Array)
#21 /var/www/html/wp-includes/plugin.php(517): WP_Hook->do_action(Array)
#22 /var/www/html/wp-content/themes/woo-vanilla/template-homepage.php(14): do_action('homepage')
#23 /var/www/html/wp-includes/template-loader.php(106): include('/var/www/html/w...')
#24 /var/www/html/wp-blog-header.php(19): require_once('/var/www/html/w...')
#25 /var/www/html/index.php(17): require('/var/www/html/w...')
#26 {main}
  thrown в /var/www/html/wp-content/themes/woo-vanilla/woocommerce/loop/price.php на строке 24

2023-04-16T21:40:04+00:00 CRITICAL Uncaught Error: Call to a member function get_regular_price() on null in /var/www/html/wp-content/themes/woo-vanilla/woocommerce/loop/price.php:24
Stack trace:
#0 /var/www/html/wp-content/plugins/woocommerce/includes/wc-core-functions.php(345): include()
#1 /var/www/html/wp-content/plugins/woocommerce/includes/wc-template-functions.php(1396): wc_get_template('loop/price.php')
#2 /var/www/html/wp-includes/class-wp-hook.php(308): woocommerce_template_loop_price('')
#3 /var/www/html/wp-includes/class-wp-hook.php(332): WP_Hook->apply_filters('', Array)
#4 /var/www/html/wp-includes/plugin.php(517): WP_Hook->do_action(Array)
#5 /var/www/html/wp-content/themes/woo-vanilla/woocommerce/loop/add-to-cart/variable.php(49): do_action('woocommerce_aft...')
#6 /var/www/html/wp-content/plugins/woocommerce/includes/wc-core-functions.php(345): include('/var/www/html/w...')
#7 /var/www/html/wp-content/themes/woo-vanilla/inc/woovanilla-template-functions.php(236): wc_get_template('loop/add-to-car...', Array)
#8 /var/www/html/wp-includes/class-wp-hook.php(308): woocommerce_variable_add_to_cart('')
#9 /var/www/html/wp-includes/class-wp-hook.php(332): WP_Hook->apply_filters('', Array)
#10 /var/www/html/wp-includes/plugin.php(517): WP_Hook->do_action(Array)
#11 /var/www/html/wp-content/themes/woo-vanilla/woocommerce/content-product.php(102): do_action('woovanilla_shop...')
#12 /var/www/html/wp-content/plugins/woocommerce/includes/wc-core-functions.php(345): include('/var/www/html/w...')
#13 /var/www/html/wp-content/themes/woo-vanilla/inc/woovanilla-functions.php(17): wc_get_template('content-product...', Array, '', '/var/www/html/w...')
#14 /var/www/html/wp-content/plugins/woovanilla-expander/includes/shortcodes/class-wve-shortcode-products-slider.php(85): wc_get_template('content-product...', Array)
#15 /var/www/html/wp-content/plugins/woocommerce/includes/shortcodes/class-wc-shortcode-products.php(107): WooVanilla_Expander\Shortcodes\WVE_Shortcode_Products_Slider->product_loop()
#16 /var/www/html/wp-content/plugins/woovanilla-expander/includes/class-wve-shortcodes.php(60): WC_Shortcode_Products->get_content()
#17 /var/www/html/wp-content/themes/woo-vanilla/inc/woovanilla-functions.php(34): WooVanilla_Expander\WVE_Shortcodes::products_slider(Array, NULL, 'products_slider')
#18 /var/www/html/wp-content/themes/woo-vanilla/inc/woovanilla-template-functions.php(78): woovanilla_do_shortcode('products_slider', Array)
#19 /var/www/html/wp-includes/class-wp-hook.php(308): woovanilla_recent_products(Array)
#20 /var/www/html/wp-includes/class-wp-hook.php(332): WP_Hook->apply_filters('', Array)
#21 /var/www/html/wp-includes/plugin.php(517): WP_Hook->do_action(Array)
#22 /var/www/html/wp-content/themes/woo-vanilla/template-homepage.php(14): do_action('homepage')
#23 /var/www/html/wp-includes/template-loader.php(106): include('/var/www/html/w...')
#24 /var/www/html/wp-blog-header.php(19): require_once('/var/www/html/w...')
#25 /var/www/html/index.php(17): require('/var/www/html/w...')
#26 {main}
  thrown в /var/www/html/wp-content/themes/woo-vanilla/woocommerce/loop/price.php на строке 24

