2023-04-15T09:09:33+00:00 CRITICAL Uncaught Error: Call to undefined function f() in /var/www/html/wp-content/themes/woo-vanilla/templates/content-product-slider.php:31
Stack trace:
#0 /var/www/html/wp-content/plugins/woocommerce/includes/wc-core-functions.php(345): include()
#1 /var/www/html/wp-content/themes/woo-vanilla/inc/woovanilla-functions.php(17): wc_get_template('content-product...', Array, '', '/var/www/html/w...')
#2 /var/www/html/wp-content/plugins/woovanilla-expander/includes/shortcodes/class-wve-shortcode-products-slider.php(84): wc_get_template('content-product...')
#3 /var/www/html/wp-content/plugins/woocommerce/includes/shortcodes/class-wc-shortcode-products.php(107): WooVanilla_Expander\Shortcodes\WVE_Shortcode_Products_Slider->product_loop()
#4 /var/www/html/wp-content/plugins/woovanilla-expander/includes/class-wve-shortcodes.php(60): WC_Shortcode_Products->get_content()
#5 /var/www/html/wp-content/themes/woo-vanilla/inc/woovanilla-functions.php(34): WooVanilla_Expander\WVE_Shortcodes::products_slider(Array, NULL, 'products_slider')
#6 /var/www/html/wp-content/themes/woo-vanilla/inc/woovanilla-template-functions.php(78): woovanilla_do_shortcode('products_slider', Array)
#7 /var/www/html/wp-includes/class-wp-hook.php(308): woovanilla_recent_products(Array)
#8 /var/www/html/wp-includes/class-wp-hook.php(332): WP_Hook->apply_filters('', Array)
#9 /var/www/html/wp-includes/plugin.php(517): WP_Hook->do_action(Array)
#10 /var/www/html/wp-content/themes/woo-vanilla/template-homepage.php(14): do_action('homepage')
#11 /var/www/html/wp-includes/template-loader.php(106): include('/var/www/html/w...')
#12 /var/www/html/wp-blog-header.php(19): require_once('/var/www/html/w...')
#13 /var/www/html/index.php(17): require('/var/www/html/w...')
#14 {main}
  thrown в /var/www/html/wp-content/themes/woo-vanilla/templates/content-product-slider.php на строке 31

2023-04-15T09:21:00+00:00 CRITICAL Uncaught TypeError: call_user_func_array(): Argument #1 ($callback) must be a valid callback, function "woovanilla_before_shop_loop_item_catalog_actions" not found or invalid function name in /var/www/html/wp-includes/class-wp-hook.php:308
Stack trace:
#0 /var/www/html/wp-includes/class-wp-hook.php(332): WP_Hook->apply_filters('', Array)
#1 /var/www/html/wp-includes/plugin.php(517): WP_Hook->do_action(Array)
#2 /var/www/html/wp-content/themes/woo-vanilla/templates/content-product-slider.php(53): do_action('woovanilla_befo...')
#3 /var/www/html/wp-content/plugins/woocommerce/includes/wc-core-functions.php(345): include('/var/www/html/w...')
#4 /var/www/html/wp-content/themes/woo-vanilla/inc/woovanilla-functions.php(17): wc_get_template('content-product...', Array, '', '/var/www/html/w...')
#5 /var/www/html/wp-content/plugins/woovanilla-expander/includes/shortcodes/class-wve-shortcode-products-slider.php(84): wc_get_template('content-product...')
#6 /var/www/html/wp-content/plugins/woocommerce/includes/shortcodes/class-wc-shortcode-products.php(107): WooVanilla_Expander\Shortcodes\WVE_Shortcode_Products_Slider->product_loop()
#7 /var/www/html/wp-content/plugins/woovanilla-expander/includes/class-wve-shortcodes.php(60): WC_Shortcode_Products->get_content()
#8 /var/www/html/wp-content/themes/woo-vanilla/inc/woovanilla-functions.php(34): WooVanilla_Expander\WVE_Shortcodes::products_slider(Array, NULL, 'products_slider')
#9 /var/www/html/wp-content/themes/woo-vanilla/inc/woovanilla-template-functions.php(78): woovanilla_do_shortcode('products_slider', Array)
#10 /var/www/html/wp-includes/class-wp-hook.php(308): woovanilla_recent_products(Array)
#11 /var/www/html/wp-includes/class-wp-hook.php(332): WP_Hook->apply_filters('', Array)
#12 /var/www/html/wp-includes/plugin.php(517): WP_Hook->do_action(Array)
#13 /var/www/html/wp-content/themes/woo-vanilla/template-homepage.php(14): do_action('homepage')
#14 /var/www/html/wp-includes/template-loader.php(106): include('/var/www/html/w...')
#15 /var/www/html/wp-blog-header.php(19): require_once('/var/www/html/w...')
#16 /var/www/html/index.php(17): require('/var/www/html/w...')
#17 {main}
  thrown в /var/www/html/wp-includes/class-wp-hook.php на строке 308

2023-04-15T09:49:07+00:00 CRITICAL Uncaught TypeError: call_user_func_array(): Argument #1 ($callback) must be a valid callback, function "woovanilla_before_shop_loop_item_catalog_actions" not found or invalid function name in /var/www/html/wp-includes/class-wp-hook.php:308
Stack trace:
#0 /var/www/html/wp-includes/class-wp-hook.php(332): WP_Hook->apply_filters('', Array)
#1 /var/www/html/wp-includes/plugin.php(517): WP_Hook->do_action(Array)
#2 /var/www/html/wp-content/themes/woo-vanilla/templates/content-product-slider.php(58): do_action('woovanilla_afte...')
#3 /var/www/html/wp-content/plugins/woocommerce/includes/wc-core-functions.php(345): include('/var/www/html/w...')
#4 /var/www/html/wp-content/themes/woo-vanilla/inc/woovanilla-functions.php(17): wc_get_template('content-product...', Array, '', '/var/www/html/w...')
#5 /var/www/html/wp-content/plugins/woovanilla-expander/includes/shortcodes/class-wve-shortcode-products-slider.php(84): wc_get_template('content-product...')
#6 /var/www/html/wp-content/plugins/woocommerce/includes/shortcodes/class-wc-shortcode-products.php(107): WooVanilla_Expander\Shortcodes\WVE_Shortcode_Products_Slider->product_loop()
#7 /var/www/html/wp-content/plugins/woovanilla-expander/includes/class-wve-shortcodes.php(60): WC_Shortcode_Products->get_content()
#8 /var/www/html/wp-content/themes/woo-vanilla/inc/woovanilla-functions.php(34): WooVanilla_Expander\WVE_Shortcodes::products_slider(Array, NULL, 'products_slider')
#9 /var/www/html/wp-content/themes/woo-vanilla/inc/woovanilla-template-functions.php(78): woovanilla_do_shortcode('products_slider', Array)
#10 /var/www/html/wp-includes/class-wp-hook.php(308): woovanilla_recent_products(Array)
#11 /var/www/html/wp-includes/class-wp-hook.php(332): WP_Hook->apply_filters('', Array)
#12 /var/www/html/wp-includes/plugin.php(517): WP_Hook->do_action(Array)
#13 /var/www/html/wp-content/themes/woo-vanilla/template-homepage.php(14): do_action('homepage')
#14 /var/www/html/wp-includes/template-loader.php(106): include('/var/www/html/w...')
#15 /var/www/html/wp-blog-header.php(19): require_once('/var/www/html/w...')
#16 /var/www/html/index.php(17): require('/var/www/html/w...')
#17 {main}
  thrown в /var/www/html/wp-includes/class-wp-hook.php на строке 308

2023-04-15T09:53:01+00:00 CRITICAL Uncaught ArgumentCountError: Too few arguments to function wc_format_dimensions(), 0 passed in /var/www/html/wp-content/themes/woo-vanilla/inc/woovanilla-template-functions.php on line 207 and exactly 1 expected in /var/www/html/wp-content/plugins/woocommerce/includes/wc-formatting-functions.php:1321
Stack trace:
#0 /var/www/html/wp-content/themes/woo-vanilla/inc/woovanilla-template-functions.php(207): wc_format_dimensions()
#1 /var/www/html/wp-includes/class-wp-hook.php(308): woovanilla_template_loop_item_slider_dimensions('')
#2 /var/www/html/wp-includes/class-wp-hook.php(332): WP_Hook->apply_filters(NULL, Array)
#3 /var/www/html/wp-includes/plugin.php(517): WP_Hook->do_action(Array)
#4 /var/www/html/wp-content/themes/woo-vanilla/templates/content-product-slider.php(58): do_action('woovanilla_afte...')
#5 /var/www/html/wp-content/plugins/woocommerce/includes/wc-core-functions.php(345): include('/var/www/html/w...')
#6 /var/www/html/wp-content/themes/woo-vanilla/inc/woovanilla-functions.php(17): wc_get_template('content-product...', Array, '', '/var/www/html/w...')
#7 /var/www/html/wp-content/plugins/woovanilla-expander/includes/shortcodes/class-wve-shortcode-products-slider.php(84): wc_get_template('content-product...')
#8 /var/www/html/wp-content/plugins/woocommerce/includes/shortcodes/class-wc-shortcode-products.php(107): WooVanilla_Expander\Shortcodes\WVE_Shortcode_Products_Slider->product_loop()
#9 /var/www/html/wp-content/plugins/woovanilla-expander/includes/class-wve-shortcodes.php(60): WC_Shortcode_Products->get_content()
#10 /var/www/html/wp-content/themes/woo-vanilla/inc/woovanilla-functions.php(34): WooVanilla_Expander\WVE_Shortcodes::products_slider(Array, NULL, 'products_slider')
#11 /var/www/html/wp-content/themes/woo-vanilla/inc/woovanilla-template-functions.php(78): woovanilla_do_shortcode('products_slider', Array)
#12 /var/www/html/wp-includes/class-wp-hook.php(308): woovanilla_recent_products(Array)
#13 /var/www/html/wp-includes/class-wp-hook.php(332): WP_Hook->apply_filters('', Array)
#14 /var/www/html/wp-includes/plugin.php(517): WP_Hook->do_action(Array)
#15 /var/www/html/wp-content/themes/woo-vanilla/template-homepage.php(14): do_action('homepage')
#16 /var/www/html/wp-includes/template-loader.php(106): include('/var/www/html/w...')
#17 /var/www/html/wp-blog-header.php(19): require_once('/var/www/html/w...')
#18 /var/www/html/index.php(17): require('/var/www/html/w...')
#19 {main}
  thrown в /var/www/html/wp-content/plugins/woocommerce/includes/wc-formatting-functions.php на строке 1321

2023-04-15T09:54:49+00:00 CRITICAL Uncaught TypeError: array_map(): Argument #2 ($array) must be of type array, string given in /var/www/html/wp-content/plugins/woocommerce/includes/wc-formatting-functions.php:1322
Stack trace:
#0 /var/www/html/wp-content/plugins/woocommerce/includes/wc-formatting-functions.php(1322): array_map('wc_format_local...', '\xD0\x9D/\xD0\x94')
#1 /var/www/html/wp-content/themes/woo-vanilla/inc/woovanilla-template-functions.php(208): wc_format_dimensions('\xD0\x9D/\xD0\x94')
#2 /var/www/html/wp-includes/class-wp-hook.php(308): woovanilla_template_loop_item_slider_dimensions('')
#3 /var/www/html/wp-includes/class-wp-hook.php(332): WP_Hook->apply_filters(NULL, Array)
#4 /var/www/html/wp-includes/plugin.php(517): WP_Hook->do_action(Array)
#5 /var/www/html/wp-content/themes/woo-vanilla/templates/content-product-slider.php(58): do_action('woovanilla_afte...')
#6 /var/www/html/wp-content/plugins/woocommerce/includes/wc-core-functions.php(345): include('/var/www/html/w...')
#7 /var/www/html/wp-content/themes/woo-vanilla/inc/woovanilla-functions.php(17): wc_get_template('content-product...', Array, '', '/var/www/html/w...')
#8 /var/www/html/wp-content/plugins/woovanilla-expander/includes/shortcodes/class-wve-shortcode-products-slider.php(84): wc_get_template('content-product...')
#9 /var/www/html/wp-content/plugins/woocommerce/includes/shortcodes/class-wc-shortcode-products.php(107): WooVanilla_Expander\Shortcodes\WVE_Shortcode_Products_Slider->product_loop()
#10 /var/www/html/wp-content/plugins/woovanilla-expander/includes/class-wve-shortcodes.php(60): WC_Shortcode_Products->get_content()
#11 /var/www/html/wp-content/themes/woo-vanilla/inc/woovanilla-functions.php(34): WooVanilla_Expander\WVE_Shortcodes::products_slider(Array, NULL, 'products_slider')
#12 /var/www/html/wp-content/themes/woo-vanilla/inc/woovanilla-template-functions.php(78): woovanilla_do_shortcode('products_slider', Array)
#13 /var/www/html/wp-includes/class-wp-hook.php(308): woovanilla_recent_products(Array)
#14 /var/www/html/wp-includes/class-wp-hook.php(332): WP_Hook->apply_filters('', Array)
#15 /var/www/html/wp-includes/plugin.php(517): WP_Hook->do_action(Array)
#16 /var/www/html/wp-content/themes/woo-vanilla/template-homepage.php(14): do_action('homepage')
#17 /var/www/html/wp-includes/template-loader.php(106): include('/var/www/html/w...')
#18 /var/www/html/wp-blog-header.php(19): require_once('/var/www/html/w...')
#19 /var/www/html/index.php(17): require('/var/www/html/w...')
#20 {main}
  thrown в /var/www/html/wp-content/plugins/woocommerce/includes/wc-formatting-functions.php на строке 1322

2023-04-15T10:07:01+00:00 CRITICAL Uncaught TypeError: call_user_func_array(): Argument #1 ($callback) must be a valid callback, function "woovanilla_template_loop_item_catalog_actions" not found or invalid function name in /var/www/html/wp-includes/class-wp-hook.php:308
Stack trace:
#0 /var/www/html/wp-includes/class-wp-hook.php(332): WP_Hook->apply_filters('', Array)
#1 /var/www/html/wp-includes/plugin.php(517): WP_Hook->do_action(Array)
#2 /var/www/html/wp-content/themes/woo-vanilla/templates/content-product-slider.php(58): do_action('woovanilla_afte...')
#3 /var/www/html/wp-content/plugins/woocommerce/includes/wc-core-functions.php(345): include('/var/www/html/w...')
#4 /var/www/html/wp-content/themes/woo-vanilla/inc/woovanilla-functions.php(17): wc_get_template('content-product...', Array, '', '/var/www/html/w...')
#5 /var/www/html/wp-content/plugins/woovanilla-expander/includes/shortcodes/class-wve-shortcode-products-slider.php(84): wc_get_template('content-product...')
#6 /var/www/html/wp-content/plugins/woocommerce/includes/shortcodes/class-wc-shortcode-products.php(107): WooVanilla_Expander\Shortcodes\WVE_Shortcode_Products_Slider->product_loop()
#7 /var/www/html/wp-content/plugins/woovanilla-expander/includes/class-wve-shortcodes.php(60): WC_Shortcode_Products->get_content()
#8 /var/www/html/wp-content/themes/woo-vanilla/inc/woovanilla-functions.php(34): WooVanilla_Expander\WVE_Shortcodes::products_slider(Array, NULL, 'products_slider')
#9 /var/www/html/wp-content/themes/woo-vanilla/inc/woovanilla-template-functions.php(78): woovanilla_do_shortcode('products_slider', Array)
#10 /var/www/html/wp-includes/class-wp-hook.php(308): woovanilla_recent_products(Array)
#11 /var/www/html/wp-includes/class-wp-hook.php(332): WP_Hook->apply_filters('', Array)
#12 /var/www/html/wp-includes/plugin.php(517): WP_Hook->do_action(Array)
#13 /var/www/html/wp-content/themes/woo-vanilla/template-homepage.php(14): do_action('homepage')
#14 /var/www/html/wp-includes/template-loader.php(106): include('/var/www/html/w...')
#15 /var/www/html/wp-blog-header.php(19): require_once('/var/www/html/w...')
#16 /var/www/html/index.php(17): require('/var/www/html/w...')
#17 {main}
  thrown в /var/www/html/wp-includes/class-wp-hook.php на строке 308

2023-04-15T10:39:48+00:00 CRITICAL syntax error, unexpected token "if" в /var/www/html/wp-content/themes/woo-vanilla/woocommerce/content-product.php на строке 17

