2023-05-13T09:19:55+00:00 CRITICAL Uncaught TypeError: array_search(): Argument #2 ($haystack) must be of type array, string given in /var/www/html/wp-content/themes/woo-vanilla/inc/woovanilla-template-functions.php:144
Stack trace:
#0 /var/www/html/wp-content/themes/woo-vanilla/inc/woovanilla-template-functions.php(144): array_search('pa_czvet', '')
#1 [internal function]: {closure}(Object(WC_Product_Attribute))
#2 /var/www/html/wp-content/themes/woo-vanilla/inc/woovanilla-template-functions.php(147): array_filter(Array, Object(Closure))
#3 /var/www/html/wp-includes/class-wp-hook.php(308): woovanilla_template_product_attributes('')
#4 /var/www/html/wp-includes/class-wp-hook.php(332): WP_Hook->apply_filters(NULL, Array)
#5 /var/www/html/wp-includes/plugin.php(517): WP_Hook->do_action(Array)
#6 /var/www/html/wp-content/themes/woo-vanilla/woocommerce/content-single-product.php(48): do_action('woocommerce_sin...')
#7 /var/www/html/wp-includes/template.php(785): require('/var/www/html/w...')
#8 /var/www/html/wp-content/plugins/woocommerce/includes/wc-core-functions.php(284): load_template('/var/www/html/w...', false)
#9 /var/www/html/wp-content/themes/woo-vanilla/woocommerce/single-product.php(28): wc_get_template_part('content', 'single-product')
#10 /var/www/html/wp-includes/template-loader.php(106): include('/var/www/html/w...')
#11 /var/www/html/wp-blog-header.php(19): require_once('/var/www/html/w...')
#12 /var/www/html/index.php(17): require('/var/www/html/w...')
#13 {main}
  thrown в /var/www/html/wp-content/themes/woo-vanilla/inc/woovanilla-template-functions.php на строке 144

2023-05-13T09:20:04+00:00 CRITICAL Uncaught TypeError: array_search(): Argument #2 ($haystack) must be of type array, string given in /var/www/html/wp-content/themes/woo-vanilla/inc/woovanilla-template-functions.php:144
Stack trace:
#0 /var/www/html/wp-content/themes/woo-vanilla/inc/woovanilla-template-functions.php(144): array_search('pa_czvet', '')
#1 [internal function]: {closure}(Object(WC_Product_Attribute))
#2 /var/www/html/wp-content/themes/woo-vanilla/inc/woovanilla-template-functions.php(147): array_filter(Array, Object(Closure))
#3 /var/www/html/wp-includes/class-wp-hook.php(308): woovanilla_template_product_attributes('')
#4 /var/www/html/wp-includes/class-wp-hook.php(332): WP_Hook->apply_filters(NULL, Array)
#5 /var/www/html/wp-includes/plugin.php(517): WP_Hook->do_action(Array)
#6 /var/www/html/wp-content/themes/woo-vanilla/woocommerce/content-single-product.php(48): do_action('woocommerce_sin...')
#7 /var/www/html/wp-includes/template.php(785): require('/var/www/html/w...')
#8 /var/www/html/wp-content/plugins/woocommerce/includes/wc-core-functions.php(284): load_template('/var/www/html/w...', false)
#9 /var/www/html/wp-content/themes/woo-vanilla/woocommerce/single-product.php(28): wc_get_template_part('content', 'single-product')
#10 /var/www/html/wp-includes/template-loader.php(106): include('/var/www/html/w...')
#11 /var/www/html/wp-blog-header.php(19): require_once('/var/www/html/w...')
#12 /var/www/html/index.php(17): require('/var/www/html/w...')
#13 {main}
  thrown в /var/www/html/wp-content/themes/woo-vanilla/inc/woovanilla-template-functions.php на строке 144

2023-05-13T09:24:29+00:00 CRITICAL Uncaught TypeError: array_search(): Argument #2 ($haystack) must be of type array, string given in /var/www/html/wp-content/themes/woo-vanilla/inc/woovanilla-template-functions.php:145
Stack trace:
#0 /var/www/html/wp-content/themes/woo-vanilla/inc/woovanilla-template-functions.php(145): array_search('pa_zelen', '')
#1 [internal function]: {closure}(Object(WC_Product_Attribute))
#2 /var/www/html/wp-content/themes/woo-vanilla/inc/woovanilla-template-functions.php(149): array_filter(Array, Object(Closure))
#3 /var/www/html/wp-includes/class-wp-hook.php(308): woovanilla_template_product_attributes('')
#4 /var/www/html/wp-includes/class-wp-hook.php(332): WP_Hook->apply_filters(NULL, Array)
#5 /var/www/html/wp-includes/plugin.php(517): WP_Hook->do_action(Array)
#6 /var/www/html/wp-content/themes/woo-vanilla/woocommerce/content-single-product.php(47): do_action('woocommerce_sin...')
#7 /var/www/html/wp-includes/template.php(785): require('/var/www/html/w...')
#8 /var/www/html/wp-content/plugins/woocommerce/includes/wc-core-functions.php(284): load_template('/var/www/html/w...', false)
#9 /var/www/html/wp-content/themes/woo-vanilla/woocommerce/single-product.php(28): wc_get_template_part('content', 'single-product')
#10 /var/www/html/wp-includes/template-loader.php(106): include('/var/www/html/w...')
#11 /var/www/html/wp-blog-header.php(19): require_once('/var/www/html/w...')
#12 /var/www/html/index.php(17): require('/var/www/html/w...')
#13 {main}
  thrown в /var/www/html/wp-content/themes/woo-vanilla/inc/woovanilla-template-functions.php на строке 145

2023-05-13T09:31:07+00:00 CRITICAL Uncaught Error: Non-static method WC_Structured_Data::generate_product_data() cannot be called statically in /var/www/html/wp-content/themes/woo-vanilla/woocommerce/content-single-product.php:42
Stack trace:
#0 /var/www/html/wp-includes/template.php(785): require()
#1 /var/www/html/wp-content/plugins/woocommerce/includes/wc-core-functions.php(284): load_template('/var/www/html/w...', false)
#2 /var/www/html/wp-content/themes/woo-vanilla/woocommerce/single-product.php(28): wc_get_template_part('content', 'single-product')
#3 /var/www/html/wp-includes/template-loader.php(106): include('/var/www/html/w...')
#4 /var/www/html/wp-blog-header.php(19): require_once('/var/www/html/w...')
#5 /var/www/html/index.php(17): require('/var/www/html/w...')
#6 {main}
  thrown в /var/www/html/wp-content/themes/woo-vanilla/woocommerce/content-single-product.php на строке 42

2023-05-13T09:31:29+00:00 CRITICAL Uncaught TypeError: array_search(): Argument #2 ($haystack) must be of type array, string given in /var/www/html/wp-content/themes/woo-vanilla/inc/woovanilla-template-functions.php:145
Stack trace:
#0 /var/www/html/wp-content/themes/woo-vanilla/inc/woovanilla-template-functions.php(145): array_search('pa_zelen', '')
#1 [internal function]: {closure}(Object(WC_Product_Attribute))
#2 /var/www/html/wp-content/themes/woo-vanilla/inc/woovanilla-template-functions.php(149): array_filter(Array, Object(Closure))
#3 /var/www/html/wp-includes/class-wp-hook.php(308): woovanilla_template_product_attributes('')
#4 /var/www/html/wp-includes/class-wp-hook.php(332): WP_Hook->apply_filters(NULL, Array)
#5 /var/www/html/wp-includes/plugin.php(517): WP_Hook->do_action(Array)
#6 /var/www/html/wp-content/themes/woo-vanilla/woocommerce/content-single-product.php(47): do_action('woocommerce_sin...')
#7 /var/www/html/wp-includes/template.php(785): require('/var/www/html/w...')
#8 /var/www/html/wp-content/plugins/woocommerce/includes/wc-core-functions.php(284): load_template('/var/www/html/w...', false)
#9 /var/www/html/wp-content/themes/woo-vanilla/woocommerce/single-product.php(28): wc_get_template_part('content', 'single-product')
#10 /var/www/html/wp-includes/template-loader.php(106): include('/var/www/html/w...')
#11 /var/www/html/wp-blog-header.php(19): require_once('/var/www/html/w...')
#12 /var/www/html/index.php(17): require('/var/www/html/w...')
#13 {main}
  thrown в /var/www/html/wp-content/themes/woo-vanilla/inc/woovanilla-template-functions.php на строке 145

2023-05-13T09:36:05+00:00 CRITICAL Uncaught TypeError: array_search(): Argument #2 ($haystack) must be of type array, string given in /var/www/html/wp-content/themes/woo-vanilla/inc/woovanilla-template-functions.php:145
Stack trace:
#0 /var/www/html/wp-content/themes/woo-vanilla/inc/woovanilla-template-functions.php(145): array_search('pa_zelen', '')
#1 [internal function]: {closure}(Object(WC_Product_Attribute))
#2 /var/www/html/wp-content/themes/woo-vanilla/inc/woovanilla-template-functions.php(149): array_filter(Array, Object(Closure))
#3 /var/www/html/wp-includes/class-wp-hook.php(308): woovanilla_template_product_attributes('')
#4 /var/www/html/wp-includes/class-wp-hook.php(332): WP_Hook->apply_filters(NULL, Array)
#5 /var/www/html/wp-includes/plugin.php(517): WP_Hook->do_action(Array)
#6 /var/www/html/wp-content/themes/woo-vanilla/woocommerce/content-single-product.php(47): do_action('woocommerce_sin...')
#7 /var/www/html/wp-includes/template.php(785): require('/var/www/html/w...')
#8 /var/www/html/wp-content/plugins/woocommerce/includes/wc-core-functions.php(284): load_template('/var/www/html/w...', false)
#9 /var/www/html/wp-content/themes/woo-vanilla/woocommerce/single-product.php(28): wc_get_template_part('content', 'single-product')
#10 /var/www/html/wp-includes/template-loader.php(106): include('/var/www/html/w...')
#11 /var/www/html/wp-blog-header.php(19): require_once('/var/www/html/w...')
#12 /var/www/html/index.php(17): require('/var/www/html/w...')
#13 {main}
  thrown в /var/www/html/wp-content/themes/woo-vanilla/inc/woovanilla-template-functions.php на строке 145

2023-05-13T09:36:45+00:00 CRITICAL Uncaught TypeError: array_search(): Argument #2 ($haystack) must be of type array, string given in /var/www/html/wp-content/themes/woo-vanilla/inc/woovanilla-template-functions.php:145
Stack trace:
#0 /var/www/html/wp-content/themes/woo-vanilla/inc/woovanilla-template-functions.php(145): array_search('pa_zelen', '')
#1 [internal function]: {closure}(Object(WC_Product_Attribute))
#2 /var/www/html/wp-content/themes/woo-vanilla/inc/woovanilla-template-functions.php(149): array_filter(Array, Object(Closure))
#3 /var/www/html/wp-includes/class-wp-hook.php(308): woovanilla_template_product_attributes('')
#4 /var/www/html/wp-includes/class-wp-hook.php(332): WP_Hook->apply_filters(NULL, Array)
#5 /var/www/html/wp-includes/plugin.php(517): WP_Hook->do_action(Array)
#6 /var/www/html/wp-content/themes/woo-vanilla/woocommerce/content-single-product.php(47): do_action('woocommerce_sin...')
#7 /var/www/html/wp-includes/template.php(785): require('/var/www/html/w...')
#8 /var/www/html/wp-content/plugins/woocommerce/includes/wc-core-functions.php(284): load_template('/var/www/html/w...', false)
#9 /var/www/html/wp-content/themes/woo-vanilla/woocommerce/single-product.php(28): wc_get_template_part('content', 'single-product')
#10 /var/www/html/wp-includes/template-loader.php(106): include('/var/www/html/w...')
#11 /var/www/html/wp-blog-header.php(19): require_once('/var/www/html/w...')
#12 /var/www/html/index.php(17): require('/var/www/html/w...')
#13 {main}
  thrown в /var/www/html/wp-content/themes/woo-vanilla/inc/woovanilla-template-functions.php на строке 145

2023-05-13T09:40:46+00:00 CRITICAL Uncaught TypeError: array_search(): Argument #2 ($haystack) must be of type array, string given in /var/www/html/wp-content/themes/woo-vanilla/inc/woovanilla-template-functions.php:145
Stack trace:
#0 /var/www/html/wp-content/themes/woo-vanilla/inc/woovanilla-template-functions.php(145): array_search('pa_razmer', '')
#1 [internal function]: {closure}(Object(WC_Product_Attribute))
#2 /var/www/html/wp-content/themes/woo-vanilla/inc/woovanilla-template-functions.php(149): array_filter(Array, Object(Closure))
#3 /var/www/html/wp-includes/class-wp-hook.php(308): woovanilla_template_product_attributes('')
#4 /var/www/html/wp-includes/class-wp-hook.php(332): WP_Hook->apply_filters(NULL, Array)
#5 /var/www/html/wp-includes/plugin.php(517): WP_Hook->do_action(Array)
#6 /var/www/html/wp-content/themes/woo-vanilla/woocommerce/content-single-product.php(47): do_action('woocommerce_sin...')
#7 /var/www/html/wp-includes/template.php(785): require('/var/www/html/w...')
#8 /var/www/html/wp-content/plugins/woocommerce/includes/wc-core-functions.php(284): load_template('/var/www/html/w...', false)
#9 /var/www/html/wp-content/themes/woo-vanilla/woocommerce/single-product.php(28): wc_get_template_part('content', 'single-product')
#10 /var/www/html/wp-includes/template-loader.php(106): include('/var/www/html/w...')
#11 /var/www/html/wp-blog-header.php(19): require_once('/var/www/html/w...')
#12 /var/www/html/index.php(17): require('/var/www/html/w...')
#13 {main}
  thrown в /var/www/html/wp-content/themes/woo-vanilla/inc/woovanilla-template-functions.php на строке 145

2023-05-13T11:00:49+00:00 CRITICAL Uncaught ArgumentCountError: Too few arguments to function woovanilla_variable_add_to_cart(), 0 passed in /var/www/html/wp-content/themes/woo-vanilla/woocommerce/content-single-product.php on line 41 and exactly 1 expected in /var/www/html/wp-content/themes/woo-vanilla/inc/woovanilla-template-functions.php:161
Stack trace:
#0 /var/www/html/wp-content/themes/woo-vanilla/woocommerce/content-single-product.php(41): woovanilla_variable_add_to_cart()
#1 /var/www/html/wp-includes/template.php(785): require('/var/www/html/w...')
#2 /var/www/html/wp-content/plugins/woocommerce/includes/wc-core-functions.php(284): load_template('/var/www/html/w...', false)
#3 /var/www/html/wp-content/themes/woo-vanilla/woocommerce/single-product.php(28): wc_get_template_part('content', 'single-product')
#4 /var/www/html/wp-includes/template-loader.php(106): include('/var/www/html/w...')
#5 /var/www/html/wp-blog-header.php(19): require_once('/var/www/html/w...')
#6 /var/www/html/index.php(17): require('/var/www/html/w...')
#7 {main}
  thrown в /var/www/html/wp-content/themes/woo-vanilla/inc/woovanilla-template-functions.php на строке 161

2023-05-13T14:48:36+00:00 CRITICAL Cannot redeclare woovanilla_single_variation() (previously declared in /var/www/html/wp-content/themes/woo-vanilla/inc/woovanilla-template-functions.php:363) в /var/www/html/wp-content/themes/woo-vanilla/inc/woovanilla-template-functions.php на строке 410

2023-05-13T14:48:40+00:00 CRITICAL Cannot redeclare woovanilla_single_variation() (previously declared in /var/www/html/wp-content/themes/woo-vanilla/inc/woovanilla-template-functions.php:363) в /var/www/html/wp-content/themes/woo-vanilla/inc/woovanilla-template-functions.php на строке 410

2023-05-13T14:49:06+00:00 CRITICAL Cannot redeclare woovanilla_single_variation() (previously declared in /var/www/html/wp-content/themes/woo-vanilla/inc/woovanilla-template-functions.php:363) в /var/www/html/wp-content/themes/woo-vanilla/inc/woovanilla-template-functions.php на строке 410

2023-05-13T14:49:09+00:00 CRITICAL Cannot redeclare woovanilla_single_variation() (previously declared in /var/www/html/wp-content/themes/woo-vanilla/inc/woovanilla-template-functions.php:363) в /var/www/html/wp-content/themes/woo-vanilla/inc/woovanilla-template-functions.php на строке 410

2023-05-13T14:49:27+00:00 CRITICAL Cannot redeclare woovanilla_single_variation() (previously declared in /var/www/html/wp-content/themes/woo-vanilla/inc/woovanilla-template-functions.php:363) в /var/www/html/wp-content/themes/woo-vanilla/inc/woovanilla-template-functions.php на строке 410

2023-05-13T14:49:29+00:00 CRITICAL Cannot redeclare woovanilla_single_variation() (previously declared in /var/www/html/wp-content/themes/woo-vanilla/inc/woovanilla-template-functions.php:363) в /var/www/html/wp-content/themes/woo-vanilla/inc/woovanilla-template-functions.php на строке 410

2023-05-13T20:22:45+00:00 CRITICAL Uncaught Error: Call to a member function get_variation() on string in /var/www/html/wp-content/themes/woo-vanilla/inc/woovanilla-template-functions.php:144
Stack trace:
#0 [internal function]: {closure}('pobolshe-300%e2...')
#1 /var/www/html/wp-content/themes/woo-vanilla/inc/woovanilla-template-functions.php(149): array_filter(Array, Object(Closure))
#2 /var/www/html/wp-content/themes/woo-vanilla/woocommerce/content-product.php(31): woovanilla_template_product_attributes(Array)
#3 /var/www/html/wp-includes/template.php(785): require('/var/www/html/w...')
#4 /var/www/html/wp-content/plugins/woocommerce/includes/wc-core-functions.php(284): load_template('/var/www/html/w...', false)
#5 /var/www/html/wp-content/plugins/woocommerce/templates/single-product/up-sells.php(42): wc_get_template_part('content', 'product')
#6 /var/www/html/wp-content/plugins/woocommerce/includes/wc-core-functions.php(345): include('/var/www/html/w...')
#7 /var/www/html/wp-content/plugins/woocommerce/includes/wc-template-functions.php(2122): wc_get_template('single-product/...', Array)
#8 /var/www/html/wp-includes/class-wp-hook.php(308): woocommerce_upsell_display('')
#9 /var/www/html/wp-includes/class-wp-hook.php(332): WP_Hook->apply_filters('', Array)
#10 /var/www/html/wp-includes/plugin.php(517): WP_Hook->do_action(Array)
#11 /var/www/html/wp-content/themes/woo-vanilla/woocommerce/content-single-product.php(69): do_action('woocommerce_aft...')
#12 /var/www/html/wp-includes/template.php(785): require('/var/www/html/w...')
#13 /var/www/html/wp-content/plugins/woocommerce/includes/wc-core-functions.php(284): load_template('/var/www/html/w...', false)
#14 /var/www/html/wp-content/themes/woo-vanilla/woocommerce/single-product.php(28): wc_get_template_part('content', 'single-product')
#15 /var/www/html/wp-includes/template-loader.php(106): include('/var/www/html/w...')
#16 /var/www/html/wp-blog-header.php(19): require_once('/var/www/html/w...')
#17 /var/www/html/index.php(17): require('/var/www/html/w...')
#18 {main}
  thrown в /var/www/html/wp-content/themes/woo-vanilla/inc/woovanilla-template-functions.php на строке 144

2023-05-13T20:24:32+00:00 CRITICAL Uncaught Error: Call to a member function get_variation() on string in /var/www/html/wp-content/themes/woo-vanilla/inc/woovanilla-template-functions.php:144
Stack trace:
#0 [internal function]: {closure}('pobolshe-300%e2...')
#1 /var/www/html/wp-content/themes/woo-vanilla/inc/woovanilla-template-functions.php(149): array_filter(Array, Object(Closure))
#2 /var/www/html/wp-content/themes/woo-vanilla/woocommerce/content-product.php(31): woovanilla_template_product_attributes(Array)
#3 /var/www/html/wp-includes/template.php(785): require('/var/www/html/w...')
#4 /var/www/html/wp-content/plugins/woocommerce/includes/wc-core-functions.php(284): load_template('/var/www/html/w...', false)
#5 /var/www/html/wp-content/plugins/woocommerce/templates/single-product/up-sells.php(42): wc_get_template_part('content', 'product')
#6 /var/www/html/wp-content/plugins/woocommerce/includes/wc-core-functions.php(345): include('/var/www/html/w...')
#7 /var/www/html/wp-content/plugins/woocommerce/includes/wc-template-functions.php(2122): wc_get_template('single-product/...', Array)
#8 /var/www/html/wp-includes/class-wp-hook.php(308): woocommerce_upsell_display('')
#9 /var/www/html/wp-includes/class-wp-hook.php(332): WP_Hook->apply_filters('', Array)
#10 /var/www/html/wp-includes/plugin.php(517): WP_Hook->do_action(Array)
#11 /var/www/html/wp-content/themes/woo-vanilla/woocommerce/content-single-product.php(69): do_action('woocommerce_aft...')
#12 /var/www/html/wp-includes/template.php(785): require('/var/www/html/w...')
#13 /var/www/html/wp-content/plugins/woocommerce/includes/wc-core-functions.php(284): load_template('/var/www/html/w...', false)
#14 /var/www/html/wp-content/themes/woo-vanilla/woocommerce/single-product.php(28): wc_get_template_part('content', 'single-product')
#15 /var/www/html/wp-includes/template-loader.php(106): include('/var/www/html/w...')
#16 /var/www/html/wp-blog-header.php(19): require_once('/var/www/html/w...')
#17 /var/www/html/index.php(17): require('/var/www/html/w...')
#18 {main}
  thrown в /var/www/html/wp-content/themes/woo-vanilla/inc/woovanilla-template-functions.php на строке 144

2023-05-13T20:26:01+00:00 CRITICAL Uncaught Error: Call to a member function get_variation() on string in /var/www/html/wp-content/themes/woo-vanilla/inc/woovanilla-template-functions.php:144
Stack trace:
#0 [internal function]: {closure}('pobolshe-300%e2...')
#1 /var/www/html/wp-content/themes/woo-vanilla/inc/woovanilla-template-functions.php(149): array_filter(Array, Object(Closure))
#2 /var/www/html/wp-content/themes/woo-vanilla/woocommerce/content-product.php(31): woovanilla_template_product_attributes(Array)
#3 /var/www/html/wp-includes/template.php(785): require('/var/www/html/w...')
#4 /var/www/html/wp-content/plugins/woocommerce/includes/wc-core-functions.php(284): load_template('/var/www/html/w...', false)
#5 /var/www/html/wp-content/plugins/woocommerce/templates/single-product/up-sells.php(42): wc_get_template_part('content', 'product')
#6 /var/www/html/wp-content/plugins/woocommerce/includes/wc-core-functions.php(345): include('/var/www/html/w...')
#7 /var/www/html/wp-content/plugins/woocommerce/includes/wc-template-functions.php(2122): wc_get_template('single-product/...', Array)
#8 /var/www/html/wp-includes/class-wp-hook.php(308): woocommerce_upsell_display('')
#9 /var/www/html/wp-includes/class-wp-hook.php(332): WP_Hook->apply_filters('', Array)
#10 /var/www/html/wp-includes/plugin.php(517): WP_Hook->do_action(Array)
#11 /var/www/html/wp-content/themes/woo-vanilla/woocommerce/content-single-product.php(69): do_action('woocommerce_aft...')
#12 /var/www/html/wp-includes/template.php(785): require('/var/www/html/w...')
#13 /var/www/html/wp-content/plugins/woocommerce/includes/wc-core-functions.php(284): load_template('/var/www/html/w...', false)
#14 /var/www/html/wp-content/themes/woo-vanilla/woocommerce/single-product.php(28): wc_get_template_part('content', 'single-product')
#15 /var/www/html/wp-includes/template-loader.php(106): include('/var/www/html/w...')
#16 /var/www/html/wp-blog-header.php(19): require_once('/var/www/html/w...')
#17 /var/www/html/index.php(17): require('/var/www/html/w...')
#18 {main}
  thrown в /var/www/html/wp-content/themes/woo-vanilla/inc/woovanilla-template-functions.php на строке 144

2023-05-13T20:26:48+00:00 CRITICAL Uncaught Error: Call to a member function get_variation() on string in /var/www/html/wp-content/themes/woo-vanilla/inc/woovanilla-template-functions.php:144
Stack trace:
#0 [internal function]: {closure}('pobolshe-300%e2...')
#1 /var/www/html/wp-content/themes/woo-vanilla/inc/woovanilla-template-functions.php(149): array_filter(Array, Object(Closure))
#2 /var/www/html/wp-content/themes/woo-vanilla/woocommerce/content-product.php(31): woovanilla_template_product_attributes(Array)
#3 /var/www/html/wp-includes/template.php(785): require('/var/www/html/w...')
#4 /var/www/html/wp-content/plugins/woocommerce/includes/wc-core-functions.php(284): load_template('/var/www/html/w...', false)
#5 /var/www/html/wp-content/plugins/woocommerce/templates/single-product/up-sells.php(42): wc_get_template_part('content', 'product')
#6 /var/www/html/wp-content/plugins/woocommerce/includes/wc-core-functions.php(345): include('/var/www/html/w...')
#7 /var/www/html/wp-content/plugins/woocommerce/includes/wc-template-functions.php(2122): wc_get_template('single-product/...', Array)
#8 /var/www/html/wp-includes/class-wp-hook.php(308): woocommerce_upsell_display('')
#9 /var/www/html/wp-includes/class-wp-hook.php(332): WP_Hook->apply_filters('', Array)
#10 /var/www/html/wp-includes/plugin.php(517): WP_Hook->do_action(Array)
#11 /var/www/html/wp-content/themes/woo-vanilla/woocommerce/content-single-product.php(69): do_action('woocommerce_aft...')
#12 /var/www/html/wp-includes/template.php(785): require('/var/www/html/w...')
#13 /var/www/html/wp-content/plugins/woocommerce/includes/wc-core-functions.php(284): load_template('/var/www/html/w...', false)
#14 /var/www/html/wp-content/themes/woo-vanilla/woocommerce/single-product.php(28): wc_get_template_part('content', 'single-product')
#15 /var/www/html/wp-includes/template-loader.php(106): include('/var/www/html/w...')
#16 /var/www/html/wp-blog-header.php(19): require_once('/var/www/html/w...')
#17 /var/www/html/index.php(17): require('/var/www/html/w...')
#18 {main}
  thrown в /var/www/html/wp-content/themes/woo-vanilla/inc/woovanilla-template-functions.php на строке 144

2023-05-13T20:29:00+00:00 CRITICAL Uncaught Error: Call to undefined method WC_Product_Variation::get_available_variations() in /var/www/html/wp-content/themes/woo-vanilla/inc/woovanilla-template-functions.php:175
Stack trace:
#0 /var/www/html/wp-includes/class-wp-hook.php(308): woovanilla_variable_add_to_cart(Array)
#1 /var/www/html/wp-includes/class-wp-hook.php(332): WP_Hook->apply_filters('', Array)
#2 /var/www/html/wp-includes/plugin.php(517): WP_Hook->do_action(Array)
#3 /var/www/html/wp-content/themes/woo-vanilla/woocommerce/content-product.php(107): do_action('woovanilla_shop...', Array)
#4 /var/www/html/wp-includes/template.php(785): require('/var/www/html/w...')
#5 /var/www/html/wp-content/plugins/woocommerce/includes/wc-core-functions.php(284): load_template('/var/www/html/w...', false)
#6 /var/www/html/wp-content/plugins/woocommerce/templates/single-product/up-sells.php(42): wc_get_template_part('content', 'product')
#7 /var/www/html/wp-content/plugins/woocommerce/includes/wc-core-functions.php(345): include('/var/www/html/w...')
#8 /var/www/html/wp-content/plugins/woocommerce/includes/wc-template-functions.php(2122): wc_get_template('single-product/...', Array)
#9 /var/www/html/wp-includes/class-wp-hook.php(308): woocommerce_upsell_display('')
#10 /var/www/html/wp-includes/class-wp-hook.php(332): WP_Hook->apply_filters('', Array)
#11 /var/www/html/wp-includes/plugin.php(517): WP_Hook->do_action(Array)
#12 /var/www/html/wp-content/themes/woo-vanilla/woocommerce/content-single-product.php(69): do_action('woocommerce_aft...')
#13 /var/www/html/wp-includes/template.php(785): require('/var/www/html/w...')
#14 /var/www/html/wp-content/plugins/woocommerce/includes/wc-core-functions.php(284): load_template('/var/www/html/w...', false)
#15 /var/www/html/wp-content/themes/woo-vanilla/woocommerce/single-product.php(28): wc_get_template_part('content', 'single-product')
#16 /var/www/html/wp-includes/template-loader.php(106): include('/var/www/html/w...')
#17 /var/www/html/wp-blog-header.php(19): require_once('/var/www/html/w...')
#18 /var/www/html/index.php(17): require('/var/www/html/w...')
#19 {main}
  thrown в /var/www/html/wp-content/themes/woo-vanilla/inc/woovanilla-template-functions.php на строке 175

2023-05-13T20:29:01+00:00 CRITICAL Uncaught Error: Call to a member function get_variation() on string in /var/www/html/wp-content/themes/woo-vanilla/inc/woovanilla-template-functions.php:144
Stack trace:
#0 [internal function]: {closure}('pobolshe-300%e2...')
#1 /var/www/html/wp-content/themes/woo-vanilla/inc/woovanilla-template-functions.php(149): array_filter(Array, Object(Closure))
#2 /var/www/html/wp-content/themes/woo-vanilla/woocommerce/content-product.php(31): woovanilla_template_product_attributes(Array)
#3 /var/www/html/wp-includes/template.php(785): require('/var/www/html/w...')
#4 /var/www/html/wp-content/plugins/woocommerce/includes/wc-core-functions.php(284): load_template('/var/www/html/w...', false)
#5 /var/www/html/wp-content/plugins/woocommerce/templates/single-product/up-sells.php(42): wc_get_template_part('content', 'product')
#6 /var/www/html/wp-content/plugins/woocommerce/includes/wc-core-functions.php(345): include('/var/www/html/w...')
#7 /var/www/html/wp-content/plugins/woocommerce/includes/wc-template-functions.php(2122): wc_get_template('single-product/...', Array)
#8 /var/www/html/wp-includes/class-wp-hook.php(308): woocommerce_upsell_display('')
#9 /var/www/html/wp-includes/class-wp-hook.php(332): WP_Hook->apply_filters('', Array)
#10 /var/www/html/wp-includes/plugin.php(517): WP_Hook->do_action(Array)
#11 /var/www/html/wp-content/themes/woo-vanilla/woocommerce/content-single-product.php(69): do_action('woocommerce_aft...')
#12 /var/www/html/wp-includes/template.php(785): require('/var/www/html/w...')
#13 /var/www/html/wp-content/plugins/woocommerce/includes/wc-core-functions.php(284): load_template('/var/www/html/w...', false)
#14 /var/www/html/wp-content/themes/woo-vanilla/woocommerce/single-product.php(28): wc_get_template_part('content', 'single-product')
#15 /var/www/html/wp-includes/template-loader.php(106): include('/var/www/html/w...')
#16 /var/www/html/wp-blog-header.php(19): require_once('/var/www/html/w...')
#17 /var/www/html/index.php(17): require('/var/www/html/w...')
#18 {main}
  thrown в /var/www/html/wp-content/themes/woo-vanilla/inc/woovanilla-template-functions.php на строке 144

