2023-04-02T19:41:12+00:00 CRITICAL Uncaught TypeError: Unsupported operand types: string / string in /var/www/html/wp-content/themes/woo-vanilla/views/public/components/products/product-slider.php:5
Stack trace:
#0 /var/www/html/wp-includes/template.php(785): require()
#1 /var/www/html/wp-includes/template.php(718): load_template('/var/www/html/w...', false, Array)
#2 /var/www/html/wp-includes/general-template.php(204): locate_template(Array, true, false, Array)
#3 /var/www/html/wp-content/themes/woo-vanilla/views/public/components/sliders/products-slider.php(20): get_template_part('views/public/co...', '', Array)
#4 /var/www/html/wp-includes/template.php(785): require('/var/www/html/w...')
#5 /var/www/html/wp-includes/template.php(718): load_template('/var/www/html/w...', false, Array)
#6 /var/www/html/wp-includes/general-template.php(204): locate_template(Array, true, false, Array)
#7 /var/www/html/wp-content/themes/woo-vanilla/page.php(47): get_template_part('views/public/co...', 'novetly', Array)
#8 /var/www/html/wp-includes/template-loader.php(106): include('/var/www/html/w...')
#9 /var/www/html/wp-blog-header.php(19): require_once('/var/www/html/w...')
#10 /var/www/html/index.php(17): require('/var/www/html/w...')
#11 {main}
  thrown в /var/www/html/wp-content/themes/woo-vanilla/views/public/components/products/product-slider.php на строке 5

2023-04-02T19:42:09+00:00 CRITICAL Uncaught DivisionByZeroError: Division by zero in /var/www/html/wp-content/themes/woo-vanilla/views/public/components/products/product-slider.php:5
Stack trace:
#0 /var/www/html/wp-includes/template.php(785): require()
#1 /var/www/html/wp-includes/template.php(718): load_template('/var/www/html/w...', false, Array)
#2 /var/www/html/wp-includes/general-template.php(204): locate_template(Array, true, false, Array)
#3 /var/www/html/wp-content/themes/woo-vanilla/views/public/components/sliders/products-slider.php(20): get_template_part('views/public/co...', '', Array)
#4 /var/www/html/wp-includes/template.php(785): require('/var/www/html/w...')
#5 /var/www/html/wp-includes/template.php(718): load_template('/var/www/html/w...', false, Array)
#6 /var/www/html/wp-includes/general-template.php(204): locate_template(Array, true, false, Array)
#7 /var/www/html/wp-content/themes/woo-vanilla/page.php(47): get_template_part('views/public/co...', 'novetly', Array)
#8 /var/www/html/wp-includes/template-loader.php(106): include('/var/www/html/w...')
#9 /var/www/html/wp-blog-header.php(19): require_once('/var/www/html/w...')
#10 /var/www/html/index.php(17): require('/var/www/html/w...')
#11 {main}
  thrown в /var/www/html/wp-content/themes/woo-vanilla/views/public/components/products/product-slider.php на строке 5

2023-04-02T19:45:25+00:00 CRITICAL Uncaught DivisionByZeroError: Division by zero in /var/www/html/wp-content/themes/woo-vanilla/views/public/components/products/product-slider.php:5
Stack trace:
#0 /var/www/html/wp-includes/template.php(785): require()
#1 /var/www/html/wp-includes/template.php(718): load_template('/var/www/html/w...', false, Array)
#2 /var/www/html/wp-includes/general-template.php(204): locate_template(Array, true, false, Array)
#3 /var/www/html/wp-content/themes/woo-vanilla/views/public/components/sliders/products-slider.php(20): get_template_part('views/public/co...', '', Array)
#4 /var/www/html/wp-includes/template.php(785): require('/var/www/html/w...')
#5 /var/www/html/wp-includes/template.php(718): load_template('/var/www/html/w...', false, Array)
#6 /var/www/html/wp-includes/general-template.php(204): locate_template(Array, true, false, Array)
#7 /var/www/html/wp-content/themes/woo-vanilla/page.php(47): get_template_part('views/public/co...', 'novetly', Array)
#8 /var/www/html/wp-includes/template-loader.php(106): include('/var/www/html/w...')
#9 /var/www/html/wp-blog-header.php(19): require_once('/var/www/html/w...')
#10 /var/www/html/index.php(17): require('/var/www/html/w...')
#11 {main}
  thrown в /var/www/html/wp-content/themes/woo-vanilla/views/public/components/products/product-slider.php на строке 5

2023-04-02T20:36:35+00:00 CRITICAL syntax error, unexpected token "}" в /var/www/html/wp-content/themes/woo-vanilla/views/public/components/products/product-slider.php на строке 8

2023-04-02T20:38:50+00:00 CRITICAL Uncaught Error: Call to a member function get_sale_price() on array in /var/www/html/wp-content/themes/woo-vanilla/views/public/components/products/product-slider.php:11
Stack trace:
#0 /var/www/html/wp-includes/template.php(785): require()
#1 /var/www/html/wp-includes/template.php(718): load_template('/var/www/html/w...', false, Array)
#2 /var/www/html/wp-includes/general-template.php(204): locate_template(Array, true, false, Array)
#3 /var/www/html/wp-content/themes/woo-vanilla/views/public/components/sliders/products-slider.php(20): get_template_part('views/public/co...', '', Array)
#4 /var/www/html/wp-includes/template.php(785): require('/var/www/html/w...')
#5 /var/www/html/wp-includes/template.php(718): load_template('/var/www/html/w...', false, Array)
#6 /var/www/html/wp-includes/general-template.php(204): locate_template(Array, true, false, Array)
#7 /var/www/html/wp-content/themes/woo-vanilla/page.php(47): get_template_part('views/public/co...', 'novetly', Array)
#8 /var/www/html/wp-includes/template-loader.php(106): include('/var/www/html/w...')
#9 /var/www/html/wp-blog-header.php(19): require_once('/var/www/html/w...')
#10 /var/www/html/index.php(17): require('/var/www/html/w...')
#11 {main}
  thrown в /var/www/html/wp-content/themes/woo-vanilla/views/public/components/products/product-slider.php на строке 11

2023-04-02T20:38:50+00:00 CRITICAL Uncaught Error: Call to a member function get_sale_price() on array in /var/www/html/wp-content/themes/woo-vanilla/views/public/components/products/product-slider.php:11
Stack trace:
#0 /var/www/html/wp-includes/template.php(785): require()
#1 /var/www/html/wp-includes/template.php(718): load_template('/var/www/html/w...', false, Array)
#2 /var/www/html/wp-includes/general-template.php(204): locate_template(Array, true, false, Array)
#3 /var/www/html/wp-content/themes/woo-vanilla/views/public/components/sliders/products-slider.php(20): get_template_part('views/public/co...', '', Array)
#4 /var/www/html/wp-includes/template.php(785): require('/var/www/html/w...')
#5 /var/www/html/wp-includes/template.php(718): load_template('/var/www/html/w...', false, Array)
#6 /var/www/html/wp-includes/general-template.php(204): locate_template(Array, true, false, Array)
#7 /var/www/html/wp-content/themes/woo-vanilla/page.php(47): get_template_part('views/public/co...', 'novetly', Array)
#8 /var/www/html/wp-includes/template-loader.php(106): include('/var/www/html/w...')
#9 /var/www/html/wp-blog-header.php(19): require_once('/var/www/html/w...')
#10 /var/www/html/index.php(17): require('/var/www/html/w...')
#11 {main}
  thrown в /var/www/html/wp-content/themes/woo-vanilla/views/public/components/products/product-slider.php на строке 11

2023-04-02T20:38:51+00:00 CRITICAL Uncaught Error: Call to a member function get_sale_price() on array in /var/www/html/wp-content/themes/woo-vanilla/views/public/components/products/product-slider.php:11
Stack trace:
#0 /var/www/html/wp-includes/template.php(785): require()
#1 /var/www/html/wp-includes/template.php(718): load_template('/var/www/html/w...', false, Array)
#2 /var/www/html/wp-includes/general-template.php(204): locate_template(Array, true, false, Array)
#3 /var/www/html/wp-content/themes/woo-vanilla/views/public/components/sliders/products-slider.php(20): get_template_part('views/public/co...', '', Array)
#4 /var/www/html/wp-includes/template.php(785): require('/var/www/html/w...')
#5 /var/www/html/wp-includes/template.php(718): load_template('/var/www/html/w...', false, Array)
#6 /var/www/html/wp-includes/general-template.php(204): locate_template(Array, true, false, Array)
#7 /var/www/html/wp-content/themes/woo-vanilla/page.php(47): get_template_part('views/public/co...', 'novetly', Array)
#8 /var/www/html/wp-includes/template-loader.php(106): include('/var/www/html/w...')
#9 /var/www/html/wp-blog-header.php(19): require_once('/var/www/html/w...')
#10 /var/www/html/index.php(17): require('/var/www/html/w...')
#11 {main}
  thrown в /var/www/html/wp-content/themes/woo-vanilla/views/public/components/products/product-slider.php на строке 11

2023-04-02T20:42:03+00:00 CRITICAL Uncaught Error: Call to a member function get_sale_price() on array in /var/www/html/wp-content/themes/woo-vanilla/views/public/components/products/product-slider.php:11
Stack trace:
#0 /var/www/html/wp-includes/template.php(785): require()
#1 /var/www/html/wp-includes/template.php(718): load_template('/var/www/html/w...', false, Array)
#2 /var/www/html/wp-includes/general-template.php(204): locate_template(Array, true, false, Array)
#3 /var/www/html/wp-content/themes/woo-vanilla/views/public/components/sliders/products-slider.php(20): get_template_part('views/public/co...', '', Array)
#4 /var/www/html/wp-includes/template.php(785): require('/var/www/html/w...')
#5 /var/www/html/wp-includes/template.php(718): load_template('/var/www/html/w...', false, Array)
#6 /var/www/html/wp-includes/general-template.php(204): locate_template(Array, true, false, Array)
#7 /var/www/html/wp-content/themes/woo-vanilla/page.php(47): get_template_part('views/public/co...', 'novetly', Array)
#8 /var/www/html/wp-includes/template-loader.php(106): include('/var/www/html/w...')
#9 /var/www/html/wp-blog-header.php(19): require_once('/var/www/html/w...')
#10 /var/www/html/index.php(17): require('/var/www/html/w...')
#11 {main}
  thrown в /var/www/html/wp-content/themes/woo-vanilla/views/public/components/products/product-slider.php на строке 11

2023-04-02T20:42:19+00:00 CRITICAL Uncaught Error: Call to a member function get_sale_price() on array in /var/www/html/wp-content/themes/woo-vanilla/views/public/components/products/product-slider.php:10
Stack trace:
#0 /var/www/html/wp-includes/template.php(785): require()
#1 /var/www/html/wp-includes/template.php(718): load_template('/var/www/html/w...', false, Array)
#2 /var/www/html/wp-includes/general-template.php(204): locate_template(Array, true, false, Array)
#3 /var/www/html/wp-content/themes/woo-vanilla/views/public/components/sliders/products-slider.php(20): get_template_part('views/public/co...', '', Array)
#4 /var/www/html/wp-includes/template.php(785): require('/var/www/html/w...')
#5 /var/www/html/wp-includes/template.php(718): load_template('/var/www/html/w...', false, Array)
#6 /var/www/html/wp-includes/general-template.php(204): locate_template(Array, true, false, Array)
#7 /var/www/html/wp-content/themes/woo-vanilla/page.php(47): get_template_part('views/public/co...', 'novetly', Array)
#8 /var/www/html/wp-includes/template-loader.php(106): include('/var/www/html/w...')
#9 /var/www/html/wp-blog-header.php(19): require_once('/var/www/html/w...')
#10 /var/www/html/index.php(17): require('/var/www/html/w...')
#11 {main}
  thrown в /var/www/html/wp-content/themes/woo-vanilla/views/public/components/products/product-slider.php на строке 10

2023-04-02T20:44:40+00:00 CRITICAL Uncaught Error: Call to a member function get_sale_price() on array in /var/www/html/wp-content/themes/woo-vanilla/views/public/components/products/product-slider.php:10
Stack trace:
#0 /var/www/html/wp-includes/template.php(785): require()
#1 /var/www/html/wp-includes/template.php(718): load_template('/var/www/html/w...', false, Array)
#2 /var/www/html/wp-includes/general-template.php(204): locate_template(Array, true, false, Array)
#3 /var/www/html/wp-content/themes/woo-vanilla/views/public/components/sliders/products-slider.php(20): get_template_part('views/public/co...', '', Array)
#4 /var/www/html/wp-includes/template.php(785): require('/var/www/html/w...')
#5 /var/www/html/wp-includes/template.php(718): load_template('/var/www/html/w...', false, Array)
#6 /var/www/html/wp-includes/general-template.php(204): locate_template(Array, true, false, Array)
#7 /var/www/html/wp-content/themes/woo-vanilla/page.php(47): get_template_part('views/public/co...', 'novetly', Array)
#8 /var/www/html/wp-includes/template-loader.php(106): include('/var/www/html/w...')
#9 /var/www/html/wp-blog-header.php(19): require_once('/var/www/html/w...')
#10 /var/www/html/index.php(17): require('/var/www/html/w...')
#11 {main}
  thrown в /var/www/html/wp-content/themes/woo-vanilla/views/public/components/products/product-slider.php на строке 10

2023-04-02T20:57:01+00:00 CRITICAL Uncaught Error: Call to a member function get_sale_price() on array in /var/www/html/wp-content/themes/woo-vanilla/views/public/components/products/product-slider.php:12
Stack trace:
#0 /var/www/html/wp-includes/template.php(785): require()
#1 /var/www/html/wp-includes/template.php(718): load_template('/var/www/html/w...', false, Array)
#2 /var/www/html/wp-includes/general-template.php(204): locate_template(Array, true, false, Array)
#3 /var/www/html/wp-content/themes/woo-vanilla/views/public/components/sliders/products-slider.php(20): get_template_part('views/public/co...', '', Array)
#4 /var/www/html/wp-includes/template.php(785): require('/var/www/html/w...')
#5 /var/www/html/wp-includes/template.php(718): load_template('/var/www/html/w...', false, Array)
#6 /var/www/html/wp-includes/general-template.php(204): locate_template(Array, true, false, Array)
#7 /var/www/html/wp-content/themes/woo-vanilla/page.php(47): get_template_part('views/public/co...', 'novetly', Array)
#8 /var/www/html/wp-includes/template-loader.php(106): include('/var/www/html/w...')
#9 /var/www/html/wp-blog-header.php(19): require_once('/var/www/html/w...')
#10 /var/www/html/index.php(17): require('/var/www/html/w...')
#11 {main}
  thrown в /var/www/html/wp-content/themes/woo-vanilla/views/public/components/products/product-slider.php на строке 12

2023-04-02T21:02:33+00:00 CRITICAL syntax error, unexpected token "}" в /var/www/html/wp-content/themes/woo-vanilla/views/public/components/products/product-slider.php на строке 10

