2023-04-07T11:05:57+00:00 CRITICAL Uncaught Error: Failed opening required '/var/www/html/wp-content/plugins/woovanilla/includeswc-shortcodes-wv.php' (include_path='.:/usr/local/lib/php') in /var/www/html/wp-content/plugins/woovanilla/woovanilla.php:44
Stack trace:
#0 /var/www/html/wp-includes/class-wp-hook.php(308): WooVanilla::autoloader('WooVanillaWC_Sh...')
#1 /var/www/html/wp-includes/class-wp-hook.php(332): WP_Hook->apply_filters(NULL, Array)
#2 /var/www/html/wp-includes/plugin.php(517): WP_Hook->do_action(Array)
#3 /var/www/html/wp-settings.php(623): do_action('init')
#4 /var/www/html/wp-config.php(175): require_once('/var/www/html/w...')
#5 /var/www/html/wp-load.php(50): require_once('/var/www/html/w...')
#6 /var/www/html/wp-blog-header.php(13): require_once('/var/www/html/w...')
#7 /var/www/html/index.php(17): require('/var/www/html/w...')
#8 {main}

Next TypeError: call_user_func_array(): Argument #1 ($callback) must be a valid callback, class "WooVanillaWC_Shortcodes_WV" not found in /var/www/html/wp-includes/class-wp-hook.php:308
Stack trace:
#0 /var/www/html/wp-includes/class-wp-hook.php(332): WP_Hook->apply_filters(NULL, Array)
#1 /var/www/html/wp-includes/plugin.php(517): WP_Hook->do_action(Array)
#2 /var/www/html/wp-settings.php(623): do_action('init')
#3 /var/www/html/wp-config.php(175): require_once('/var/www/html/w...')
#4 /var/www/html/wp-load.php(50): require_once('/var/www/html/w...')
#5 /var/www/html/wp-blog-header.php(13): require_once('/var/www/html/w...')
#6 /var/www/html/index.php(17): require('/var/www/html/w...')
#7 {main}
  thrown в /var/www/html/wp-includes/class-wp-hook.php на строке 308

2023-04-07T11:06:05+00:00 CRITICAL Uncaught Error: Failed opening required '/var/www/html/wp-content/plugins/woovanilla/includeswc-shortcodes-wv.php' (include_path='.:/usr/local/lib/php') in /var/www/html/wp-content/plugins/woovanilla/woovanilla.php:44
Stack trace:
#0 /var/www/html/wp-includes/class-wp-hook.php(308): WooVanilla::autoloader('WooVanillaWC_Sh...')
#1 /var/www/html/wp-includes/class-wp-hook.php(332): WP_Hook->apply_filters(NULL, Array)
#2 /var/www/html/wp-includes/plugin.php(517): WP_Hook->do_action(Array)
#3 /var/www/html/wp-settings.php(623): do_action('init')
#4 /var/www/html/wp-config.php(175): require_once('/var/www/html/w...')
#5 /var/www/html/wp-load.php(50): require_once('/var/www/html/w...')
#6 /var/www/html/wp-blog-header.php(13): require_once('/var/www/html/w...')
#7 /var/www/html/index.php(17): require('/var/www/html/w...')
#8 {main}

Next TypeError: call_user_func_array(): Argument #1 ($callback) must be a valid callback, class "WooVanillaWC_Shortcodes_WV" not found in /var/www/html/wp-includes/class-wp-hook.php:308
Stack trace:
#0 /var/www/html/wp-includes/class-wp-hook.php(332): WP_Hook->apply_filters(NULL, Array)
#1 /var/www/html/wp-includes/plugin.php(517): WP_Hook->do_action(Array)
#2 /var/www/html/wp-settings.php(623): do_action('init')
#3 /var/www/html/wp-config.php(175): require_once('/var/www/html/w...')
#4 /var/www/html/wp-load.php(50): require_once('/var/www/html/w...')
#5 /var/www/html/wp-blog-header.php(13): require_once('/var/www/html/w...')
#6 /var/www/html/index.php(17): require('/var/www/html/w...')
#7 {main}
  thrown в /var/www/html/wp-includes/class-wp-hook.php на строке 308

