2023-05-04T09:19:44+00:00 CRITICAL Uncaught TypeError: count(): Argument #1 ($value) must be of type Countable|array, null given in /var/www/html/wp-content/themes/woo-vanilla/woocommerce/wv-offcanvases/wv-offcanvas-header-top.php:10
Stack trace:
#0 /var/www/html/wp-content/plugins/woocommerce/includes/wc-core-functions.php(345): include()
#1 /var/www/html/wp-content/themes/woo-vanilla/woocommerce/wv-offcanvases/wv-offcanvases.php(14): wc_get_template('wv-offcanvases/...')
#2 /var/www/html/wp-content/plugins/woocommerce/includes/wc-core-functions.php(345): include('/var/www/html/w...')
#3 /var/www/html/wp-content/themes/woo-vanilla/footer.php(60): wc_get_template('wv-offcanvases/...')
#4 /var/www/html/wp-includes/template.php(783): require_once('/var/www/html/w...')
#5 /var/www/html/wp-includes/template.php(718): load_template('/var/www/html/w...', true, Array)
#6 /var/www/html/wp-includes/general-template.php(92): locate_template(Array, true, true, Array)
#7 /var/www/html/wp-content/themes/woo-vanilla/template-homepage.php(24): get_footer()
#8 /var/www/html/wp-includes/template-loader.php(106): include('/var/www/html/w...')
#9 /var/www/html/wp-blog-header.php(19): require_once('/var/www/html/w...')
#10 /var/www/html/index.php(17): require('/var/www/html/w...')
#11 {main}
  thrown в /var/www/html/wp-content/themes/woo-vanilla/woocommerce/wv-offcanvases/wv-offcanvas-header-top.php на строке 10

2023-05-04T09:35:59+00:00 CRITICAL Uncaught TypeError: count(): Argument #1 ($value) must be of type Countable|array, null given in /var/www/html/wp-content/themes/woo-vanilla/woocommerce/wv-offcanvases/wv-offcanvas-header-top.php:10
Stack trace:
#0 /var/www/html/wp-content/plugins/woocommerce/includes/wc-core-functions.php(345): include()
#1 /var/www/html/wp-content/themes/woo-vanilla/woocommerce/wv-offcanvases/wv-offcanvases.php(14): wc_get_template('wv-offcanvases/...')
#2 /var/www/html/wp-content/plugins/woocommerce/includes/wc-core-functions.php(345): include('/var/www/html/w...')
#3 /var/www/html/wp-content/themes/woo-vanilla/footer.php(60): wc_get_template('wv-offcanvases/...')
#4 /var/www/html/wp-includes/template.php(783): require_once('/var/www/html/w...')
#5 /var/www/html/wp-includes/template.php(718): load_template('/var/www/html/w...', true, Array)
#6 /var/www/html/wp-includes/general-template.php(92): locate_template(Array, true, true, Array)
#7 /var/www/html/wp-content/themes/woo-vanilla/template-homepage.php(24): get_footer()
#8 /var/www/html/wp-includes/template-loader.php(106): include('/var/www/html/w...')
#9 /var/www/html/wp-blog-header.php(19): require_once('/var/www/html/w...')
#10 /var/www/html/index.php(17): require('/var/www/html/w...')
#11 {main}
  thrown в /var/www/html/wp-content/themes/woo-vanilla/woocommerce/wv-offcanvases/wv-offcanvas-header-top.php на строке 10

2023-05-04T09:51:50+00:00 CRITICAL Uncaught TypeError: count(): Argument #1 ($value) must be of type Countable|array, null given in /var/www/html/wp-content/themes/woo-vanilla/woocommerce/wv-offcanvases/wv-offcanvas-header-top.php:10
Stack trace:
#0 /var/www/html/wp-content/plugins/woocommerce/includes/wc-core-functions.php(345): include()
#1 /var/www/html/wp-content/themes/woo-vanilla/woocommerce/wv-offcanvases/wv-offcanvases.php(14): wc_get_template('wv-offcanvases/...')
#2 /var/www/html/wp-content/plugins/woocommerce/includes/wc-core-functions.php(345): include('/var/www/html/w...')
#3 /var/www/html/wp-content/themes/woo-vanilla/footer.php(60): wc_get_template('wv-offcanvases/...')
#4 /var/www/html/wp-includes/template.php(783): require_once('/var/www/html/w...')
#5 /var/www/html/wp-includes/template.php(718): load_template('/var/www/html/w...', true, Array)
#6 /var/www/html/wp-includes/general-template.php(92): locate_template(Array, true, true, Array)
#7 /var/www/html/wp-content/themes/woo-vanilla/template-homepage.php(24): get_footer()
#8 /var/www/html/wp-includes/template-loader.php(106): include('/var/www/html/w...')
#9 /var/www/html/wp-blog-header.php(19): require_once('/var/www/html/w...')
#10 /var/www/html/index.php(17): require('/var/www/html/w...')
#11 {main}
  thrown в /var/www/html/wp-content/themes/woo-vanilla/woocommerce/wv-offcanvases/wv-offcanvas-header-top.php на строке 10

2023-05-04T09:52:15+00:00 CRITICAL Uncaught TypeError: count(): Argument #1 ($value) must be of type Countable|array, null given in /var/www/html/wp-content/themes/woo-vanilla/woocommerce/wv-offcanvases/wv-offcanvas-header-top.php:10
Stack trace:
#0 /var/www/html/wp-content/plugins/woocommerce/includes/wc-core-functions.php(345): include()
#1 /var/www/html/wp-content/themes/woo-vanilla/woocommerce/wv-offcanvases/wv-offcanvases.php(14): wc_get_template('wv-offcanvases/...')
#2 /var/www/html/wp-content/plugins/woocommerce/includes/wc-core-functions.php(345): include('/var/www/html/w...')
#3 /var/www/html/wp-content/themes/woo-vanilla/footer.php(60): wc_get_template('wv-offcanvases/...')
#4 /var/www/html/wp-includes/template.php(783): require_once('/var/www/html/w...')
#5 /var/www/html/wp-includes/template.php(718): load_template('/var/www/html/w...', true, Array)
#6 /var/www/html/wp-includes/general-template.php(92): locate_template(Array, true, true, Array)
#7 /var/www/html/wp-content/themes/woo-vanilla/template-homepage.php(24): get_footer()
#8 /var/www/html/wp-includes/template-loader.php(106): include('/var/www/html/w...')
#9 /var/www/html/wp-blog-header.php(19): require_once('/var/www/html/w...')
#10 /var/www/html/index.php(17): require('/var/www/html/w...')
#11 {main}
  thrown в /var/www/html/wp-content/themes/woo-vanilla/woocommerce/wv-offcanvases/wv-offcanvas-header-top.php на строке 10

2023-05-04T09:58:52+00:00 CRITICAL syntax error, unexpected token "function" в /var/www/html/wp-content/themes/woo-vanilla/inc/woovanilla-template-functions.php на строке 16

2023-05-04T09:58:56+00:00 CRITICAL syntax error, unexpected token "function" в /var/www/html/wp-content/themes/woo-vanilla/inc/woovanilla-template-functions.php на строке 16

2023-05-04T10:03:20+00:00 CRITICAL syntax error, unexpected token "function" в /var/www/html/wp-content/themes/woo-vanilla/inc/woovanilla-template-functions.php на строке 16

2023-05-04T10:03:22+00:00 CRITICAL syntax error, unexpected token "function" в /var/www/html/wp-content/themes/woo-vanilla/inc/woovanilla-template-functions.php на строке 16

2023-05-04T11:17:01+00:00 CRITICAL Uncaught Error: Class "WooVanilla\Core\Walker_Dropdown" not found in /var/www/html/wp-content/themes/woo-vanilla/views/public/components/header/header-menu-catalog-mobile.php:23
Stack trace:
#0 /var/www/html/wp-includes/template.php(785): require()
#1 /var/www/html/wp-includes/template.php(718): load_template('/var/www/html/w...', false, Array)
#2 /var/www/html/wp-includes/general-template.php(204): locate_template(Array, true, false, Array)
#3 /var/www/html/wp-content/themes/woo-vanilla/woocommerce/wv-offcanvases/wv-offcanvases.php(12): get_template_part('views/public/co...')
#4 /var/www/html/wp-content/plugins/woocommerce/includes/wc-core-functions.php(345): include('/var/www/html/w...')
#5 /var/www/html/wp-content/themes/woo-vanilla/footer.php(60): wc_get_template('wv-offcanvases/...')
#6 /var/www/html/wp-includes/template.php(783): require_once('/var/www/html/w...')
#7 /var/www/html/wp-includes/template.php(718): load_template('/var/www/html/w...', true, Array)
#8 /var/www/html/wp-includes/general-template.php(92): locate_template(Array, true, true, Array)
#9 /var/www/html/wp-content/themes/woo-vanilla/template-homepage.php(24): get_footer()
#10 /var/www/html/wp-includes/template-loader.php(106): include('/var/www/html/w...')
#11 /var/www/html/wp-blog-header.php(19): require_once('/var/www/html/w...')
#12 /var/www/html/index.php(17): require('/var/www/html/w...')
#13 {main}
  thrown в /var/www/html/wp-content/themes/woo-vanilla/views/public/components/header/header-menu-catalog-mobile.php на строке 23

2023-05-04T11:26:43+00:00 CRITICAL Uncaught Error: Class "WooVanilla\Core\Walker_Dropdown" not found in /var/www/html/wp-content/themes/woo-vanilla/views/public/components/header/header-menu-catalog-mobile.php:23
Stack trace:
#0 /var/www/html/wp-includes/template.php(785): require()
#1 /var/www/html/wp-includes/template.php(718): load_template('/var/www/html/w...', false, Array)
#2 /var/www/html/wp-includes/general-template.php(204): locate_template(Array, true, false, Array)
#3 /var/www/html/wp-content/themes/woo-vanilla/woocommerce/wv-offcanvases/wv-offcanvases.php(12): get_template_part('views/public/co...')
#4 /var/www/html/wp-content/plugins/woocommerce/includes/wc-core-functions.php(345): include('/var/www/html/w...')
#5 /var/www/html/wp-content/themes/woo-vanilla/footer.php(60): wc_get_template('wv-offcanvases/...')
#6 /var/www/html/wp-includes/template.php(783): require_once('/var/www/html/w...')
#7 /var/www/html/wp-includes/template.php(718): load_template('/var/www/html/w...', true, Array)
#8 /var/www/html/wp-includes/general-template.php(92): locate_template(Array, true, true, Array)
#9 /var/www/html/wp-content/themes/woo-vanilla/template-homepage.php(24): get_footer()
#10 /var/www/html/wp-includes/template-loader.php(106): include('/var/www/html/w...')
#11 /var/www/html/wp-blog-header.php(19): require_once('/var/www/html/w...')
#12 /var/www/html/index.php(17): require('/var/www/html/w...')
#13 {main}
  thrown в /var/www/html/wp-content/themes/woo-vanilla/views/public/components/header/header-menu-catalog-mobile.php на строке 23

2023-05-04T11:31:28+00:00 CRITICAL Uncaught Error: Class "WooVanilla\Core\Walker_Dropdown" not found in /var/www/html/wp-content/themes/woo-vanilla/views/public/components/header/header-menu-catalog-mobile.php:23
Stack trace:
#0 /var/www/html/wp-includes/template.php(785): require()
#1 /var/www/html/wp-includes/template.php(718): load_template('/var/www/html/w...', false, Array)
#2 /var/www/html/wp-includes/general-template.php(204): locate_template(Array, true, false, Array)
#3 /var/www/html/wp-content/themes/woo-vanilla/woocommerce/wv-offcanvases/wv-offcanvases.php(12): get_template_part('views/public/co...')
#4 /var/www/html/wp-content/plugins/woocommerce/includes/wc-core-functions.php(345): include('/var/www/html/w...')
#5 /var/www/html/wp-content/themes/woo-vanilla/footer.php(60): wc_get_template('wv-offcanvases/...')
#6 /var/www/html/wp-includes/template.php(783): require_once('/var/www/html/w...')
#7 /var/www/html/wp-includes/template.php(718): load_template('/var/www/html/w...', true, Array)
#8 /var/www/html/wp-includes/general-template.php(92): locate_template(Array, true, true, Array)
#9 /var/www/html/wp-content/themes/woo-vanilla/template-homepage.php(24): get_footer()
#10 /var/www/html/wp-includes/template-loader.php(106): include('/var/www/html/w...')
#11 /var/www/html/wp-blog-header.php(19): require_once('/var/www/html/w...')
#12 /var/www/html/index.php(17): require('/var/www/html/w...')
#13 {main}
  thrown в /var/www/html/wp-content/themes/woo-vanilla/views/public/components/header/header-menu-catalog-mobile.php на строке 23

