2023-03-20T10:42:18+00:00 CRITICAL Uncaught Error: Cannot use object of type WP_Post as array in /var/www/html/wp-content/themes/woo-vanilla/views/public/components/header/header-nav-menu.php:31
Stack trace:
#0 /var/www/html/wp-includes/template.php(785): require()
#1 /var/www/html/wp-includes/template.php(718): load_template('/var/www/html/w...', false, Array)
#2 /var/www/html/wp-includes/general-template.php(204): locate_template(Array, true, false, Array)
#3 /var/www/html/wp-content/themes/woo-vanilla/header.php(42): get_template_part('views/public/co...')
#4 /var/www/html/wp-includes/template.php(783): require_once('/var/www/html/w...')
#5 /var/www/html/wp-includes/template.php(718): load_template('/var/www/html/w...', true, Array)
#6 /var/www/html/wp-includes/general-template.php(48): locate_template(Array, true, true, Array)
#7 /var/www/html/wp-content/themes/woo-vanilla/page.php(15): get_header()
#8 /var/www/html/wp-includes/template-loader.php(106): include('/var/www/html/w...')
#9 /var/www/html/wp-blog-header.php(19): require_once('/var/www/html/w...')
#10 /var/www/html/index.php(17): require('/var/www/html/w...')
#11 {main}
  thrown в /var/www/html/wp-content/themes/woo-vanilla/views/public/components/header/header-nav-menu.php на строке 31

2023-03-20T10:44:19+00:00 CRITICAL Uncaught Error: Cannot use object of type WP_Post as array in /var/www/html/wp-content/themes/woo-vanilla/views/public/components/header/header-nav-menu.php:31
Stack trace:
#0 /var/www/html/wp-includes/template.php(785): require()
#1 /var/www/html/wp-includes/template.php(718): load_template('/var/www/html/w...', false, Array)
#2 /var/www/html/wp-includes/general-template.php(204): locate_template(Array, true, false, Array)
#3 /var/www/html/wp-content/themes/woo-vanilla/header.php(42): get_template_part('views/public/co...')
#4 /var/www/html/wp-includes/template.php(783): require_once('/var/www/html/w...')
#5 /var/www/html/wp-includes/template.php(718): load_template('/var/www/html/w...', true, Array)
#6 /var/www/html/wp-includes/general-template.php(48): locate_template(Array, true, true, Array)
#7 /var/www/html/wp-content/themes/woo-vanilla/page.php(15): get_header()
#8 /var/www/html/wp-includes/template-loader.php(106): include('/var/www/html/w...')
#9 /var/www/html/wp-blog-header.php(19): require_once('/var/www/html/w...')
#10 /var/www/html/index.php(17): require('/var/www/html/w...')
#11 {main}
  thrown в /var/www/html/wp-content/themes/woo-vanilla/views/public/components/header/header-nav-menu.php на строке 31

2023-03-20T10:46:52+00:00 CRITICAL Uncaught Error: Cannot use object of type WP_Post as array in /var/www/html/wp-content/themes/woo-vanilla/views/public/components/header/header-nav-menu.php:31
Stack trace:
#0 /var/www/html/wp-includes/template.php(785): require()
#1 /var/www/html/wp-includes/template.php(718): load_template('/var/www/html/w...', false, Array)
#2 /var/www/html/wp-includes/general-template.php(204): locate_template(Array, true, false, Array)
#3 /var/www/html/wp-content/themes/woo-vanilla/header.php(42): get_template_part('views/public/co...')
#4 /var/www/html/wp-includes/template.php(783): require_once('/var/www/html/w...')
#5 /var/www/html/wp-includes/template.php(718): load_template('/var/www/html/w...', true, Array)
#6 /var/www/html/wp-includes/general-template.php(48): locate_template(Array, true, true, Array)
#7 /var/www/html/wp-content/themes/woo-vanilla/page.php(15): get_header()
#8 /var/www/html/wp-includes/template-loader.php(106): include('/var/www/html/w...')
#9 /var/www/html/wp-blog-header.php(19): require_once('/var/www/html/w...')
#10 /var/www/html/index.php(17): require('/var/www/html/w...')
#11 {main}
  thrown в /var/www/html/wp-content/themes/woo-vanilla/views/public/components/header/header-nav-menu.php на строке 31

2023-03-20T10:48:16+00:00 CRITICAL Uncaught Error: Cannot use object of type WP_Post as array in /var/www/html/wp-content/themes/woo-vanilla/views/public/components/header/header-nav-menu.php:31
Stack trace:
#0 /var/www/html/wp-includes/template.php(785): require()
#1 /var/www/html/wp-includes/template.php(718): load_template('/var/www/html/w...', false, Array)
#2 /var/www/html/wp-includes/general-template.php(204): locate_template(Array, true, false, Array)
#3 /var/www/html/wp-content/themes/woo-vanilla/header.php(42): get_template_part('views/public/co...')
#4 /var/www/html/wp-includes/template.php(783): require_once('/var/www/html/w...')
#5 /var/www/html/wp-includes/template.php(718): load_template('/var/www/html/w...', true, Array)
#6 /var/www/html/wp-includes/general-template.php(48): locate_template(Array, true, true, Array)
#7 /var/www/html/wp-content/themes/woo-vanilla/page.php(15): get_header()
#8 /var/www/html/wp-includes/template-loader.php(106): include('/var/www/html/w...')
#9 /var/www/html/wp-blog-header.php(19): require_once('/var/www/html/w...')
#10 /var/www/html/index.php(17): require('/var/www/html/w...')
#11 {main}
  thrown в /var/www/html/wp-content/themes/woo-vanilla/views/public/components/header/header-nav-menu.php на строке 31

2023-03-20T10:56:14+00:00 CRITICAL Uncaught Error: Cannot use object of type WP_Post as array in /var/www/html/wp-content/themes/woo-vanilla/views/public/components/header/header-nav-menu.php:31
Stack trace:
#0 /var/www/html/wp-includes/template.php(785): require()
#1 /var/www/html/wp-includes/template.php(718): load_template('/var/www/html/w...', false, Array)
#2 /var/www/html/wp-includes/general-template.php(204): locate_template(Array, true, false, Array)
#3 /var/www/html/wp-content/themes/woo-vanilla/header.php(42): get_template_part('views/public/co...')
#4 /var/www/html/wp-includes/template.php(783): require_once('/var/www/html/w...')
#5 /var/www/html/wp-includes/template.php(718): load_template('/var/www/html/w...', true, Array)
#6 /var/www/html/wp-includes/general-template.php(48): locate_template(Array, true, true, Array)
#7 /var/www/html/wp-content/themes/woo-vanilla/page.php(15): get_header()
#8 /var/www/html/wp-includes/template-loader.php(106): include('/var/www/html/w...')
#9 /var/www/html/wp-blog-header.php(19): require_once('/var/www/html/w...')
#10 /var/www/html/index.php(17): require('/var/www/html/w...')
#11 {main}
  thrown в /var/www/html/wp-content/themes/woo-vanilla/views/public/components/header/header-nav-menu.php на строке 31

2023-03-20T10:56:25+00:00 CRITICAL Uncaught Error: Cannot use object of type WP_Post as array in /var/www/html/wp-content/themes/woo-vanilla/views/public/components/header/header-nav-menu.php:31
Stack trace:
#0 /var/www/html/wp-includes/template.php(785): require()
#1 /var/www/html/wp-includes/template.php(718): load_template('/var/www/html/w...', false, Array)
#2 /var/www/html/wp-includes/general-template.php(204): locate_template(Array, true, false, Array)
#3 /var/www/html/wp-content/themes/woo-vanilla/header.php(42): get_template_part('views/public/co...')
#4 /var/www/html/wp-includes/template.php(783): require_once('/var/www/html/w...')
#5 /var/www/html/wp-includes/template.php(718): load_template('/var/www/html/w...', true, Array)
#6 /var/www/html/wp-includes/general-template.php(48): locate_template(Array, true, true, Array)
#7 /var/www/html/wp-content/themes/woo-vanilla/page.php(15): get_header()
#8 /var/www/html/wp-includes/template-loader.php(106): include('/var/www/html/w...')
#9 /var/www/html/wp-blog-header.php(19): require_once('/var/www/html/w...')
#10 /var/www/html/index.php(17): require('/var/www/html/w...')
#11 {main}
  thrown в /var/www/html/wp-content/themes/woo-vanilla/views/public/components/header/header-nav-menu.php на строке 31

2023-03-20T10:56:42+00:00 CRITICAL syntax error, unexpected single-quoted string "" в /var/www/html/wp-content/themes/woo-vanilla/functions.php на строке 15

2023-03-20T10:56:43+00:00 CRITICAL syntax error, unexpected single-quoted string "" в /var/www/html/wp-content/themes/woo-vanilla/functions.php на строке 15

2023-03-20T10:56:49+00:00 CRITICAL syntax error, unexpected single-quoted string "" в /var/www/html/wp-content/themes/woo-vanilla/functions.php на строке 15

2023-03-20T10:56:50+00:00 CRITICAL syntax error, unexpected single-quoted string "" в /var/www/html/wp-content/themes/woo-vanilla/functions.php на строке 15

2023-03-20T10:57:16+00:00 CRITICAL Uncaught Error: Cannot use object of type WP_Post as array in /var/www/html/wp-content/themes/woo-vanilla/views/public/components/header/header-nav-menu.php:31
Stack trace:
#0 /var/www/html/wp-includes/template.php(785): require()
#1 /var/www/html/wp-includes/template.php(718): load_template('/var/www/html/w...', false, Array)
#2 /var/www/html/wp-includes/general-template.php(204): locate_template(Array, true, false, Array)
#3 /var/www/html/wp-content/themes/woo-vanilla/header.php(42): get_template_part('views/public/co...')
#4 /var/www/html/wp-includes/template.php(783): require_once('/var/www/html/w...')
#5 /var/www/html/wp-includes/template.php(718): load_template('/var/www/html/w...', true, Array)
#6 /var/www/html/wp-includes/general-template.php(48): locate_template(Array, true, true, Array)
#7 /var/www/html/wp-content/themes/woo-vanilla/page.php(15): get_header()
#8 /var/www/html/wp-includes/template-loader.php(106): include('/var/www/html/w...')
#9 /var/www/html/wp-blog-header.php(19): require_once('/var/www/html/w...')
#10 /var/www/html/index.php(17): require('/var/www/html/w...')
#11 {main}
  thrown в /var/www/html/wp-content/themes/woo-vanilla/views/public/components/header/header-nav-menu.php на строке 31

