2023-05-05T11:36:49+00:00 CRITICAL Uncaught TypeError: array_search(): Argument #2 ($haystack) must be of type array, string given in /var/www/html/wp-content/themes/woo-vanilla/inc/woovanilla-template-functions.php:134
Stack trace:
#0 /var/www/html/wp-content/themes/woo-vanilla/inc/woovanilla-template-functions.php(134): array_search('pa_czvet', '')
#1 [internal function]: {closure}(Object(WC_Product_Attribute))
#2 /var/www/html/wp-content/themes/woo-vanilla/inc/woovanilla-template-functions.php(137): array_filter(Array, Object(Closure))
#3 /var/www/html/wp-includes/class-wp-hook.php(308): woovanilla_template_product_attributes('')
#4 /var/www/html/wp-includes/class-wp-hook.php(332): WP_Hook->apply_filters(NULL, Array)
#5 /var/www/html/wp-includes/plugin.php(517): WP_Hook->do_action(Array)
#6 /var/www/html/wp-content/themes/woo-vanilla/woocommerce/content-single-product.php(48): do_action('woocommerce_sin...')
#7 /var/www/html/wp-includes/template.php(785): require('/var/www/html/w...')
#8 /var/www/html/wp-content/plugins/woocommerce/includes/wc-core-functions.php(284): load_template('/var/www/html/w...', false)
#9 /var/www/html/wp-content/themes/woo-vanilla/woocommerce/single-product.php(28): wc_get_template_part('content', 'single-product')
#10 /var/www/html/wp-includes/template-loader.php(106): include('/var/www/html/w...')
#11 /var/www/html/wp-blog-header.php(19): require_once('/var/www/html/w...')
#12 /var/www/html/index.php(17): require('/var/www/html/w...')
#13 {main}
  thrown в /var/www/html/wp-content/themes/woo-vanilla/inc/woovanilla-template-functions.php на строке 134

2023-05-05T12:53:41+00:00 CRITICAL Uncaught TypeError: array_search(): Argument #2 ($haystack) must be of type array, string given in /var/www/html/wp-content/themes/woo-vanilla/inc/woovanilla-template-functions.php:134
Stack trace:
#0 /var/www/html/wp-content/themes/woo-vanilla/inc/woovanilla-template-functions.php(134): array_search('pa_czvet', '')
#1 [internal function]: {closure}(Object(WC_Product_Attribute))
#2 /var/www/html/wp-content/themes/woo-vanilla/inc/woovanilla-template-functions.php(137): array_filter(Array, Object(Closure))
#3 /var/www/html/wp-includes/class-wp-hook.php(308): woovanilla_template_product_attributes('')
#4 /var/www/html/wp-includes/class-wp-hook.php(332): WP_Hook->apply_filters(NULL, Array)
#5 /var/www/html/wp-includes/plugin.php(517): WP_Hook->do_action(Array)
#6 /var/www/html/wp-content/themes/woo-vanilla/woocommerce/content-single-product.php(48): do_action('woocommerce_sin...')
#7 /var/www/html/wp-includes/template.php(785): require('/var/www/html/w...')
#8 /var/www/html/wp-content/plugins/woocommerce/includes/wc-core-functions.php(284): load_template('/var/www/html/w...', false)
#9 /var/www/html/wp-content/themes/woo-vanilla/woocommerce/single-product.php(28): wc_get_template_part('content', 'single-product')
#10 /var/www/html/wp-includes/template-loader.php(106): include('/var/www/html/w...')
#11 /var/www/html/wp-blog-header.php(19): require_once('/var/www/html/w...')
#12 /var/www/html/index.php(17): require('/var/www/html/w...')
#13 {main}
  thrown в /var/www/html/wp-content/themes/woo-vanilla/inc/woovanilla-template-functions.php на строке 134

2023-05-05T12:58:06+00:00 CRITICAL Uncaught TypeError: array_search(): Argument #2 ($haystack) must be of type array, string given in /var/www/html/wp-content/themes/woo-vanilla/inc/woovanilla-template-functions.php:134
Stack trace:
#0 /var/www/html/wp-content/themes/woo-vanilla/inc/woovanilla-template-functions.php(134): array_search('pa_czvet', '')
#1 [internal function]: {closure}(Object(WC_Product_Attribute))
#2 /var/www/html/wp-content/themes/woo-vanilla/inc/woovanilla-template-functions.php(137): array_filter(Array, Object(Closure))
#3 /var/www/html/wp-includes/class-wp-hook.php(308): woovanilla_template_product_attributes('')
#4 /var/www/html/wp-includes/class-wp-hook.php(332): WP_Hook->apply_filters(NULL, Array)
#5 /var/www/html/wp-includes/plugin.php(517): WP_Hook->do_action(Array)
#6 /var/www/html/wp-content/themes/woo-vanilla/woocommerce/content-single-product.php(48): do_action('woocommerce_sin...')
#7 /var/www/html/wp-includes/template.php(785): require('/var/www/html/w...')
#8 /var/www/html/wp-content/plugins/woocommerce/includes/wc-core-functions.php(284): load_template('/var/www/html/w...', false)
#9 /var/www/html/wp-content/themes/woo-vanilla/woocommerce/single-product.php(28): wc_get_template_part('content', 'single-product')
#10 /var/www/html/wp-includes/template-loader.php(106): include('/var/www/html/w...')
#11 /var/www/html/wp-blog-header.php(19): require_once('/var/www/html/w...')
#12 /var/www/html/index.php(17): require('/var/www/html/w...')
#13 {main}
  thrown в /var/www/html/wp-content/themes/woo-vanilla/inc/woovanilla-template-functions.php на строке 134

2023-05-05T12:58:09+00:00 CRITICAL Uncaught TypeError: array_search(): Argument #2 ($haystack) must be of type array, string given in /var/www/html/wp-content/themes/woo-vanilla/inc/woovanilla-template-functions.php:134
Stack trace:
#0 /var/www/html/wp-content/themes/woo-vanilla/inc/woovanilla-template-functions.php(134): array_search('pa_czvet', '')
#1 [internal function]: {closure}(Object(WC_Product_Attribute))
#2 /var/www/html/wp-content/themes/woo-vanilla/inc/woovanilla-template-functions.php(137): array_filter(Array, Object(Closure))
#3 /var/www/html/wp-includes/class-wp-hook.php(308): woovanilla_template_product_attributes('')
#4 /var/www/html/wp-includes/class-wp-hook.php(332): WP_Hook->apply_filters(NULL, Array)
#5 /var/www/html/wp-includes/plugin.php(517): WP_Hook->do_action(Array)
#6 /var/www/html/wp-content/themes/woo-vanilla/woocommerce/content-single-product.php(48): do_action('woocommerce_sin...')
#7 /var/www/html/wp-includes/template.php(785): require('/var/www/html/w...')
#8 /var/www/html/wp-content/plugins/woocommerce/includes/wc-core-functions.php(284): load_template('/var/www/html/w...', false)
#9 /var/www/html/wp-content/themes/woo-vanilla/woocommerce/single-product.php(28): wc_get_template_part('content', 'single-product')
#10 /var/www/html/wp-includes/template-loader.php(106): include('/var/www/html/w...')
#11 /var/www/html/wp-blog-header.php(19): require_once('/var/www/html/w...')
#12 /var/www/html/index.php(17): require('/var/www/html/w...')
#13 {main}
  thrown в /var/www/html/wp-content/themes/woo-vanilla/inc/woovanilla-template-functions.php на строке 134

