2023-04-17T09:48:15+00:00 CRITICAL Uncaught Error: Call to a member function get_regular_price() on null in /var/www/html/wp-content/themes/woo-vanilla/woocommerce/loop/price.php:24
Stack trace:
#0 /var/www/html/wp-content/plugins/woocommerce/includes/wc-core-functions.php(345): include()
#1 /var/www/html/wp-content/plugins/woocommerce/includes/wc-template-functions.php(1396): wc_get_template('loop/price.php')
#2 /var/www/html/wp-includes/class-wp-hook.php(308): woocommerce_template_loop_price('')
#3 /var/www/html/wp-includes/class-wp-hook.php(332): WP_Hook->apply_filters('', Array)
#4 /var/www/html/wp-includes/plugin.php(517): WP_Hook->do_action(Array)
#5 /var/www/html/wp-content/themes/woo-vanilla/woocommerce/loop/add-to-cart/variable.php(49): do_action('woocommerce_aft...')
#6 /var/www/html/wp-content/plugins/woocommerce/includes/wc-core-functions.php(345): include('/var/www/html/w...')
#7 /var/www/html/wp-content/themes/woo-vanilla/inc/woovanilla-template-functions.php(236): wc_get_template('loop/add-to-car...', Array)
#8 /var/www/html/wp-includes/class-wp-hook.php(308): woocommerce_variable_add_to_cart('')
#9 /var/www/html/wp-includes/class-wp-hook.php(332): WP_Hook->apply_filters('', Array)
#10 /var/www/html/wp-includes/plugin.php(517): WP_Hook->do_action(Array)
#11 /var/www/html/wp-content/themes/woo-vanilla/woocommerce/content-product.php(102): do_action('woovanilla_shop...')
#12 /var/www/html/wp-content/plugins/woocommerce/includes/wc-core-functions.php(345): include('/var/www/html/w...')
#13 /var/www/html/wp-content/themes/woo-vanilla/inc/woovanilla-functions.php(17): wc_get_template('content-product...', Array, '', '/var/www/html/w...')
#14 /var/www/html/wp-content/plugins/woovanilla-expander/includes/shortcodes/class-wve-shortcode-products-slider.php(85): wc_get_template('content-product...', Array)
#15 /var/www/html/wp-content/plugins/woocommerce/includes/shortcodes/class-wc-shortcode-products.php(107): WooVanilla_Expander\Shortcodes\WVE_Shortcode_Products_Slider->product_loop()
#16 /var/www/html/wp-content/plugins/woovanilla-expander/includes/class-wve-shortcodes.php(60): WC_Shortcode_Products->get_content()
#17 /var/www/html/wp-content/themes/woo-vanilla/inc/woovanilla-functions.php(34): WooVanilla_Expander\WVE_Shortcodes::products_slider(Array, NULL, 'products_slider')
#18 /var/www/html/wp-content/themes/woo-vanilla/inc/woovanilla-template-functions.php(78): woovanilla_do_shortcode('products_slider', Array)
#19 /var/www/html/wp-includes/class-wp-hook.php(308): woovanilla_recent_products(Array)
#20 /var/www/html/wp-includes/class-wp-hook.php(332): WP_Hook->apply_filters('', Array)
#21 /var/www/html/wp-includes/plugin.php(517): WP_Hook->do_action(Array)
#22 /var/www/html/wp-content/themes/woo-vanilla/template-homepage.php(14): do_action('homepage')
#23 /var/www/html/wp-includes/template-loader.php(106): include('/var/www/html/w...')
#24 /var/www/html/wp-blog-header.php(19): require_once('/var/www/html/w...')
#25 /var/www/html/index.php(17): require('/var/www/html/w...')
#26 {main}
  thrown в /var/www/html/wp-content/themes/woo-vanilla/woocommerce/loop/price.php на строке 24

2023-04-17T10:14:31+00:00 CRITICAL Uncaught TypeError: wv_get_variation(): Return value must be of type WC_Product_Variable|array, WC_Product_Variation returned in /var/www/html/wp-content/themes/woo-vanilla/inc/woovanilla-template-functions.php:253
Stack trace:
#0 /var/www/html/wp-content/themes/woo-vanilla/woocommerce/content-product.php(26): wv_get_variation(true)
#1 /var/www/html/wp-content/plugins/woocommerce/includes/wc-core-functions.php(345): include('/var/www/html/w...')
#2 /var/www/html/wp-content/themes/woo-vanilla/inc/woovanilla-functions.php(17): wc_get_template('content-product...', Array, '', '/var/www/html/w...')
#3 /var/www/html/wp-content/plugins/woovanilla-expander/includes/shortcodes/class-wve-shortcode-products-slider.php(85): wc_get_template('content-product...', Array)
#4 /var/www/html/wp-content/plugins/woocommerce/includes/shortcodes/class-wc-shortcode-products.php(107): WooVanilla_Expander\Shortcodes\WVE_Shortcode_Products_Slider->product_loop()
#5 /var/www/html/wp-content/plugins/woovanilla-expander/includes/class-wve-shortcodes.php(60): WC_Shortcode_Products->get_content()
#6 /var/www/html/wp-content/themes/woo-vanilla/inc/woovanilla-functions.php(34): WooVanilla_Expander\WVE_Shortcodes::products_slider(Array, NULL, 'products_slider')
#7 /var/www/html/wp-content/themes/woo-vanilla/inc/woovanilla-template-functions.php(78): woovanilla_do_shortcode('products_slider', Array)
#8 /var/www/html/wp-includes/class-wp-hook.php(308): woovanilla_recent_products(Array)
#9 /var/www/html/wp-includes/class-wp-hook.php(332): WP_Hook->apply_filters('', Array)
#10 /var/www/html/wp-includes/plugin.php(517): WP_Hook->do_action(Array)
#11 /var/www/html/wp-content/themes/woo-vanilla/template-homepage.php(14): do_action('homepage')
#12 /var/www/html/wp-includes/template-loader.php(106): include('/var/www/html/w...')
#13 /var/www/html/wp-blog-header.php(19): require_once('/var/www/html/w...')
#14 /var/www/html/index.php(17): require('/var/www/html/w...')
#15 {main}
  thrown в /var/www/html/wp-content/themes/woo-vanilla/inc/woovanilla-template-functions.php на строке 253

2023-04-17T10:53:28+00:00 CRITICAL Uncaught TypeError: Cannot access offset of type string on string in /var/www/html/wp-content/themes/woo-vanilla/inc/woovanilla-template-functions.php:237
Stack trace:
#0 /var/www/html/wp-includes/class-wp-hook.php(308): woocommerce_variable_add_to_cart('')
#1 /var/www/html/wp-includes/class-wp-hook.php(332): WP_Hook->apply_filters('', Array)
#2 /var/www/html/wp-includes/plugin.php(517): WP_Hook->do_action(Array)
#3 /var/www/html/wp-content/plugins/woocommerce/includes/wc-template-functions.php(1694): do_action('woocommerce_var...')
#4 /var/www/html/wp-includes/class-wp-hook.php(308): woocommerce_template_single_add_to_cart('')
#5 /var/www/html/wp-includes/class-wp-hook.php(332): WP_Hook->apply_filters(NULL, Array)
#6 /var/www/html/wp-includes/plugin.php(517): WP_Hook->do_action(Array)
#7 /var/www/html/wp-content/themes/woo-vanilla/woocommerce/content-single-product.php(50): do_action('woocommerce_sin...')
#8 /var/www/html/wp-includes/template.php(785): require('/var/www/html/w...')
#9 /var/www/html/wp-content/plugins/woocommerce/includes/wc-core-functions.php(284): load_template('/var/www/html/w...', false)
#10 /var/www/html/wp-content/themes/woo-vanilla/woocommerce/single-product.php(28): wc_get_template_part('content', 'single-product')
#11 /var/www/html/wp-includes/template-loader.php(106): include('/var/www/html/w...')
#12 /var/www/html/wp-blog-header.php(19): require_once('/var/www/html/w...')
#13 /var/www/html/index.php(17): require('/var/www/html/w...')
#14 {main}
  thrown в /var/www/html/wp-content/themes/woo-vanilla/inc/woovanilla-template-functions.php на строке 237

2023-04-17T10:53:47+00:00 CRITICAL Uncaught TypeError: Cannot access offset of type string on string in /var/www/html/wp-content/themes/woo-vanilla/inc/woovanilla-template-functions.php:237
Stack trace:
#0 /var/www/html/wp-includes/class-wp-hook.php(308): woocommerce_variable_add_to_cart('')
#1 /var/www/html/wp-includes/class-wp-hook.php(332): WP_Hook->apply_filters('', Array)
#2 /var/www/html/wp-includes/plugin.php(517): WP_Hook->do_action(Array)
#3 /var/www/html/wp-content/plugins/woocommerce/includes/wc-template-functions.php(1694): do_action('woocommerce_var...')
#4 /var/www/html/wp-includes/class-wp-hook.php(308): woocommerce_template_single_add_to_cart('')
#5 /var/www/html/wp-includes/class-wp-hook.php(332): WP_Hook->apply_filters(NULL, Array)
#6 /var/www/html/wp-includes/plugin.php(517): WP_Hook->do_action(Array)
#7 /var/www/html/wp-content/themes/woo-vanilla/woocommerce/content-single-product.php(50): do_action('woocommerce_sin...')
#8 /var/www/html/wp-includes/template.php(785): require('/var/www/html/w...')
#9 /var/www/html/wp-content/plugins/woocommerce/includes/wc-core-functions.php(284): load_template('/var/www/html/w...', false)
#10 /var/www/html/wp-content/themes/woo-vanilla/woocommerce/single-product.php(28): wc_get_template_part('content', 'single-product')
#11 /var/www/html/wp-includes/template-loader.php(106): include('/var/www/html/w...')
#12 /var/www/html/wp-blog-header.php(19): require_once('/var/www/html/w...')
#13 /var/www/html/index.php(17): require('/var/www/html/w...')
#14 {main}
  thrown в /var/www/html/wp-content/themes/woo-vanilla/inc/woovanilla-template-functions.php на строке 237

2023-04-17T21:09:03+00:00 CRITICAL Uncaught Error: Call to undefined function wv_radio_variation_attribute_options() in /var/www/html/wp-content/themes/woo-vanilla/woocommerce/loop/add-to-cart/variable.php:28
Stack trace:
#0 /var/www/html/wp-content/plugins/woocommerce/includes/wc-core-functions.php(345): include()
#1 /var/www/html/wp-content/themes/woo-vanilla/inc/woovanilla-template-functions.php(236): wc_get_template('loop/add-to-car...', Array)
#2 /var/www/html/wp-includes/class-wp-hook.php(308): woocommerce_variable_add_to_cart(Array)
#3 /var/www/html/wp-includes/class-wp-hook.php(332): WP_Hook->apply_filters('', Array)
#4 /var/www/html/wp-includes/plugin.php(517): WP_Hook->do_action(Array)
#5 /var/www/html/wp-content/themes/woo-vanilla/woocommerce/content-product.php(103): do_action('woovanilla_shop...', Array)
#6 /var/www/html/wp-content/plugins/woocommerce/includes/wc-core-functions.php(345): include('/var/www/html/w...')
#7 /var/www/html/wp-content/themes/woo-vanilla/inc/woovanilla-functions.php(17): wc_get_template('content-product...', Array, '', '/var/www/html/w...')
#8 /var/www/html/wp-content/plugins/woovanilla-expander/includes/shortcodes/class-wve-shortcode-products-slider.php(85): wc_get_template('content-product...', Array)
#9 /var/www/html/wp-content/plugins/woocommerce/includes/shortcodes/class-wc-shortcode-products.php(107): WooVanilla_Expander\Shortcodes\WVE_Shortcode_Products_Slider->product_loop()
#10 /var/www/html/wp-content/plugins/woovanilla-expander/includes/class-wve-shortcodes.php(60): WC_Shortcode_Products->get_content()
#11 /var/www/html/wp-content/themes/woo-vanilla/inc/woovanilla-functions.php(34): WooVanilla_Expander\WVE_Shortcodes::products_slider(Array, NULL, 'products_slider')
#12 /var/www/html/wp-content/themes/woo-vanilla/inc/woovanilla-template-functions.php(78): woovanilla_do_shortcode('products_slider', Array)
#13 /var/www/html/wp-includes/class-wp-hook.php(308): woovanilla_recent_products(Array)
#14 /var/www/html/wp-includes/class-wp-hook.php(332): WP_Hook->apply_filters('', Array)
#15 /var/www/html/wp-includes/plugin.php(517): WP_Hook->do_action(Array)
#16 /var/www/html/wp-content/themes/woo-vanilla/template-homepage.php(14): do_action('homepage')
#17 /var/www/html/wp-includes/template-loader.php(106): include('/var/www/html/w...')
#18 /var/www/html/wp-blog-header.php(19): require_once('/var/www/html/w...')
#19 /var/www/html/index.php(17): require('/var/www/html/w...')
#20 {main}
  thrown в /var/www/html/wp-content/themes/woo-vanilla/woocommerce/loop/add-to-cart/variable.php на строке 28

